[2024-12-27 08:43:18,154][erp_ar.py:29] >> --------------------------------------------------
[2024-12-27 08:43:18,154][erp_ar.py:30] >> --------------------------------------------------
[2024-12-27 08:43:18,154][erp_ar.py:31] >> --------------------------------------------------
[2024-12-27 08:43:18,154][erp_ar.py:32] >> ERP AR 발행 시작
[2024-12-27 08:43:18,154][erp_ar.py:76] >> 설치된 사용자 정보 확인
[2024-12-27 08:43:18,253][erp_ar.py:90] >> user     = 강이슬
[2024-12-27 08:43:18,253][erp_ar.py:91] >> account  = iskang@hist.co.kr
[2024-12-27 08:43:18,253][erp_ar.py:92] >> password = Hist7288!
[2024-12-27 08:43:24,789][erp_ar.py:106] >> ERP 페이지 이동 완료
[2024-12-27 08:43:24,840][erp_ar.py:111] >> displayOK : True
[2024-12-27 08:43:31,382][erp_ar.py:119] >> 로그인 완료
[2024-12-27 08:43:31,383][erp_ar.py:120] >> iskang@hist.co.kr : Hist7288!
[2024-12-27 08:43:31,383][erp_ar.py:128] >> AR Transaction 이동
[2024-12-27 08:43:43,460][erp_ar.py:135] >> 햄버거 버튼 클릭 완료
[2024-12-27 08:43:45,533][erp_ar.py:141] >> Receivables 메뉴 클릭 완료
[2024-12-27 08:43:47,602][erp_ar.py:147] >> Billing 클릭 완료
[2024-12-27 08:43:47,614][erp_ar.py:353] >> ##################################################
[2024-12-27 08:43:47,614][erp_ar.py:354] >> ##################################################
[2024-12-27 08:43:47,614][erp_ar.py:355] >> 발행할 AR 갯수 : 4개, 2번째 row, 0번째 배열
[2024-12-27 08:43:47,614][erp_ar.py:357] >> General Information
[2024-12-27 08:43:47,614][erp_ar.py:358] >> BusinessUnit      : HX_BU
[2024-12-27 08:43:47,614][erp_ar.py:359] >> TransactionSource : HX_MANUAL
[2024-12-27 08:43:47,614][erp_ar.py:360] >> TransactionType   : 영업매출
[2024-12-27 08:43:47,614][erp_ar.py:361] >> TransactionDate   : 2024-12-17
[2024-12-27 08:43:47,614][erp_ar.py:362] >> AccountingDate    : 2024-12-17
[2024-12-27 08:43:47,614][erp_ar.py:363] >> TransactionNumber : ART241217이수임0901
[2024-12-27 08:43:47,614][erp_ar.py:364] >> BillToName        : 한국공항
[2024-12-27 08:43:47,614][erp_ar.py:365] >> PaymentTerms      : 30 Net
[2024-12-27 08:43:47,614][erp_ar.py:366] >> StructuredPaymentReference: 12월 한국공항 정보시스템 서비스료 청구
[2024-12-27 08:43:47,614][erp_ar.py:367] >> TaxProofType(세무증빙유형) : 10(세금계산서[전자])
[2024-12-27 08:43:47,615][erp_ar.py:368] >> BusinessNumber    : 0000
[2024-12-27 08:43:47,615][erp_ar.py:369] >> ReverseIssue      : N
[2024-12-27 08:43:47,615][erp_ar.py:370] >> Email             : iskang@hist.co.kr
[2024-12-27 08:43:47,615][erp_ar.py:375] >> ##################################################
[2024-12-27 08:43:47,615][erp_ar.py:378] >> Invoice Details : 1번째
[2024-12-27 08:43:47,615][erp_ar.py:379] >> MemoLine        : 그룹웨어 수익
[2024-12-27 08:43:47,615][erp_ar.py:380] >> Description     : 12월 한국공항 정보시스템 서비스료 청구
[2024-12-27 08:43:47,615][erp_ar.py:381] >> Quantity        : 1
[2024-12-27 08:43:47,615][erp_ar.py:382] >> UnitPrice       : 1650000
[2024-12-27 08:43:47,615][erp_ar.py:383] >> TaxClassification : HX_매출과세
[2024-12-27 08:43:47,615][erp_ar.py:384] >> TBC             : Sales Transaction
[2024-12-27 08:43:47,615][erp_ar.py:385] >> CostCenter      : SELSLUG
[2024-12-27 08:43:47,615][erp_ar.py:386] >> Account         : 414113
[2024-12-27 08:43:47,615][erp_ar.py:387] >> Project         : V220011
[2024-12-27 08:43:47,615][erp_ar.py:375] >> ##################################################
[2024-12-27 08:43:47,615][erp_ar.py:378] >> Invoice Details : 2번째
[2024-12-27 08:43:47,615][erp_ar.py:379] >> MemoLine        : On_Demand 수익
[2024-12-27 08:43:47,615][erp_ar.py:380] >> Description     : 12월 한국공항 정보시스템 서비스료 청구
[2024-12-27 08:43:47,615][erp_ar.py:381] >> Quantity        : 1
[2024-12-27 08:43:47,615][erp_ar.py:382] >> UnitPrice       : 9620000
[2024-12-27 08:43:47,616][erp_ar.py:383] >> TaxClassification : HX_매출과세
[2024-12-27 08:43:47,616][erp_ar.py:384] >> TBC             : Sales Transaction
[2024-12-27 08:43:47,616][erp_ar.py:385] >> CostCenter      : SELSCIS
[2024-12-27 08:43:47,616][erp_ar.py:386] >> Account         : 414112
[2024-12-27 08:43:47,616][erp_ar.py:387] >> Project         : V090036
[2024-12-27 08:43:47,616][erp_ar.py:375] >> ##################################################
[2024-12-27 08:43:47,616][erp_ar.py:378] >> Invoice Details : 3번째
[2024-12-27 08:43:47,616][erp_ar.py:379] >> MemoLine        : NW운영
[2024-12-27 08:43:47,616][erp_ar.py:380] >> Description     : 12월 한국공항 정보시스템 서비스료 청구
[2024-12-27 08:43:47,616][erp_ar.py:381] >> Quantity        : 1
[2024-12-27 08:43:47,616][erp_ar.py:382] >> UnitPrice       : 20577500
[2024-12-27 08:43:47,616][erp_ar.py:383] >> TaxClassification : HX_매출과세
[2024-12-27 08:43:47,616][erp_ar.py:384] >> TBC             : Sales Transaction
[2024-12-27 08:43:47,616][erp_ar.py:385] >> CostCenter      : SELSLIN
[2024-12-27 08:43:47,616][erp_ar.py:386] >> Account         : 413121
[2024-12-27 08:43:47,616][erp_ar.py:387] >> Project         : V090031
[2024-12-27 08:43:47,616][erp_ar.py:375] >> ##################################################
[2024-12-27 08:43:47,616][erp_ar.py:378] >> Invoice Details : 4번째
[2024-12-27 08:43:47,616][erp_ar.py:379] >> MemoLine        : 시스템 유지보수
[2024-12-27 08:43:47,616][erp_ar.py:380] >> Description     : 12월 한국공항 정보시스템 서비스료 청구
[2024-12-27 08:43:47,616][erp_ar.py:381] >> Quantity        : 1
[2024-12-27 08:43:47,616][erp_ar.py:382] >> UnitPrice       : 428000
[2024-12-27 08:43:47,617][erp_ar.py:383] >> TaxClassification : HX_매출과세
[2024-12-27 08:43:47,617][erp_ar.py:384] >> TBC             : Sales Transaction
[2024-12-27 08:43:47,617][erp_ar.py:385] >> CostCenter      : SELSLIN
[2024-12-27 08:43:47,617][erp_ar.py:386] >> Account         : 413111
[2024-12-27 08:43:47,617][erp_ar.py:387] >> Project         : V090032
[2024-12-27 08:43:47,617][erp_ar.py:375] >> ##################################################
[2024-12-27 08:43:47,617][erp_ar.py:378] >> Invoice Details : 5번째
[2024-12-27 08:43:47,617][erp_ar.py:379] >> MemoLine        : DTS/DTO 수익
[2024-12-27 08:43:47,617][erp_ar.py:380] >> Description     : 12월 한국공항 정보시스템 서비스료 청구
[2024-12-27 08:43:47,617][erp_ar.py:381] >> Quantity        : 1
[2024-12-27 08:43:47,617][erp_ar.py:382] >> UnitPrice       : 19245500
[2024-12-27 08:43:47,617][erp_ar.py:383] >> TaxClassification : HX_매출과세
[2024-12-27 08:43:47,617][erp_ar.py:384] >> TBC             : Sales Transaction
[2024-12-27 08:43:47,617][erp_ar.py:385] >> CostCenter      : SELSLIN
[2024-12-27 08:43:47,617][erp_ar.py:386] >> Account         : 414114
[2024-12-27 08:43:47,617][erp_ar.py:387] >> Project         : V080032
[2024-12-27 08:43:47,617][erp_ar.py:353] >> ##################################################
[2024-12-27 08:43:47,617][erp_ar.py:354] >> ##################################################
[2024-12-27 08:43:47,617][erp_ar.py:355] >> 발행할 AR 갯수 : 4개, 3번째 row, 1번째 배열
[2024-12-27 08:43:47,617][erp_ar.py:357] >> General Information
[2024-12-27 08:43:47,617][erp_ar.py:358] >> BusinessUnit      : HX_BU
[2024-12-27 08:43:47,617][erp_ar.py:359] >> TransactionSource : HX_MANUAL
[2024-12-27 08:43:47,617][erp_ar.py:360] >> TransactionType   : 영업매출
[2024-12-27 08:43:47,618][erp_ar.py:361] >> TransactionDate   : 2024-12-18
[2024-12-27 08:43:47,618][erp_ar.py:362] >> AccountingDate    : 2024-12-18
[2024-12-27 08:43:47,618][erp_ar.py:363] >> TransactionNumber : ART241217이수임0902
[2024-12-27 08:43:47,618][erp_ar.py:364] >> BillToName        : 대한항공
[2024-12-27 08:43:47,618][erp_ar.py:365] >> PaymentTerms      : 30 Net
[2024-12-27 08:43:47,618][erp_ar.py:366] >> StructuredPaymentReference: 12월 대한항공 AMS 서비스 도급대금(홈페이지)
[2024-12-27 08:43:47,618][erp_ar.py:367] >> TaxProofType(세무증빙유형) : 10(세금계산서[전자])
[2024-12-27 08:43:47,618][erp_ar.py:368] >> BusinessNumber    : 0000
[2024-12-27 08:43:47,618][erp_ar.py:369] >> ReverseIssue      : Y
[2024-12-27 08:43:47,618][erp_ar.py:370] >> Email             : iskang@hist.co.kr
[2024-12-27 08:43:47,618][erp_ar.py:375] >> ##################################################
[2024-12-27 08:43:47,618][erp_ar.py:378] >> Invoice Details : 1번째
[2024-12-27 08:43:47,618][erp_ar.py:379] >> MemoLine        : SM 수익
[2024-12-27 08:43:47,618][erp_ar.py:380] >> Description     : 12월 대한항공 AMS 서비스 도급대금(홈페이지)
[2024-12-27 08:43:47,618][erp_ar.py:381] >> Quantity        : 1
[2024-12-27 08:43:47,618][erp_ar.py:382] >> UnitPrice       : 257803457
[2024-12-27 08:43:47,618][erp_ar.py:383] >> TaxClassification : HX_매출과세
[2024-12-27 08:43:47,618][erp_ar.py:384] >> TBC             : Sales Transaction
[2024-12-27 08:43:47,618][erp_ar.py:385] >> CostCenter      : SELSPBM
[2024-12-27 08:43:47,618][erp_ar.py:386] >> Account         : 414121
[2024-12-27 08:43:47,618][erp_ar.py:387] >> Project         : V080020
[2024-12-27 08:43:47,618][erp_ar.py:375] >> ##################################################
[2024-12-27 08:43:47,618][erp_ar.py:378] >> Invoice Details : 2번째
[2024-12-27 08:43:47,618][erp_ar.py:379] >> MemoLine        : UX/UI 수익
[2024-12-27 08:43:47,618][erp_ar.py:380] >> Description     : 12월 대한항공 AMS 서비스 도급대금(홈페이지)
[2024-12-27 08:43:47,618][erp_ar.py:381] >> Quantity        : 1
[2024-12-27 08:43:47,619][erp_ar.py:382] >> UnitPrice       : 167250000
[2024-12-27 08:43:47,619][erp_ar.py:383] >> TaxClassification : HX_매출과세
[2024-12-27 08:43:47,619][erp_ar.py:384] >> TBC             : Sales Transaction
[2024-12-27 08:43:47,619][erp_ar.py:385] >> CostCenter      : SELSPBU
[2024-12-27 08:43:47,619][erp_ar.py:386] >> Account         : 414123
[2024-12-27 08:43:47,619][erp_ar.py:387] >> Project         : V190011
[2024-12-27 08:43:47,619][erp_ar.py:353] >> ##################################################
[2024-12-27 08:43:47,619][erp_ar.py:354] >> ##################################################
[2024-12-27 08:43:47,619][erp_ar.py:355] >> 발행할 AR 갯수 : 4개, 4번째 row, 2번째 배열
[2024-12-27 08:43:47,619][erp_ar.py:357] >> General Information
[2024-12-27 08:43:47,619][erp_ar.py:358] >> BusinessUnit      : HX_BU
[2024-12-27 08:43:47,619][erp_ar.py:359] >> TransactionSource : HX_MANUAL
[2024-12-27 08:43:47,619][erp_ar.py:360] >> TransactionType   : 영업매출
[2024-12-27 08:43:47,619][erp_ar.py:361] >> TransactionDate   : 2024-12-31
[2024-12-27 08:43:47,619][erp_ar.py:362] >> AccountingDate    : 2024-12-31
[2024-12-27 08:43:47,619][erp_ar.py:363] >> TransactionNumber : ART241217이수임0903
[2024-12-27 08:43:47,619][erp_ar.py:364] >> BillToName        : 한진
[2024-12-27 08:43:47,619][erp_ar.py:365] >> PaymentTerms      : 30 Net
[2024-12-27 08:43:47,619][erp_ar.py:366] >> StructuredPaymentReference: 12월분_㈜한진 ERP 유지보수 및 INFRA서비스
[2024-12-27 08:43:47,619][erp_ar.py:367] >> TaxProofType(세무증빙유형) : 10(세금계산서[전자])
[2024-12-27 08:43:47,619][erp_ar.py:368] >> BusinessNumber    : 0000
[2024-12-27 08:43:47,619][erp_ar.py:369] >> ReverseIssue      : N
[2024-12-27 08:43:47,619][erp_ar.py:370] >> Email             : iskang@hist.co.kr
[2024-12-27 08:43:47,619][erp_ar.py:375] >> ##################################################
[2024-12-27 08:43:47,619][erp_ar.py:378] >> Invoice Details : 1번째
[2024-12-27 08:43:47,619][erp_ar.py:379] >> MemoLine        : ERP 운영
[2024-12-27 08:43:47,619][erp_ar.py:380] >> Description     : 12월분_㈜한진 ERP 유지보수 및 INFRA서비스
[2024-12-27 08:43:47,619][erp_ar.py:381] >> Quantity        : 1
[2024-12-27 08:43:47,619][erp_ar.py:382] >> UnitPrice       : 16228768
[2024-12-27 08:43:47,620][erp_ar.py:383] >> TaxClassification : HX_매출과세
[2024-12-27 08:43:47,620][erp_ar.py:384] >> TBC             : Sales Transaction
[2024-12-27 08:43:47,620][erp_ar.py:385] >> CostCenter      : SELSLUE
[2024-12-27 08:43:47,620][erp_ar.py:386] >> Account         : 414122
[2024-12-27 08:43:47,620][erp_ar.py:387] >> Project         : V210017
[2024-12-27 08:43:47,620][erp_ar.py:375] >> ##################################################
[2024-12-27 08:43:47,620][erp_ar.py:378] >> Invoice Details : 2번째
[2024-12-27 08:43:47,620][erp_ar.py:379] >> MemoLine        : 보안서비스
[2024-12-27 08:43:47,620][erp_ar.py:380] >> Description     : 12월분_㈜한진 ERP 유지보수 및 INFRA서비스
[2024-12-27 08:43:47,620][erp_ar.py:381] >> Quantity        : 1
[2024-12-27 08:43:47,621][erp_ar.py:382] >> UnitPrice       : 966000
[2024-12-27 08:43:47,621][erp_ar.py:383] >> TaxClassification : HX_매출과세
[2024-12-27 08:43:47,621][erp_ar.py:384] >> TBC             : Sales Transaction
[2024-12-27 08:43:47,621][erp_ar.py:385] >> CostCenter      : SELSLIS
[2024-12-27 08:43:47,621][erp_ar.py:386] >> Account         : 413162
[2024-12-27 08:43:47,621][erp_ar.py:387] >> Project         : V210019
[2024-12-27 08:43:47,621][erp_ar.py:375] >> ##################################################
[2024-12-27 08:43:47,621][erp_ar.py:378] >> Invoice Details : 3번째
[2024-12-27 08:43:47,621][erp_ar.py:379] >> MemoLine        : DATA센터 수익
[2024-12-27 08:43:47,621][erp_ar.py:380] >> Description     : 12월분_㈜한진 ERP 유지보수 및 INFRA서비스
[2024-12-27 08:43:47,621][erp_ar.py:381] >> Quantity        : 1
[2024-12-27 08:43:47,621][erp_ar.py:382] >> UnitPrice       : 2670000
[2024-12-27 08:43:47,621][erp_ar.py:383] >> TaxClassification : HX_매출과세
[2024-12-27 08:43:47,621][erp_ar.py:384] >> TBC             : Sales Transaction
[2024-12-27 08:43:47,621][erp_ar.py:385] >> CostCenter      : SELSCI
[2024-12-27 08:43:47,621][erp_ar.py:386] >> Account         : 413151
[2024-12-27 08:43:47,621][erp_ar.py:387] >> Project         : V210018
[2024-12-27 08:43:47,621][erp_ar.py:375] >> ##################################################
[2024-12-27 08:43:47,621][erp_ar.py:378] >> Invoice Details : 4번째
[2024-12-27 08:43:47,621][erp_ar.py:379] >> MemoLine        : NW운영
[2024-12-27 08:43:47,621][erp_ar.py:380] >> Description     : 12월분_㈜한진 ERP 유지보수 및 INFRA서비스
[2024-12-27 08:43:47,621][erp_ar.py:381] >> Quantity        : 1
[2024-12-27 08:43:47,621][erp_ar.py:382] >> UnitPrice       : 300000
[2024-12-27 08:43:47,621][erp_ar.py:383] >> TaxClassification : HX_매출과세
[2024-12-27 08:43:47,621][erp_ar.py:384] >> TBC             : Sales Transaction
[2024-12-27 08:43:47,621][erp_ar.py:385] >> CostCenter      : SELSLIN
[2024-12-27 08:43:47,622][erp_ar.py:386] >> Account         : 413121
[2024-12-27 08:43:47,622][erp_ar.py:387] >> Project         : V210020
[2024-12-27 08:43:47,622][erp_ar.py:353] >> ##################################################
[2024-12-27 08:43:47,622][erp_ar.py:354] >> ##################################################
[2024-12-27 08:43:47,622][erp_ar.py:355] >> 발행할 AR 갯수 : 4개, 5번째 row, 3번째 배열
[2024-12-27 08:43:47,622][erp_ar.py:357] >> General Information
[2024-12-27 08:43:47,622][erp_ar.py:358] >> BusinessUnit      : HX_BU
[2024-12-27 08:43:47,622][erp_ar.py:359] >> TransactionSource : HX_MANUAL
[2024-12-27 08:43:47,622][erp_ar.py:360] >> TransactionType   : 영업매출
[2024-12-27 08:43:47,622][erp_ar.py:361] >> TransactionDate   : 2024-12-19
[2024-12-27 08:43:47,622][erp_ar.py:362] >> AccountingDate    : 2024-12-19
[2024-12-27 08:43:47,622][erp_ar.py:363] >> TransactionNumber : ART241217이수임0904
[2024-12-27 08:43:47,622][erp_ar.py:364] >> BillToName        : 대한항공
[2024-12-27 08:43:47,622][erp_ar.py:365] >> PaymentTerms      : 30 Net
[2024-12-27 08:43:47,622][erp_ar.py:366] >> StructuredPaymentReference: 12월 대한항공 AMS 서비스 도급대금(홈페이지)
[2024-12-27 08:43:47,622][erp_ar.py:367] >> TaxProofType(세무증빙유형) : 10(세금계산서[전자])
[2024-12-27 08:43:47,622][erp_ar.py:368] >> BusinessNumber    : 0000
[2024-12-27 08:43:47,622][erp_ar.py:369] >> ReverseIssue      : Y
[2024-12-27 08:43:47,622][erp_ar.py:370] >> Email             : iskang@hist.co.kr
[2024-12-27 08:43:47,622][erp_ar.py:375] >> ##################################################
[2024-12-27 08:43:47,622][erp_ar.py:378] >> Invoice Details : 1번째
[2024-12-27 08:43:47,622][erp_ar.py:379] >> MemoLine        : SM 수익
[2024-12-27 08:43:47,622][erp_ar.py:380] >> Description     : 12월 대한항공 AMS 서비스 도급대금(홈페이지)
[2024-12-27 08:43:47,622][erp_ar.py:381] >> Quantity        : 1
[2024-12-27 08:43:47,622][erp_ar.py:382] >> UnitPrice       : 257803457
[2024-12-27 08:43:47,622][erp_ar.py:383] >> TaxClassification : HX_매출과세
[2024-12-27 08:43:47,622][erp_ar.py:384] >> TBC             : Sales Transaction
[2024-12-27 08:43:47,622][erp_ar.py:385] >> CostCenter      : SELSPBM
[2024-12-27 08:43:47,623][erp_ar.py:386] >> Account         : 414121
[2024-12-27 08:43:47,623][erp_ar.py:387] >> Project         : V080020
[2024-12-27 08:43:47,623][erp_ar.py:396] >> --------------------------------------------------
[2024-12-27 08:43:47,623][erp_ar.py:397] >> ERP AR 발행 시작
[2024-12-27 08:43:47,623][erp_ar.py:398] >> 발행할 AR 갯수 : 4개
[2024-12-27 08:43:47,623][erp_ar.py:413] >> #################### 1번째 : 한국공항 ####################
[2024-12-27 08:43:47,623][erp_ar.py:415] >> Invoice Details 갯수 : 5개
[2024-12-27 08:43:47,623][erp_ar.py:421] >> BillToName : [한국공항]
[2024-12-27 08:43:47,687][erp_ar.py:450] >> Tasks 이미지 클릭 완료
[2024-12-27 08:43:48,787][erp_ar.py:456] >> Create Transaction 클릭 완료
[2024-12-27 08:43:53,770][erp_ar.py:469] >> Transaction Source 입력 완료
[2024-12-27 08:43:55,855][erp_ar.py:479] >> Transaction Type : 매출유형 입력 완료
[2024-12-27 08:43:57,922][erp_ar.py:486] >> Transaction Number : 전표번호 입력 완료
[2024-12-27 08:44:00,010][erp_ar.py:495] >> Transaction Date : AR 작성일자 입력 완료
[2024-12-27 08:44:02,106][erp_ar.py:504] >> Accounting Date : 계산서 발행일자 입력 완료
[2024-12-27 08:44:04,168][erp_ar.py:512] >> Bill-to Name	입력 완료
[2024-12-27 08:44:06,252][erp_ar.py:522] >> Payment Terms : 수금조건 입력 완료
[2024-12-27 08:44:08,336][erp_ar.py:530] >> Show More 클릭 완료
[2024-12-27 08:44:10,419][erp_ar.py:538] >> Miscellaneous 클릭 완료
[2024-12-27 08:44:12,500][erp_ar.py:547] >> Structured Payment Reference : 적요 입력 완료
[2024-12-27 08:44:14,567][erp_ar.py:554] >> 세무 증빙 유형 입력 완료
[2024-12-27 08:44:16,603][erp_ar.py:561] >> 세무 증빙 유형 입력 완료
[2024-12-27 08:44:18,677][erp_ar.py:568] >> 작성자 E-Mail 입력 완료
[2024-12-27 08:44:18,678][erp_ar.py:574] >> 1번째 ids_count
[2024-12-27 08:44:20,765][erp_ar.py:591] >> Memo Line 입력 완료
[2024-12-27 08:44:22,860][erp_ar.py:601] >> Description 입력 완료
[2024-12-27 08:44:24,930][erp_ar.py:608] >> Quantity 완료
[2024-12-27 08:44:27,000][erp_ar.py:615] >> Unit Price 완료
[2024-12-27 08:44:29,069][erp_ar.py:625] >> Tax Classification 완료
[2024-12-27 08:44:29,070][erp_ar.py:574] >> 2번째 ids_count
[2024-12-27 08:44:31,153][erp_ar.py:591] >> Memo Line 입력 완료
[2024-12-27 08:44:33,245][erp_ar.py:601] >> Description 입력 완료
[2024-12-27 08:44:35,311][erp_ar.py:608] >> Quantity 완료
[2024-12-27 08:44:37,380][erp_ar.py:615] >> Unit Price 완료
[2024-12-27 08:44:39,462][erp_ar.py:625] >> Tax Classification 완료
[2024-12-27 08:44:39,463][erp_ar.py:574] >> 3번째 ids_count
[2024-12-27 08:44:41,547][erp_ar.py:591] >> Memo Line 입력 완료
[2024-12-27 08:44:43,644][erp_ar.py:601] >> Description 입력 완료
[2024-12-27 08:44:45,710][erp_ar.py:608] >> Quantity 완료
[2024-12-27 08:44:47,784][erp_ar.py:615] >> Unit Price 완료
[2024-12-27 08:44:49,868][erp_ar.py:625] >> Tax Classification 완료
[2024-12-27 08:44:49,868][erp_ar.py:574] >> 4번째 ids_count
[2024-12-27 08:44:51,957][erp_ar.py:591] >> Memo Line 입력 완료
[2024-12-27 08:44:54,053][erp_ar.py:601] >> Description 입력 완료
[2024-12-27 08:44:56,111][erp_ar.py:608] >> Quantity 완료
[2024-12-27 08:44:58,192][erp_ar.py:615] >> Unit Price 완료
[2024-12-27 08:45:00,286][erp_ar.py:625] >> Tax Classification 완료
[2024-12-27 08:45:00,286][erp_ar.py:574] >> 5번째 ids_count
[2024-12-27 08:45:02,371][erp_ar.py:591] >> Memo Line 입력 완료
[2024-12-27 08:45:04,472][erp_ar.py:601] >> Description 입력 완료
[2024-12-27 08:45:06,541][erp_ar.py:608] >> Quantity 완료
[2024-12-27 08:45:08,617][erp_ar.py:615] >> Unit Price 완료
[2024-12-27 08:45:10,710][erp_ar.py:625] >> Tax Classification 완료
[2024-12-27 08:45:12,803][erp_ar.py:637] >> Save 완료
[2024-12-27 08:45:24,891][erp_ar.py:646] >> Action 버튼 클릭 완료
[2024-12-27 08:45:26,970][erp_ar.py:654] >> Edit Distribution 클릭 완료
[2024-12-27 08:45:30,116][erp_ar.py:662] >> Alert창 Yes 클릭 완료
[2024-12-27 08:45:34,212][erp_ar.py:702] >> Edit Distributions > Line Number
[2024-12-27 08:45:38,333][erp_ar.py:712] >> Edit Distributions > Account Class
[2024-12-27 08:45:40,424][erp_ar.py:719] >> Edit Distributions > 돋보기 버튼 클릭 완료
[2024-12-27 08:45:42,527][erp_ar.py:729] >> Distributions > RESP Center 입력 완료
[2024-12-27 08:46:02,643][erp_ar.py:909] >> error msg : Message: 
Stacktrace:
0   chromedriver                        0x000000010301b184 cxxbridge1$str$ptr + 3626716
1   chromedriver                        0x00000001030139d4 cxxbridge1$str$ptr + 3596076
2   chromedriver                        0x0000000102a80968 cxxbridge1$string$len + 89228
3   chromedriver                        0x0000000102ac4d50 cxxbridge1$string$len + 368756
4   chromedriver                        0x0000000102afe5b4 cxxbridge1$string$len + 604376
5   chromedriver                        0x0000000102ab9568 cxxbridge1$string$len + 321676
6   chromedriver                        0x0000000102aba1b8 cxxbridge1$string$len + 324828
7   chromedriver                        0x0000000102fe69ac cxxbridge1$str$ptr + 3411716
8   chromedriver                        0x0000000102fe9ccc cxxbridge1$str$ptr + 3424804
9   chromedriver                        0x0000000102fcd86c cxxbridge1$str$ptr + 3308996
10  chromedriver                        0x0000000102fea58c cxxbridge1$str$ptr + 3427044
11  chromedriver                        0x0000000102fbf09c cxxbridge1$str$ptr + 3249652
12  chromedriver                        0x00000001030044b8 cxxbridge1$str$ptr + 3533328
13  chromedriver                        0x0000000103004634 cxxbridge1$str$ptr + 3533708
14  chromedriver                        0x0000000103013648 cxxbridge1$str$ptr + 3595168
15  libsystem_pthread.dylib             0x000000019c539f94 _pthread_start + 136
16  libsystem_pthread.dylib             0x000000019c534d34 thread_start + 8

[2024-12-27 08:46:02,645][erp_ar.py:910] >> AR 발행 중 오류 발생 : 한국공항
[2024-12-27 08:46:08,270][erp_ar.py:922] >> 햄버거 버튼 클릭 완료
[2024-12-27 08:46:10,347][erp_ar.py:930] >> billing 메뉴 클릭 완료
[2024-12-27 08:46:14,012][erp_ar.py:935] >> changes will be lost. Do you want to continue? >>> Yes 클릭 완료
[2024-12-27 08:46:14,013][erp_ar.py:409] >> 1번쨰 : 한국공항 기발행 실패(에러 or 사용자 없음)
[2024-12-27 08:46:14,013][erp_ar.py:415] >> Invoice Details 갯수 : 5개
[2024-12-27 08:46:14,013][erp_ar.py:421] >> BillToName : [한국공항]
[2024-12-27 08:46:14,070][erp_ar.py:450] >> Tasks 이미지 클릭 완료
[2024-12-27 08:46:16,244][erp_ar.py:456] >> Create Transaction 클릭 완료
[2024-12-27 08:46:19,440][erp_ar.py:469] >> Transaction Source 입력 완료
[2024-12-27 08:46:21,529][erp_ar.py:479] >> Transaction Type : 매출유형 입력 완료
[2024-12-27 08:46:23,596][erp_ar.py:486] >> Transaction Number : 전표번호 입력 완료
[2024-12-27 08:46:25,697][erp_ar.py:495] >> Transaction Date : AR 작성일자 입력 완료
[2024-12-27 08:46:27,783][erp_ar.py:504] >> Accounting Date : 계산서 발행일자 입력 완료
[2024-12-27 08:46:29,836][erp_ar.py:512] >> Bill-to Name	입력 완료
[2024-12-27 08:46:31,930][erp_ar.py:522] >> Payment Terms : 수금조건 입력 완료
[2024-12-27 08:46:34,021][erp_ar.py:530] >> Show More 클릭 완료
[2024-12-27 08:46:36,099][erp_ar.py:538] >> Miscellaneous 클릭 완료
[2024-12-27 08:46:38,187][erp_ar.py:547] >> Structured Payment Reference : 적요 입력 완료
[2024-12-27 08:46:40,254][erp_ar.py:554] >> 세무 증빙 유형 입력 완료
[2024-12-27 08:46:42,319][erp_ar.py:561] >> 세무 증빙 유형 입력 완료
[2024-12-27 08:46:44,394][erp_ar.py:568] >> 작성자 E-Mail 입력 완료
[2024-12-27 08:46:44,395][erp_ar.py:574] >> 1번째 ids_count
[2024-12-27 08:46:46,483][erp_ar.py:591] >> Memo Line 입력 완료
[2024-12-27 08:46:48,581][erp_ar.py:601] >> Description 입력 완료
[2024-12-27 08:46:50,654][erp_ar.py:608] >> Quantity 완료
[2024-12-27 08:46:52,733][erp_ar.py:615] >> Unit Price 완료
[2024-12-27 08:46:54,819][erp_ar.py:625] >> Tax Classification 완료
[2024-12-27 08:46:54,819][erp_ar.py:574] >> 2번째 ids_count
[2024-12-27 08:46:56,915][erp_ar.py:591] >> Memo Line 입력 완료
[2024-12-27 08:46:59,026][erp_ar.py:601] >> Description 입력 완료
[2024-12-27 08:47:01,098][erp_ar.py:608] >> Quantity 완료
[2024-12-27 08:47:03,176][erp_ar.py:615] >> Unit Price 완료
[2024-12-27 08:47:05,266][erp_ar.py:625] >> Tax Classification 완료
[2024-12-27 08:47:05,266][erp_ar.py:574] >> 3번째 ids_count
[2024-12-27 08:47:07,355][erp_ar.py:591] >> Memo Line 입력 완료
[2024-12-27 08:47:09,455][erp_ar.py:601] >> Description 입력 완료
[2024-12-27 08:47:11,530][erp_ar.py:608] >> Quantity 완료
[2024-12-27 08:47:13,609][erp_ar.py:615] >> Unit Price 완료
[2024-12-27 08:47:15,699][erp_ar.py:625] >> Tax Classification 완료
[2024-12-27 08:47:15,699][erp_ar.py:574] >> 4번째 ids_count
[2024-12-27 08:47:17,789][erp_ar.py:591] >> Memo Line 입력 완료
[2024-12-27 08:47:19,883][erp_ar.py:601] >> Description 입력 완료
[2024-12-27 08:47:21,955][erp_ar.py:608] >> Quantity 완료
[2024-12-27 08:47:24,031][erp_ar.py:615] >> Unit Price 완료
[2024-12-27 08:47:26,122][erp_ar.py:625] >> Tax Classification 완료
[2024-12-27 08:47:26,122][erp_ar.py:574] >> 5번째 ids_count
[2024-12-27 08:47:28,218][erp_ar.py:591] >> Memo Line 입력 완료
[2024-12-27 08:47:30,319][erp_ar.py:601] >> Description 입력 완료
[2024-12-27 08:47:32,395][erp_ar.py:608] >> Quantity 완료
[2024-12-27 08:47:34,471][erp_ar.py:615] >> Unit Price 완료
[2024-12-27 08:47:36,566][erp_ar.py:625] >> Tax Classification 완료
[2024-12-27 08:47:38,658][erp_ar.py:637] >> Save 완료
[2024-12-27 08:48:09,037][erp_ar.py:909] >> error msg : Message: 
Stacktrace:
0   chromedriver                        0x000000010301b184 cxxbridge1$str$ptr + 3626716
1   chromedriver                        0x00000001030139d4 cxxbridge1$str$ptr + 3596076
2   chromedriver                        0x0000000102a80968 cxxbridge1$string$len + 89228
3   chromedriver                        0x0000000102ac4d50 cxxbridge1$string$len + 368756
4   chromedriver                        0x0000000102afe5b4 cxxbridge1$string$len + 604376
5   chromedriver                        0x0000000102ab9568 cxxbridge1$string$len + 321676
6   chromedriver                        0x0000000102aba1b8 cxxbridge1$string$len + 324828
7   chromedriver                        0x0000000102fe69ac cxxbridge1$str$ptr + 3411716
8   chromedriver                        0x0000000102fe9ccc cxxbridge1$str$ptr + 3424804
9   chromedriver                        0x0000000102fcd86c cxxbridge1$str$ptr + 3308996
10  chromedriver                        0x0000000102fea58c cxxbridge1$str$ptr + 3427044
11  chromedriver                        0x0000000102fbf09c cxxbridge1$str$ptr + 3249652
12  chromedriver                        0x00000001030044b8 cxxbridge1$str$ptr + 3533328
13  chromedriver                        0x0000000103004634 cxxbridge1$str$ptr + 3533708
14  chromedriver                        0x0000000103013648 cxxbridge1$str$ptr + 3595168
15  libsystem_pthread.dylib             0x000000019c539f94 _pthread_start + 136
16  libsystem_pthread.dylib             0x000000019c534d34 thread_start + 8

[2024-12-27 08:48:09,038][erp_ar.py:910] >> AR 발행 중 오류 발생 : 한국공항
[2024-12-27 08:48:14,650][erp_ar.py:922] >> 햄버거 버튼 클릭 완료
[2024-12-27 08:48:16,738][erp_ar.py:930] >> billing 메뉴 클릭 완료
[2024-12-27 08:48:19,852][erp_ar.py:935] >> changes will be lost. Do you want to continue? >>> Yes 클릭 완료
[2024-12-27 08:48:19,854][erp_ar.py:409] >> 1번쨰 : 한국공항 기발행 실패(에러 or 사용자 없음)
[2024-12-27 08:48:19,854][erp_ar.py:415] >> Invoice Details 갯수 : 5개
[2024-12-27 08:48:19,854][erp_ar.py:421] >> BillToName : [한국공항]
[2024-12-27 08:48:19,918][erp_ar.py:450] >> Tasks 이미지 클릭 완료
[2024-12-27 08:48:22,079][erp_ar.py:456] >> Create Transaction 클릭 완료
[2024-12-27 08:50:58,544][erp_ar.py:29] >> --------------------------------------------------
[2024-12-27 08:50:58,544][erp_ar.py:30] >> --------------------------------------------------
[2024-12-27 08:50:58,544][erp_ar.py:31] >> --------------------------------------------------
[2024-12-27 08:50:58,544][erp_ar.py:32] >> ERP AR 발행 시작
[2024-12-27 08:50:58,544][erp_ar.py:76] >> 설치된 사용자 정보 확인
[2024-12-27 08:50:58,642][erp_ar.py:90] >> user     = 강이슬
[2024-12-27 08:50:58,643][erp_ar.py:91] >> account  = iskang@hist.co.kr
[2024-12-27 08:50:58,643][erp_ar.py:92] >> password = Hist7288!
[2024-12-27 08:51:05,329][erp_ar.py:106] >> ERP 페이지 이동 완료
[2024-12-27 08:51:05,381][erp_ar.py:111] >> displayOK : True
[2024-12-27 08:51:12,269][erp_ar.py:119] >> 로그인 완료
[2024-12-27 08:51:12,269][erp_ar.py:120] >> iskang@hist.co.kr : Hist7288!
[2024-12-27 08:51:12,270][erp_ar.py:128] >> AR Transaction 이동
[2024-12-27 08:51:24,349][erp_ar.py:135] >> 햄버거 버튼 클릭 완료
[2024-12-27 08:51:26,422][erp_ar.py:141] >> Receivables 메뉴 클릭 완료
[2024-12-27 08:51:28,494][erp_ar.py:147] >> Billing 클릭 완료
[2024-12-27 08:51:28,507][erp_ar.py:353] >> ##################################################
[2024-12-27 08:51:28,507][erp_ar.py:354] >> ##################################################
[2024-12-27 08:51:28,507][erp_ar.py:355] >> 발행할 AR 갯수 : 4개, 2번째 row, 0번째 배열
[2024-12-27 08:51:28,507][erp_ar.py:357] >> General Information
[2024-12-27 08:51:28,507][erp_ar.py:358] >> BusinessUnit      : HX_BU
[2024-12-27 08:51:28,508][erp_ar.py:359] >> TransactionSource : HX_MANUAL
[2024-12-27 08:51:28,508][erp_ar.py:360] >> TransactionType   : 영업매출
[2024-12-27 08:51:28,508][erp_ar.py:361] >> TransactionDate   : 2024-12-17
[2024-12-27 08:51:28,508][erp_ar.py:362] >> AccountingDate    : 2024-12-17
[2024-12-27 08:51:28,508][erp_ar.py:363] >> TransactionNumber : ART241217이수임0901
[2024-12-27 08:51:28,508][erp_ar.py:364] >> BillToName        : 한국공항
[2024-12-27 08:51:28,508][erp_ar.py:365] >> PaymentTerms      : 30 Net
[2024-12-27 08:51:28,508][erp_ar.py:366] >> StructuredPaymentReference: 12월 한국공항 정보시스템 서비스료 청구
[2024-12-27 08:51:28,508][erp_ar.py:367] >> TaxProofType(세무증빙유형) : 10(세금계산서[전자])
[2024-12-27 08:51:28,508][erp_ar.py:368] >> BusinessNumber    : 0000
[2024-12-27 08:51:28,508][erp_ar.py:369] >> ReverseIssue      : N
[2024-12-27 08:51:28,508][erp_ar.py:370] >> Email             : iskang@hist.co.kr
[2024-12-27 08:51:28,508][erp_ar.py:375] >> ##################################################
[2024-12-27 08:51:28,508][erp_ar.py:378] >> Invoice Details : 1번째
[2024-12-27 08:51:28,508][erp_ar.py:379] >> MemoLine        : 그룹웨어 수익
[2024-12-27 08:51:28,508][erp_ar.py:380] >> Description     : 12월 한국공항 정보시스템 서비스료 청구
[2024-12-27 08:51:28,508][erp_ar.py:381] >> Quantity        : 1
[2024-12-27 08:51:28,508][erp_ar.py:382] >> UnitPrice       : 1650000
[2024-12-27 08:51:28,508][erp_ar.py:383] >> TaxClassification : HX_매출과세
[2024-12-27 08:51:28,508][erp_ar.py:384] >> TBC             : Sales Transaction
[2024-12-27 08:51:28,508][erp_ar.py:385] >> CostCenter      : SELSLUG
[2024-12-27 08:51:28,508][erp_ar.py:386] >> Account         : 414113
[2024-12-27 08:51:28,508][erp_ar.py:387] >> Project         : V220011
[2024-12-27 08:51:28,508][erp_ar.py:375] >> ##################################################
[2024-12-27 08:51:28,508][erp_ar.py:378] >> Invoice Details : 2번째
[2024-12-27 08:51:28,509][erp_ar.py:379] >> MemoLine        : On_Demand 수익
[2024-12-27 08:51:28,509][erp_ar.py:380] >> Description     : 12월 한국공항 정보시스템 서비스료 청구
[2024-12-27 08:51:28,509][erp_ar.py:381] >> Quantity        : 1
[2024-12-27 08:51:28,509][erp_ar.py:382] >> UnitPrice       : 9620000
[2024-12-27 08:51:28,509][erp_ar.py:383] >> TaxClassification : HX_매출과세
[2024-12-27 08:51:28,509][erp_ar.py:384] >> TBC             : Sales Transaction
[2024-12-27 08:51:28,509][erp_ar.py:385] >> CostCenter      : SELSCIS
[2024-12-27 08:51:28,509][erp_ar.py:386] >> Account         : 414112
[2024-12-27 08:51:28,509][erp_ar.py:387] >> Project         : V090036
[2024-12-27 08:51:28,509][erp_ar.py:375] >> ##################################################
[2024-12-27 08:51:28,509][erp_ar.py:378] >> Invoice Details : 3번째
[2024-12-27 08:51:28,509][erp_ar.py:379] >> MemoLine        : NW운영
[2024-12-27 08:51:28,509][erp_ar.py:380] >> Description     : 12월 한국공항 정보시스템 서비스료 청구
[2024-12-27 08:51:28,509][erp_ar.py:381] >> Quantity        : 1
[2024-12-27 08:51:28,509][erp_ar.py:382] >> UnitPrice       : 20577500
[2024-12-27 08:51:28,509][erp_ar.py:383] >> TaxClassification : HX_매출과세
[2024-12-27 08:51:28,509][erp_ar.py:384] >> TBC             : Sales Transaction
[2024-12-27 08:51:28,509][erp_ar.py:385] >> CostCenter      : SELSLIN
[2024-12-27 08:51:28,509][erp_ar.py:386] >> Account         : 413121
[2024-12-27 08:51:28,509][erp_ar.py:387] >> Project         : V090031
[2024-12-27 08:51:28,509][erp_ar.py:375] >> ##################################################
[2024-12-27 08:51:28,509][erp_ar.py:378] >> Invoice Details : 4번째
[2024-12-27 08:51:28,509][erp_ar.py:379] >> MemoLine        : 시스템 유지보수
[2024-12-27 08:51:28,509][erp_ar.py:380] >> Description     : 12월 한국공항 정보시스템 서비스료 청구
[2024-12-27 08:51:28,509][erp_ar.py:381] >> Quantity        : 1
[2024-12-27 08:51:28,509][erp_ar.py:382] >> UnitPrice       : 428000
[2024-12-27 08:51:28,509][erp_ar.py:383] >> TaxClassification : HX_매출과세
[2024-12-27 08:51:28,509][erp_ar.py:384] >> TBC             : Sales Transaction
[2024-12-27 08:51:28,510][erp_ar.py:385] >> CostCenter      : SELSLIN
[2024-12-27 08:51:28,510][erp_ar.py:386] >> Account         : 413111
[2024-12-27 08:51:28,510][erp_ar.py:387] >> Project         : V090032
[2024-12-27 08:51:28,510][erp_ar.py:375] >> ##################################################
[2024-12-27 08:51:28,510][erp_ar.py:378] >> Invoice Details : 5번째
[2024-12-27 08:51:28,510][erp_ar.py:379] >> MemoLine        : DTS/DTO 수익
[2024-12-27 08:51:28,510][erp_ar.py:380] >> Description     : 12월 한국공항 정보시스템 서비스료 청구
[2024-12-27 08:51:28,510][erp_ar.py:381] >> Quantity        : 1
[2024-12-27 08:51:28,510][erp_ar.py:382] >> UnitPrice       : 19245500
[2024-12-27 08:51:28,510][erp_ar.py:383] >> TaxClassification : HX_매출과세
[2024-12-27 08:51:28,510][erp_ar.py:384] >> TBC             : Sales Transaction
[2024-12-27 08:51:28,510][erp_ar.py:385] >> CostCenter      : SELSLIN
[2024-12-27 08:51:28,510][erp_ar.py:386] >> Account         : 414114
[2024-12-27 08:51:28,510][erp_ar.py:387] >> Project         : V080032
[2024-12-27 08:51:28,510][erp_ar.py:353] >> ##################################################
[2024-12-27 08:51:28,510][erp_ar.py:354] >> ##################################################
[2024-12-27 08:51:28,510][erp_ar.py:355] >> 발행할 AR 갯수 : 4개, 3번째 row, 1번째 배열
[2024-12-27 08:51:28,510][erp_ar.py:357] >> General Information
[2024-12-27 08:51:28,510][erp_ar.py:358] >> BusinessUnit      : HX_BU
[2024-12-27 08:51:28,510][erp_ar.py:359] >> TransactionSource : HX_MANUAL
[2024-12-27 08:51:28,510][erp_ar.py:360] >> TransactionType   : 영업매출
[2024-12-27 08:51:28,510][erp_ar.py:361] >> TransactionDate   : 2024-12-18
[2024-12-27 08:51:28,510][erp_ar.py:362] >> AccountingDate    : 2024-12-18
[2024-12-27 08:51:28,510][erp_ar.py:363] >> TransactionNumber : ART241217이수임0902
[2024-12-27 08:51:28,510][erp_ar.py:364] >> BillToName        : 대한항공
[2024-12-27 08:51:28,510][erp_ar.py:365] >> PaymentTerms      : 30 Net
[2024-12-27 08:51:28,510][erp_ar.py:366] >> StructuredPaymentReference: 12월 대한항공 AMS 서비스 도급대금(홈페이지)
[2024-12-27 08:51:28,510][erp_ar.py:367] >> TaxProofType(세무증빙유형) : 10(세금계산서[전자])
[2024-12-27 08:51:28,511][erp_ar.py:368] >> BusinessNumber    : 0000
[2024-12-27 08:51:28,511][erp_ar.py:369] >> ReverseIssue      : Y
[2024-12-27 08:51:28,511][erp_ar.py:370] >> Email             : iskang@hist.co.kr
[2024-12-27 08:51:28,511][erp_ar.py:375] >> ##################################################
[2024-12-27 08:51:28,511][erp_ar.py:378] >> Invoice Details : 1번째
[2024-12-27 08:51:28,511][erp_ar.py:379] >> MemoLine        : SM 수익
[2024-12-27 08:51:28,511][erp_ar.py:380] >> Description     : 12월 대한항공 AMS 서비스 도급대금(홈페이지)
[2024-12-27 08:51:28,511][erp_ar.py:381] >> Quantity        : 1
[2024-12-27 08:51:28,511][erp_ar.py:382] >> UnitPrice       : 257803457
[2024-12-27 08:51:28,511][erp_ar.py:383] >> TaxClassification : HX_매출과세
[2024-12-27 08:51:28,511][erp_ar.py:384] >> TBC             : Sales Transaction
[2024-12-27 08:51:28,511][erp_ar.py:385] >> CostCenter      : SELSPBM
[2024-12-27 08:51:28,511][erp_ar.py:386] >> Account         : 414121
[2024-12-27 08:51:28,511][erp_ar.py:387] >> Project         : V080020
[2024-12-27 08:51:28,511][erp_ar.py:375] >> ##################################################
[2024-12-27 08:51:28,511][erp_ar.py:378] >> Invoice Details : 2번째
[2024-12-27 08:51:28,511][erp_ar.py:379] >> MemoLine        : UX/UI 수익
[2024-12-27 08:51:28,511][erp_ar.py:380] >> Description     : 12월 대한항공 AMS 서비스 도급대금(홈페이지)
[2024-12-27 08:51:28,511][erp_ar.py:381] >> Quantity        : 1
[2024-12-27 08:51:28,511][erp_ar.py:382] >> UnitPrice       : 167250000
[2024-12-27 08:51:28,511][erp_ar.py:383] >> TaxClassification : HX_매출과세
[2024-12-27 08:51:28,511][erp_ar.py:384] >> TBC             : Sales Transaction
[2024-12-27 08:51:28,511][erp_ar.py:385] >> CostCenter      : SELSPBU
[2024-12-27 08:51:28,511][erp_ar.py:386] >> Account         : 414123
[2024-12-27 08:51:28,511][erp_ar.py:387] >> Project         : V190011
[2024-12-27 08:51:28,511][erp_ar.py:353] >> ##################################################
[2024-12-27 08:51:28,511][erp_ar.py:354] >> ##################################################
[2024-12-27 08:51:28,511][erp_ar.py:355] >> 발행할 AR 갯수 : 4개, 4번째 row, 2번째 배열
[2024-12-27 08:51:28,511][erp_ar.py:357] >> General Information
[2024-12-27 08:51:28,511][erp_ar.py:358] >> BusinessUnit      : HX_BU
[2024-12-27 08:51:28,511][erp_ar.py:359] >> TransactionSource : HX_MANUAL
[2024-12-27 08:51:28,511][erp_ar.py:360] >> TransactionType   : 영업매출
[2024-12-27 08:51:28,511][erp_ar.py:361] >> TransactionDate   : 2024-12-31
[2024-12-27 08:51:28,512][erp_ar.py:362] >> AccountingDate    : 2024-12-31
[2024-12-27 08:51:28,512][erp_ar.py:363] >> TransactionNumber : ART241217이수임0903
[2024-12-27 08:51:28,512][erp_ar.py:364] >> BillToName        : 한진
[2024-12-27 08:51:28,512][erp_ar.py:365] >> PaymentTerms      : 30 Net
[2024-12-27 08:51:28,512][erp_ar.py:366] >> StructuredPaymentReference: 12월분_㈜한진 ERP 유지보수 및 INFRA서비스
[2024-12-27 08:51:28,512][erp_ar.py:367] >> TaxProofType(세무증빙유형) : 10(세금계산서[전자])
[2024-12-27 08:51:28,512][erp_ar.py:368] >> BusinessNumber    : 0000
[2024-12-27 08:51:28,512][erp_ar.py:369] >> ReverseIssue      : N
[2024-12-27 08:51:28,512][erp_ar.py:370] >> Email             : iskang@hist.co.kr
[2024-12-27 08:51:28,512][erp_ar.py:375] >> ##################################################
[2024-12-27 08:51:28,512][erp_ar.py:378] >> Invoice Details : 1번째
[2024-12-27 08:51:28,512][erp_ar.py:379] >> MemoLine        : ERP 운영
[2024-12-27 08:51:28,512][erp_ar.py:380] >> Description     : 12월분_㈜한진 ERP 유지보수 및 INFRA서비스
[2024-12-27 08:51:28,512][erp_ar.py:381] >> Quantity        : 1
[2024-12-27 08:51:28,512][erp_ar.py:382] >> UnitPrice       : 16228768
[2024-12-27 08:51:28,512][erp_ar.py:383] >> TaxClassification : HX_매출과세
[2024-12-27 08:51:28,512][erp_ar.py:384] >> TBC             : Sales Transaction
[2024-12-27 08:51:28,512][erp_ar.py:385] >> CostCenter      : SELSLUE
[2024-12-27 08:51:28,512][erp_ar.py:386] >> Account         : 414122
[2024-12-27 08:51:28,512][erp_ar.py:387] >> Project         : V210017
[2024-12-27 08:51:28,512][erp_ar.py:375] >> ##################################################
[2024-12-27 08:51:28,512][erp_ar.py:378] >> Invoice Details : 2번째
[2024-12-27 08:51:28,512][erp_ar.py:379] >> MemoLine        : 보안서비스
[2024-12-27 08:51:28,512][erp_ar.py:380] >> Description     : 12월분_㈜한진 ERP 유지보수 및 INFRA서비스
[2024-12-27 08:51:28,512][erp_ar.py:381] >> Quantity        : 1
[2024-12-27 08:51:28,512][erp_ar.py:382] >> UnitPrice       : 966000
[2024-12-27 08:51:28,512][erp_ar.py:383] >> TaxClassification : HX_매출과세
[2024-12-27 08:51:28,512][erp_ar.py:384] >> TBC             : Sales Transaction
[2024-12-27 08:51:28,512][erp_ar.py:385] >> CostCenter      : SELSLIS
[2024-12-27 08:51:28,512][erp_ar.py:386] >> Account         : 413162
[2024-12-27 08:51:28,512][erp_ar.py:387] >> Project         : V210019
[2024-12-27 08:51:28,513][erp_ar.py:375] >> ##################################################
[2024-12-27 08:51:28,513][erp_ar.py:378] >> Invoice Details : 3번째
[2024-12-27 08:51:28,513][erp_ar.py:379] >> MemoLine        : DATA센터 수익
[2024-12-27 08:51:28,513][erp_ar.py:380] >> Description     : 12월분_㈜한진 ERP 유지보수 및 INFRA서비스
[2024-12-27 08:51:28,513][erp_ar.py:381] >> Quantity        : 1
[2024-12-27 08:51:28,513][erp_ar.py:382] >> UnitPrice       : 2670000
[2024-12-27 08:51:28,513][erp_ar.py:383] >> TaxClassification : HX_매출과세
[2024-12-27 08:51:28,513][erp_ar.py:384] >> TBC             : Sales Transaction
[2024-12-27 08:51:28,513][erp_ar.py:385] >> CostCenter      : SELSCI
[2024-12-27 08:51:28,513][erp_ar.py:386] >> Account         : 413151
[2024-12-27 08:51:28,513][erp_ar.py:387] >> Project         : V210018
[2024-12-27 08:51:28,513][erp_ar.py:375] >> ##################################################
[2024-12-27 08:51:28,513][erp_ar.py:378] >> Invoice Details : 4번째
[2024-12-27 08:51:28,513][erp_ar.py:379] >> MemoLine        : NW운영
[2024-12-27 08:51:28,513][erp_ar.py:380] >> Description     : 12월분_㈜한진 ERP 유지보수 및 INFRA서비스
[2024-12-27 08:51:28,513][erp_ar.py:381] >> Quantity        : 1
[2024-12-27 08:51:28,513][erp_ar.py:382] >> UnitPrice       : 300000
[2024-12-27 08:51:28,513][erp_ar.py:383] >> TaxClassification : HX_매출과세
[2024-12-27 08:51:28,513][erp_ar.py:384] >> TBC             : Sales Transaction
[2024-12-27 08:51:28,513][erp_ar.py:385] >> CostCenter      : SELSLIN
[2024-12-27 08:51:28,513][erp_ar.py:386] >> Account         : 413121
[2024-12-27 08:51:28,513][erp_ar.py:387] >> Project         : V210020
[2024-12-27 08:51:28,513][erp_ar.py:353] >> ##################################################
[2024-12-27 08:51:28,513][erp_ar.py:354] >> ##################################################
[2024-12-27 08:51:28,513][erp_ar.py:355] >> 발행할 AR 갯수 : 4개, 5번째 row, 3번째 배열
[2024-12-27 08:51:28,513][erp_ar.py:357] >> General Information
[2024-12-27 08:51:28,513][erp_ar.py:358] >> BusinessUnit      : HX_BU
[2024-12-27 08:51:28,513][erp_ar.py:359] >> TransactionSource : HX_MANUAL
[2024-12-27 08:51:28,513][erp_ar.py:360] >> TransactionType   : 영업매출
[2024-12-27 08:51:28,513][erp_ar.py:361] >> TransactionDate   : 2024-12-19
[2024-12-27 08:51:28,514][erp_ar.py:362] >> AccountingDate    : 2024-12-19
[2024-12-27 08:51:28,514][erp_ar.py:363] >> TransactionNumber : ART241217이수임0904
[2024-12-27 08:51:28,514][erp_ar.py:364] >> BillToName        : 대한항공
[2024-12-27 08:51:28,514][erp_ar.py:365] >> PaymentTerms      : 30 Net
[2024-12-27 08:51:28,514][erp_ar.py:366] >> StructuredPaymentReference: 12월 대한항공 AMS 서비스 도급대금(홈페이지)
[2024-12-27 08:51:28,514][erp_ar.py:367] >> TaxProofType(세무증빙유형) : 10(세금계산서[전자])
[2024-12-27 08:51:28,514][erp_ar.py:368] >> BusinessNumber    : 0000
[2024-12-27 08:51:28,514][erp_ar.py:369] >> ReverseIssue      : Y
[2024-12-27 08:51:28,514][erp_ar.py:370] >> Email             : iskang@hist.co.kr
[2024-12-27 08:51:28,514][erp_ar.py:375] >> ##################################################
[2024-12-27 08:51:28,514][erp_ar.py:378] >> Invoice Details : 1번째
[2024-12-27 08:51:28,514][erp_ar.py:379] >> MemoLine        : SM 수익
[2024-12-27 08:51:28,514][erp_ar.py:380] >> Description     : 12월 대한항공 AMS 서비스 도급대금(홈페이지)
[2024-12-27 08:51:28,514][erp_ar.py:381] >> Quantity        : 1
[2024-12-27 08:51:28,514][erp_ar.py:382] >> UnitPrice       : 257803457
[2024-12-27 08:51:28,514][erp_ar.py:383] >> TaxClassification : HX_매출과세
[2024-12-27 08:51:28,514][erp_ar.py:384] >> TBC             : Sales Transaction
[2024-12-27 08:51:28,514][erp_ar.py:385] >> CostCenter      : SELSPBM
[2024-12-27 08:51:28,514][erp_ar.py:386] >> Account         : 414121
[2024-12-27 08:51:28,514][erp_ar.py:387] >> Project         : V080020
[2024-12-27 08:51:28,514][erp_ar.py:396] >> --------------------------------------------------
[2024-12-27 08:51:28,514][erp_ar.py:397] >> ERP AR 발행 시작
[2024-12-27 08:51:28,514][erp_ar.py:398] >> 발행할 AR 갯수 : 4개
[2024-12-27 08:51:28,514][erp_ar.py:413] >> #################### 1번째 : 한국공항 ####################
[2024-12-27 08:51:28,514][erp_ar.py:415] >> Invoice Details 갯수 : 5개
[2024-12-27 08:51:28,514][erp_ar.py:421] >> BillToName : [한국공항]
[2024-12-27 08:51:28,996][erp_ar.py:450] >> Tasks 이미지 클릭 완료
[2024-12-27 08:51:35,290][erp_ar.py:456] >> Create Transaction 클릭 완료
[2024-12-27 08:51:39,255][erp_ar.py:469] >> Transaction Source 입력 완료
[2024-12-27 08:51:41,341][erp_ar.py:479] >> Transaction Type : 매출유형 입력 완료
[2024-12-27 08:51:43,391][erp_ar.py:486] >> Transaction Number : 전표번호 입력 완료
[2024-12-27 08:51:45,488][erp_ar.py:495] >> Transaction Date : AR 작성일자 입력 완료
[2024-12-27 08:51:47,567][erp_ar.py:504] >> Accounting Date : 계산서 발행일자 입력 완료
[2024-12-27 08:51:49,626][erp_ar.py:512] >> Bill-to Name	입력 완료
[2024-12-27 08:51:51,719][erp_ar.py:522] >> Payment Terms : 수금조건 입력 완료
[2024-12-27 08:51:53,807][erp_ar.py:530] >> Show More 클릭 완료
[2024-12-27 08:51:55,898][erp_ar.py:538] >> Miscellaneous 클릭 완료
[2024-12-27 08:51:57,976][erp_ar.py:547] >> Structured Payment Reference : 적요 입력 완료
[2024-12-27 08:52:00,047][erp_ar.py:554] >> 세무 증빙 유형 입력 완료
[2024-12-27 08:52:02,114][erp_ar.py:561] >> 세무 증빙 유형 입력 완료
[2024-12-27 08:52:04,171][erp_ar.py:568] >> 작성자 E-Mail 입력 완료
[2024-12-27 08:52:04,172][erp_ar.py:574] >> 1번째 ids_count
[2024-12-27 08:52:06,263][erp_ar.py:591] >> Memo Line 입력 완료
[2024-12-27 08:52:08,367][erp_ar.py:601] >> Description 입력 완료
[2024-12-27 08:52:10,408][erp_ar.py:608] >> Quantity 완료
[2024-12-27 08:52:12,485][erp_ar.py:615] >> Unit Price 완료
[2024-12-27 08:52:14,576][erp_ar.py:625] >> Tax Classification 완료
[2024-12-27 08:52:14,576][erp_ar.py:574] >> 2번째 ids_count
[2024-12-27 08:52:16,664][erp_ar.py:591] >> Memo Line 입력 완료
[2024-12-27 08:52:18,767][erp_ar.py:601] >> Description 입력 완료
[2024-12-27 08:52:20,835][erp_ar.py:608] >> Quantity 완료
[2024-12-27 08:52:22,914][erp_ar.py:615] >> Unit Price 완료
[2024-12-27 08:52:25,001][erp_ar.py:625] >> Tax Classification 완료
[2024-12-27 08:52:25,002][erp_ar.py:574] >> 3번째 ids_count
[2024-12-27 08:52:27,096][erp_ar.py:591] >> Memo Line 입력 완료
[2024-12-27 08:52:29,193][erp_ar.py:601] >> Description 입력 완료
[2024-12-27 08:52:31,262][erp_ar.py:608] >> Quantity 완료
[2024-12-27 08:52:33,334][erp_ar.py:615] >> Unit Price 완료
[2024-12-27 08:52:35,432][erp_ar.py:625] >> Tax Classification 완료
[2024-12-27 08:52:35,433][erp_ar.py:574] >> 4번째 ids_count
[2024-12-27 08:52:37,525][erp_ar.py:591] >> Memo Line 입력 완료
[2024-12-27 08:52:39,623][erp_ar.py:601] >> Description 입력 완료
[2024-12-27 08:52:41,694][erp_ar.py:608] >> Quantity 완료
[2024-12-27 08:52:43,769][erp_ar.py:615] >> Unit Price 완료
[2024-12-27 08:52:45,865][erp_ar.py:625] >> Tax Classification 완료
[2024-12-27 08:52:45,866][erp_ar.py:574] >> 5번째 ids_count
[2024-12-27 08:52:47,959][erp_ar.py:591] >> Memo Line 입력 완료
[2024-12-27 08:52:50,058][erp_ar.py:601] >> Description 입력 완료
[2024-12-27 08:52:52,131][erp_ar.py:608] >> Quantity 완료
[2024-12-27 08:52:54,207][erp_ar.py:615] >> Unit Price 완료
[2024-12-27 08:52:56,301][erp_ar.py:625] >> Tax Classification 완료
[2024-12-27 08:52:58,392][erp_ar.py:637] >> Save 완료
[2024-12-27 08:53:28,765][erp_ar.py:909] >> error msg : Message: 
Stacktrace:
0   chromedriver                        0x0000000101113184 cxxbridge1$str$ptr + 3626716
1   chromedriver                        0x000000010110b9d4 cxxbridge1$str$ptr + 3596076
2   chromedriver                        0x0000000100b78968 cxxbridge1$string$len + 89228
3   chromedriver                        0x0000000100bbcd50 cxxbridge1$string$len + 368756
4   chromedriver                        0x0000000100bf65b4 cxxbridge1$string$len + 604376
5   chromedriver                        0x0000000100bb1568 cxxbridge1$string$len + 321676
6   chromedriver                        0x0000000100bb21b8 cxxbridge1$string$len + 324828
7   chromedriver                        0x00000001010de9ac cxxbridge1$str$ptr + 3411716
8   chromedriver                        0x00000001010e1ccc cxxbridge1$str$ptr + 3424804
9   chromedriver                        0x00000001010c586c cxxbridge1$str$ptr + 3308996
10  chromedriver                        0x00000001010e258c cxxbridge1$str$ptr + 3427044
11  chromedriver                        0x00000001010b709c cxxbridge1$str$ptr + 3249652
12  chromedriver                        0x00000001010fc4b8 cxxbridge1$str$ptr + 3533328
13  chromedriver                        0x00000001010fc634 cxxbridge1$str$ptr + 3533708
14  chromedriver                        0x000000010110b648 cxxbridge1$str$ptr + 3595168
15  libsystem_pthread.dylib             0x000000019c539f94 _pthread_start + 136
16  libsystem_pthread.dylib             0x000000019c534d34 thread_start + 8

[2024-12-27 08:53:28,765][erp_ar.py:910] >> AR 발행 중 오류 발생 : 한국공항
[2024-12-27 08:53:34,400][erp_ar.py:923] >> 햄버거 버튼 클릭 완료
[2024-12-27 08:53:36,478][erp_ar.py:931] >> billing 메뉴 클릭 완료
[2024-12-27 08:53:40,140][erp_ar.py:936] >> changes will be lost. Do you want to continue? >>> Yes 클릭 완료
[2024-12-27 08:53:40,141][erp_ar.py:409] >> 1번쨰 : 한국공항 기발행 실패(에러 or 사용자 없음)
[2024-12-27 08:53:40,141][erp_ar.py:415] >> Invoice Details 갯수 : 5개
[2024-12-27 08:53:40,142][erp_ar.py:421] >> BillToName : [한국공항]
[2024-12-27 08:53:40,142][erp_ar.py:941] >> 2번쨰 : 한국공항 기발행 완료
[2024-12-27 08:53:40,142][erp_ar.py:413] >> #################### 2번째 : 대한항공 ####################
[2024-12-27 08:53:40,142][erp_ar.py:415] >> Invoice Details 갯수 : 2개
[2024-12-27 08:53:40,142][erp_ar.py:421] >> BillToName : [대한항공]
[2024-12-27 08:53:40,209][erp_ar.py:450] >> Tasks 이미지 클릭 완료
[2024-12-27 08:53:42,351][erp_ar.py:456] >> Create Transaction 클릭 완료
[2024-12-27 08:53:46,002][erp_ar.py:469] >> Transaction Source 입력 완료
[2024-12-27 08:53:48,090][erp_ar.py:479] >> Transaction Type : 매출유형 입력 완료
[2024-12-27 08:53:50,157][erp_ar.py:486] >> Transaction Number : 전표번호 입력 완료
[2024-12-27 08:53:52,258][erp_ar.py:495] >> Transaction Date : AR 작성일자 입력 완료
[2024-12-27 08:53:54,351][erp_ar.py:504] >> Accounting Date : 계산서 발행일자 입력 완료
[2024-12-27 08:53:56,410][erp_ar.py:512] >> Bill-to Name	입력 완료
[2024-12-27 08:53:58,503][erp_ar.py:522] >> Payment Terms : 수금조건 입력 완료
[2024-12-27 08:54:00,592][erp_ar.py:530] >> Show More 클릭 완료
[2024-12-27 08:54:02,672][erp_ar.py:538] >> Miscellaneous 클릭 완료
[2024-12-27 08:54:04,757][erp_ar.py:547] >> Structured Payment Reference : 적요 입력 완료
[2024-12-27 08:54:06,828][erp_ar.py:554] >> 세무 증빙 유형 입력 완료
[2024-12-27 08:54:08,895][erp_ar.py:561] >> 세무 증빙 유형 입력 완료
[2024-12-27 08:54:10,970][erp_ar.py:568] >> 작성자 E-Mail 입력 완료
[2024-12-27 08:54:10,970][erp_ar.py:574] >> 1번째 ids_count
[2024-12-27 08:54:13,061][erp_ar.py:591] >> Memo Line 입력 완료
[2024-12-27 08:54:15,158][erp_ar.py:601] >> Description 입력 완료
[2024-12-27 08:54:17,231][erp_ar.py:608] >> Quantity 완료
[2024-12-27 08:54:19,309][erp_ar.py:615] >> Unit Price 완료
[2024-12-27 08:54:21,403][erp_ar.py:625] >> Tax Classification 완료
[2024-12-27 08:54:21,404][erp_ar.py:574] >> 2번째 ids_count
[2024-12-27 08:54:23,490][erp_ar.py:591] >> Memo Line 입력 완료
[2024-12-27 08:54:25,587][erp_ar.py:601] >> Description 입력 완료
[2024-12-27 08:54:27,660][erp_ar.py:608] >> Quantity 완료
[2024-12-27 08:54:29,736][erp_ar.py:615] >> Unit Price 완료
[2024-12-27 08:54:31,829][erp_ar.py:625] >> Tax Classification 완료
[2024-12-27 08:54:33,931][erp_ar.py:637] >> Save 완료
[2024-12-27 08:54:46,020][erp_ar.py:646] >> Action 버튼 클릭 완료
[2024-12-27 08:54:48,105][erp_ar.py:654] >> Edit Distribution 클릭 완료
[2024-12-27 08:54:51,243][erp_ar.py:662] >> Alert창 Yes 클릭 완료
[2024-12-27 08:54:55,325][erp_ar.py:702] >> Edit Distributions > Line Number
[2024-12-27 08:54:59,452][erp_ar.py:712] >> Edit Distributions > Account Class
[2024-12-27 08:55:01,534][erp_ar.py:719] >> Edit Distributions > 돋보기 버튼 클릭 완료
[2024-12-27 08:55:03,618][erp_ar.py:729] >> Distributions > RESP Center 입력 완료
[2024-12-27 08:55:23,795][erp_ar.py:909] >> error msg : Message: 
Stacktrace:
0   chromedriver                        0x0000000101113184 cxxbridge1$str$ptr + 3626716
1   chromedriver                        0x000000010110b9d4 cxxbridge1$str$ptr + 3596076
2   chromedriver                        0x0000000100b78968 cxxbridge1$string$len + 89228
3   chromedriver                        0x0000000100bbcd50 cxxbridge1$string$len + 368756
4   chromedriver                        0x0000000100bf65b4 cxxbridge1$string$len + 604376
5   chromedriver                        0x0000000100bb1568 cxxbridge1$string$len + 321676
6   chromedriver                        0x0000000100bb21b8 cxxbridge1$string$len + 324828
7   chromedriver                        0x00000001010de9ac cxxbridge1$str$ptr + 3411716
8   chromedriver                        0x00000001010e1ccc cxxbridge1$str$ptr + 3424804
9   chromedriver                        0x00000001010c586c cxxbridge1$str$ptr + 3308996
10  chromedriver                        0x00000001010e258c cxxbridge1$str$ptr + 3427044
11  chromedriver                        0x00000001010b709c cxxbridge1$str$ptr + 3249652
12  chromedriver                        0x00000001010fc4b8 cxxbridge1$str$ptr + 3533328
13  chromedriver                        0x00000001010fc634 cxxbridge1$str$ptr + 3533708
14  chromedriver                        0x000000010110b648 cxxbridge1$str$ptr + 3595168
15  libsystem_pthread.dylib             0x000000019c539f94 _pthread_start + 136
16  libsystem_pthread.dylib             0x000000019c534d34 thread_start + 8

[2024-12-27 08:55:23,795][erp_ar.py:910] >> AR 발행 중 오류 발생 : 대한항공
[2024-12-27 08:55:29,212][erp_ar.py:923] >> 햄버거 버튼 클릭 완료
[2024-12-27 08:55:31,288][erp_ar.py:931] >> billing 메뉴 클릭 완료
[2024-12-27 08:55:33,874][erp_ar.py:936] >> changes will be lost. Do you want to continue? >>> Yes 클릭 완료
[2024-12-27 08:55:33,874][erp_ar.py:409] >> 2번쨰 : 대한항공 기발행 실패(에러 or 사용자 없음)
[2024-12-27 08:55:33,874][erp_ar.py:415] >> Invoice Details 갯수 : 2개
[2024-12-27 08:55:33,874][erp_ar.py:421] >> BillToName : [대한항공]
[2024-12-27 08:55:33,874][erp_ar.py:941] >> 7번쨰 : 대한항공 기발행 완료
[2024-12-27 08:55:33,874][erp_ar.py:413] >> #################### 3번째 : 한진 ####################
[2024-12-27 08:55:33,874][erp_ar.py:415] >> Invoice Details 갯수 : 4개
[2024-12-27 08:55:33,874][erp_ar.py:421] >> BillToName : [한진]
[2024-12-27 08:55:33,922][erp_ar.py:450] >> Tasks 이미지 클릭 완료
[2024-12-27 08:55:36,066][erp_ar.py:456] >> Create Transaction 클릭 완료
[2024-12-27 08:55:39,714][erp_ar.py:469] >> Transaction Source 입력 완료
[2024-12-27 08:55:41,800][erp_ar.py:479] >> Transaction Type : 매출유형 입력 완료
[2024-12-27 08:55:43,869][erp_ar.py:486] >> Transaction Number : 전표번호 입력 완료
[2024-12-27 08:55:45,969][erp_ar.py:495] >> Transaction Date : AR 작성일자 입력 완료
[2024-12-27 08:55:48,059][erp_ar.py:504] >> Accounting Date : 계산서 발행일자 입력 완료
[2024-12-27 08:55:50,107][erp_ar.py:512] >> Bill-to Name	입력 완료
[2024-12-27 08:55:52,209][erp_ar.py:522] >> Payment Terms : 수금조건 입력 완료
[2024-12-27 08:55:54,296][erp_ar.py:530] >> Show More 클릭 완료
[2024-12-27 08:55:56,375][erp_ar.py:538] >> Miscellaneous 클릭 완료
[2024-12-27 08:55:58,468][erp_ar.py:547] >> Structured Payment Reference : 적요 입력 완료
[2024-12-27 08:56:00,533][erp_ar.py:554] >> 세무 증빙 유형 입력 완료
[2024-12-27 08:56:02,599][erp_ar.py:561] >> 세무 증빙 유형 입력 완료
[2024-12-27 08:56:04,672][erp_ar.py:568] >> 작성자 E-Mail 입력 완료
[2024-12-27 08:56:04,672][erp_ar.py:574] >> 1번째 ids_count
[2024-12-27 08:56:06,780][erp_ar.py:591] >> Memo Line 입력 완료
[2024-12-27 08:56:08,878][erp_ar.py:601] >> Description 입력 완료
[2024-12-27 08:56:10,947][erp_ar.py:608] >> Quantity 완료
[2024-12-27 08:56:13,023][erp_ar.py:615] >> Unit Price 완료
[2024-12-27 08:56:15,112][erp_ar.py:625] >> Tax Classification 완료
[2024-12-27 08:56:15,112][erp_ar.py:574] >> 2번째 ids_count
[2024-12-27 08:56:17,201][erp_ar.py:591] >> Memo Line 입력 완료
[2024-12-27 08:56:19,310][erp_ar.py:601] >> Description 입력 완료
[2024-12-27 08:56:21,376][erp_ar.py:608] >> Quantity 완료
[2024-12-27 08:56:23,450][erp_ar.py:615] >> Unit Price 완료
[2024-12-27 08:56:25,547][erp_ar.py:625] >> Tax Classification 완료
[2024-12-27 08:56:25,548][erp_ar.py:574] >> 3번째 ids_count
[2024-12-27 08:56:27,636][erp_ar.py:591] >> Memo Line 입력 완료
[2024-12-27 08:56:29,743][erp_ar.py:601] >> Description 입력 완료
[2024-12-27 08:56:31,813][erp_ar.py:608] >> Quantity 완료
[2024-12-27 08:56:33,886][erp_ar.py:615] >> Unit Price 완료
[2024-12-27 08:56:35,974][erp_ar.py:625] >> Tax Classification 완료
[2024-12-27 08:56:35,975][erp_ar.py:574] >> 4번째 ids_count
[2024-12-27 08:56:38,062][erp_ar.py:591] >> Memo Line 입력 완료
[2024-12-27 08:56:40,172][erp_ar.py:601] >> Description 입력 완료
[2024-12-27 08:56:42,246][erp_ar.py:608] >> Quantity 완료
[2024-12-27 08:56:44,316][erp_ar.py:615] >> Unit Price 완료
[2024-12-27 08:56:46,403][erp_ar.py:625] >> Tax Classification 완료
[2024-12-27 08:56:48,500][erp_ar.py:637] >> Save 완료
[2024-12-27 08:57:00,586][erp_ar.py:646] >> Action 버튼 클릭 완료
[2024-12-27 08:57:02,669][erp_ar.py:654] >> Edit Distribution 클릭 완료
[2024-12-27 08:57:05,287][erp_ar.py:662] >> Alert창 Yes 클릭 완료
[2024-12-27 08:57:09,380][erp_ar.py:702] >> Edit Distributions > Line Number
[2024-12-27 08:57:13,502][erp_ar.py:712] >> Edit Distributions > Account Class
[2024-12-27 08:57:15,587][erp_ar.py:719] >> Edit Distributions > 돋보기 버튼 클릭 완료
[2024-12-27 08:57:18,226][erp_ar.py:729] >> Distributions > RESP Center 입력 완료
[2024-12-27 08:57:22,371][erp_ar.py:736] >> Distributions > RESP Center 클릭 완료
[2024-12-27 08:57:24,456][erp_ar.py:743] >> Distributions > Cost Center 입력 완료
[2024-12-27 08:57:28,076][erp_ar.py:750] >> Distributions > Cost Center 클릭 완료
[2024-12-27 08:57:30,171][erp_ar.py:770] >> Distributions > Project 입력 완료
[2024-12-27 08:57:34,302][erp_ar.py:777] >> Distributions > Project 클릭 완료
[2024-12-27 08:57:36,378][erp_ar.py:787] >> Distributions > OK 버튼 클릭 완료
[2024-12-27 08:57:40,455][erp_ar.py:702] >> Edit Distributions > Line Number
[2024-12-27 08:57:44,580][erp_ar.py:712] >> Edit Distributions > Account Class
[2024-12-27 08:57:46,659][erp_ar.py:719] >> Edit Distributions > 돋보기 버튼 클릭 완료
[2024-12-27 08:57:48,729][erp_ar.py:729] >> Distributions > RESP Center 입력 완료
[2024-12-27 08:58:08,909][erp_ar.py:909] >> error msg : Message: 
Stacktrace:
0   chromedriver                        0x0000000101113184 cxxbridge1$str$ptr + 3626716
1   chromedriver                        0x000000010110b9d4 cxxbridge1$str$ptr + 3596076
2   chromedriver                        0x0000000100b78968 cxxbridge1$string$len + 89228
3   chromedriver                        0x0000000100bbcd50 cxxbridge1$string$len + 368756
4   chromedriver                        0x0000000100bf65b4 cxxbridge1$string$len + 604376
5   chromedriver                        0x0000000100bb1568 cxxbridge1$string$len + 321676
6   chromedriver                        0x0000000100bb21b8 cxxbridge1$string$len + 324828
7   chromedriver                        0x00000001010de9ac cxxbridge1$str$ptr + 3411716
8   chromedriver                        0x00000001010e1ccc cxxbridge1$str$ptr + 3424804
9   chromedriver                        0x00000001010c586c cxxbridge1$str$ptr + 3308996
10  chromedriver                        0x00000001010e258c cxxbridge1$str$ptr + 3427044
11  chromedriver                        0x00000001010b709c cxxbridge1$str$ptr + 3249652
12  chromedriver                        0x00000001010fc4b8 cxxbridge1$str$ptr + 3533328
13  chromedriver                        0x00000001010fc634 cxxbridge1$str$ptr + 3533708
14  chromedriver                        0x000000010110b648 cxxbridge1$str$ptr + 3595168
15  libsystem_pthread.dylib             0x000000019c539f94 _pthread_start + 136
16  libsystem_pthread.dylib             0x000000019c534d34 thread_start + 8

[2024-12-27 08:58:08,910][erp_ar.py:910] >> AR 발행 중 오류 발생 : 한진
[2024-12-27 08:58:14,412][erp_ar.py:923] >> 햄버거 버튼 클릭 완료
[2024-12-27 08:58:16,497][erp_ar.py:931] >> billing 메뉴 클릭 완료
[2024-12-27 08:58:20,154][erp_ar.py:936] >> changes will be lost. Do you want to continue? >>> Yes 클릭 완료
[2024-12-27 08:58:20,154][erp_ar.py:409] >> 3번쨰 : 한진 기발행 실패(에러 or 사용자 없음)
[2024-12-27 08:58:20,155][erp_ar.py:415] >> Invoice Details 갯수 : 4개
[2024-12-27 08:58:20,155][erp_ar.py:421] >> BillToName : [한진]
[2024-12-27 08:58:20,155][erp_ar.py:941] >> 9번쨰 : 한진 기발행 완료
[2024-12-27 08:58:20,155][erp_ar.py:413] >> #################### 4번째 : 대한항공 ####################
[2024-12-27 08:58:20,155][erp_ar.py:415] >> Invoice Details 갯수 : 1개
[2024-12-27 08:58:20,155][erp_ar.py:421] >> BillToName : [대한항공]
[2024-12-27 08:58:20,222][erp_ar.py:450] >> Tasks 이미지 클릭 완료
[2024-12-27 08:58:21,864][erp_ar.py:456] >> Create Transaction 클릭 완료
[2024-12-27 08:58:25,497][erp_ar.py:469] >> Transaction Source 입력 완료
[2024-12-27 08:58:27,584][erp_ar.py:479] >> Transaction Type : 매출유형 입력 완료
[2024-12-27 08:58:29,650][erp_ar.py:486] >> Transaction Number : 전표번호 입력 완료
[2024-12-27 08:58:31,748][erp_ar.py:495] >> Transaction Date : AR 작성일자 입력 완료
[2024-12-27 08:58:33,838][erp_ar.py:504] >> Accounting Date : 계산서 발행일자 입력 완료
[2024-12-27 08:58:35,900][erp_ar.py:512] >> Bill-to Name	입력 완료
[2024-12-27 08:58:37,993][erp_ar.py:522] >> Payment Terms : 수금조건 입력 완료
[2024-12-27 08:58:40,082][erp_ar.py:530] >> Show More 클릭 완료
[2024-12-27 08:58:42,146][erp_ar.py:538] >> Miscellaneous 클릭 완료
[2024-12-27 08:58:44,236][erp_ar.py:547] >> Structured Payment Reference : 적요 입력 완료
[2024-12-27 08:58:46,299][erp_ar.py:554] >> 세무 증빙 유형 입력 완료
[2024-12-27 08:58:48,373][erp_ar.py:561] >> 세무 증빙 유형 입력 완료
[2024-12-27 08:58:50,454][erp_ar.py:568] >> 작성자 E-Mail 입력 완료
[2024-12-27 08:58:50,456][erp_ar.py:574] >> 1번째 ids_count
[2024-12-27 08:58:52,550][erp_ar.py:591] >> Memo Line 입력 완료
[2024-12-27 08:58:54,653][erp_ar.py:601] >> Description 입력 완료
[2024-12-27 08:58:56,730][erp_ar.py:608] >> Quantity 완료
[2024-12-27 08:58:58,811][erp_ar.py:615] >> Unit Price 완료
[2024-12-27 08:59:00,908][erp_ar.py:625] >> Tax Classification 완료
[2024-12-27 08:59:03,007][erp_ar.py:637] >> Save 완료
[2024-12-27 08:59:15,102][erp_ar.py:646] >> Action 버튼 클릭 완료
[2024-12-27 08:59:17,189][erp_ar.py:654] >> Edit Distribution 클릭 완료
[2024-12-27 08:59:20,341][erp_ar.py:662] >> Alert창 Yes 클릭 완료
[2024-12-27 08:59:24,433][erp_ar.py:702] >> Edit Distributions > Line Number
[2024-12-27 08:59:28,556][erp_ar.py:712] >> Edit Distributions > Account Class
[2024-12-27 08:59:30,643][erp_ar.py:719] >> Edit Distributions > 돋보기 버튼 클릭 완료
[2024-12-27 08:59:34,311][erp_ar.py:729] >> Distributions > RESP Center 입력 완료
[2024-12-27 08:59:37,944][erp_ar.py:736] >> Distributions > RESP Center 클릭 완료
[2024-12-27 08:59:40,028][erp_ar.py:743] >> Distributions > Cost Center 입력 완료
[2024-12-27 08:59:44,164][erp_ar.py:750] >> Distributions > Cost Center 클릭 완료
[2024-12-27 08:59:46,252][erp_ar.py:770] >> Distributions > Project 입력 완료
[2024-12-27 08:59:50,353][erp_ar.py:777] >> Distributions > Project 클릭 완료
[2024-12-27 08:59:52,430][erp_ar.py:787] >> Distributions > OK 버튼 클릭 완료
[2024-12-27 08:59:58,588][erp_ar.py:881] >> Save 우측 화살표버튼 클릭 완료
[2024-12-27 09:00:01,665][erp_ar.py:889] >> Save and Close 클릭 완료
[2024-12-27 09:00:04,734][erp_ar.py:895] >> Billing 화면에서 Alert창 내 OK버튼 클릭 완료
[2024-12-27 09:00:04,734][erp_ar.py:898] >> AR 발행완료 : 대한항공
[2024-12-27 09:00:05,041][erp_ar.py:967] >> ERP AR_Transaction 발행 종료
[2024-12-27 09:16:38,580][erp_ar.py:29] >> --------------------------------------------------
[2024-12-27 09:16:38,581][erp_ar.py:30] >> --------------------------------------------------
[2024-12-27 09:16:38,581][erp_ar.py:31] >> --------------------------------------------------
[2024-12-27 09:16:38,581][erp_ar.py:32] >> ERP AR 발행 시작
[2024-12-27 09:16:38,581][erp_ar.py:76] >> 설치된 사용자 정보 확인
[2024-12-27 09:16:38,680][erp_ar.py:90] >> user     = 강이슬
[2024-12-27 09:16:38,680][erp_ar.py:91] >> account  = iskang@hist.co.kr
[2024-12-27 09:16:38,680][erp_ar.py:92] >> password = Hist7288!
[2024-12-27 09:16:45,642][erp_ar.py:106] >> ERP 페이지 이동 완료
[2024-12-27 09:16:45,693][erp_ar.py:111] >> displayOK : True
[2024-12-27 09:16:52,378][erp_ar.py:119] >> 로그인 완료
[2024-12-27 09:16:52,379][erp_ar.py:120] >> iskang@hist.co.kr : Hist7288!
[2024-12-27 09:16:52,379][erp_ar.py:128] >> AR Transaction 이동
[2024-12-27 09:17:04,461][erp_ar.py:135] >> 햄버거 버튼 클릭 완료
[2024-12-27 09:17:06,533][erp_ar.py:141] >> Receivables 메뉴 클릭 완료
[2024-12-27 09:17:08,606][erp_ar.py:147] >> Billing 클릭 완료
[2024-12-27 09:17:08,618][erp_ar.py:353] >> ##################################################
[2024-12-27 09:17:08,618][erp_ar.py:354] >> ##################################################
[2024-12-27 09:17:08,618][erp_ar.py:355] >> 발행할 AR 갯수 : 4개, 2번째 row, 0번째 배열
[2024-12-27 09:17:08,618][erp_ar.py:357] >> General Information
[2024-12-27 09:17:08,619][erp_ar.py:358] >> BusinessUnit      : HX_BU
[2024-12-27 09:17:08,619][erp_ar.py:359] >> TransactionSource : HX_MANUAL
[2024-12-27 09:17:08,619][erp_ar.py:360] >> TransactionType   : 영업매출
[2024-12-27 09:17:08,619][erp_ar.py:361] >> TransactionDate   : 2024-12-17
[2024-12-27 09:17:08,619][erp_ar.py:362] >> AccountingDate    : 2024-12-17
[2024-12-27 09:17:08,619][erp_ar.py:363] >> TransactionNumber : ART241217이수임0901
[2024-12-27 09:17:08,619][erp_ar.py:364] >> BillToName        : 한국공항
[2024-12-27 09:17:08,619][erp_ar.py:365] >> PaymentTerms      : 30 Net
[2024-12-27 09:17:08,619][erp_ar.py:366] >> StructuredPaymentReference: 12월 한국공항 정보시스템 서비스료 청구
[2024-12-27 09:17:08,619][erp_ar.py:367] >> TaxProofType(세무증빙유형) : 10(세금계산서[전자])
[2024-12-27 09:17:08,619][erp_ar.py:368] >> BusinessNumber    : 0000
[2024-12-27 09:17:08,619][erp_ar.py:369] >> ReverseIssue      : N
[2024-12-27 09:17:08,619][erp_ar.py:370] >> Email             : iskang@hist.co.kr
[2024-12-27 09:17:08,619][erp_ar.py:375] >> ##################################################
[2024-12-27 09:17:08,619][erp_ar.py:378] >> Invoice Details : 1번째
[2024-12-27 09:17:08,619][erp_ar.py:379] >> MemoLine        : 그룹웨어 수익
[2024-12-27 09:17:08,619][erp_ar.py:380] >> Description     : 12월 한국공항 정보시스템 서비스료 청구
[2024-12-27 09:17:08,619][erp_ar.py:381] >> Quantity        : 1
[2024-12-27 09:17:08,619][erp_ar.py:382] >> UnitPrice       : 1650000
[2024-12-27 09:17:08,619][erp_ar.py:383] >> TaxClassification : HX_매출과세
[2024-12-27 09:17:08,619][erp_ar.py:384] >> TBC             : Sales Transaction
[2024-12-27 09:17:08,620][erp_ar.py:385] >> CostCenter      : SELSLUG
[2024-12-27 09:17:08,620][erp_ar.py:386] >> Account         : 414113
[2024-12-27 09:17:08,620][erp_ar.py:387] >> Project         : V220011
[2024-12-27 09:17:08,620][erp_ar.py:375] >> ##################################################
[2024-12-27 09:17:08,620][erp_ar.py:378] >> Invoice Details : 2번째
[2024-12-27 09:17:08,620][erp_ar.py:379] >> MemoLine        : On_Demand 수익
[2024-12-27 09:17:08,620][erp_ar.py:380] >> Description     : 12월 한국공항 정보시스템 서비스료 청구
[2024-12-27 09:17:08,620][erp_ar.py:381] >> Quantity        : 1
[2024-12-27 09:17:08,620][erp_ar.py:382] >> UnitPrice       : 9620000
[2024-12-27 09:17:08,620][erp_ar.py:383] >> TaxClassification : HX_매출과세
[2024-12-27 09:17:08,620][erp_ar.py:384] >> TBC             : Sales Transaction
[2024-12-27 09:17:08,620][erp_ar.py:385] >> CostCenter      : SELSCIS
[2024-12-27 09:17:08,620][erp_ar.py:386] >> Account         : 414112
[2024-12-27 09:17:08,620][erp_ar.py:387] >> Project         : V090036
[2024-12-27 09:17:08,620][erp_ar.py:375] >> ##################################################
[2024-12-27 09:17:08,620][erp_ar.py:378] >> Invoice Details : 3번째
[2024-12-27 09:17:08,620][erp_ar.py:379] >> MemoLine        : NW운영
[2024-12-27 09:17:08,620][erp_ar.py:380] >> Description     : 12월 한국공항 정보시스템 서비스료 청구
[2024-12-27 09:17:08,620][erp_ar.py:381] >> Quantity        : 1
[2024-12-27 09:17:08,620][erp_ar.py:382] >> UnitPrice       : 20577500
[2024-12-27 09:17:08,620][erp_ar.py:383] >> TaxClassification : HX_매출과세
[2024-12-27 09:17:08,620][erp_ar.py:384] >> TBC             : Sales Transaction
[2024-12-27 09:17:08,621][erp_ar.py:385] >> CostCenter      : SELSLIN
[2024-12-27 09:17:08,621][erp_ar.py:386] >> Account         : 413121
[2024-12-27 09:17:08,621][erp_ar.py:387] >> Project         : V090031
[2024-12-27 09:17:08,621][erp_ar.py:375] >> ##################################################
[2024-12-27 09:17:08,621][erp_ar.py:378] >> Invoice Details : 4번째
[2024-12-27 09:17:08,621][erp_ar.py:379] >> MemoLine        : 시스템 유지보수
[2024-12-27 09:17:08,621][erp_ar.py:380] >> Description     : 12월 한국공항 정보시스템 서비스료 청구
[2024-12-27 09:17:08,621][erp_ar.py:381] >> Quantity        : 1
[2024-12-27 09:17:08,621][erp_ar.py:382] >> UnitPrice       : 428000
[2024-12-27 09:17:08,621][erp_ar.py:383] >> TaxClassification : HX_매출과세
[2024-12-27 09:17:08,621][erp_ar.py:384] >> TBC             : Sales Transaction
[2024-12-27 09:17:08,621][erp_ar.py:385] >> CostCenter      : SELSLIN
[2024-12-27 09:17:08,621][erp_ar.py:386] >> Account         : 413111
[2024-12-27 09:17:08,621][erp_ar.py:387] >> Project         : V090032
[2024-12-27 09:17:08,621][erp_ar.py:375] >> ##################################################
[2024-12-27 09:17:08,621][erp_ar.py:378] >> Invoice Details : 5번째
[2024-12-27 09:17:08,621][erp_ar.py:379] >> MemoLine        : DTS/DTO 수익
[2024-12-27 09:17:08,621][erp_ar.py:380] >> Description     : 12월 한국공항 정보시스템 서비스료 청구
[2024-12-27 09:17:08,621][erp_ar.py:381] >> Quantity        : 1
[2024-12-27 09:17:08,621][erp_ar.py:382] >> UnitPrice       : 19245500
[2024-12-27 09:17:08,621][erp_ar.py:383] >> TaxClassification : HX_매출과세
[2024-12-27 09:17:08,621][erp_ar.py:384] >> TBC             : Sales Transaction
[2024-12-27 09:17:08,621][erp_ar.py:385] >> CostCenter      : SELSLIN
[2024-12-27 09:17:08,621][erp_ar.py:386] >> Account         : 414114
[2024-12-27 09:17:08,622][erp_ar.py:387] >> Project         : V080032
[2024-12-27 09:17:08,622][erp_ar.py:353] >> ##################################################
[2024-12-27 09:17:08,622][erp_ar.py:354] >> ##################################################
[2024-12-27 09:17:08,622][erp_ar.py:355] >> 발행할 AR 갯수 : 4개, 3번째 row, 1번째 배열
[2024-12-27 09:17:08,622][erp_ar.py:357] >> General Information
[2024-12-27 09:17:08,622][erp_ar.py:358] >> BusinessUnit      : HX_BU
[2024-12-27 09:17:08,622][erp_ar.py:359] >> TransactionSource : HX_MANUAL
[2024-12-27 09:17:08,622][erp_ar.py:360] >> TransactionType   : 영업매출
[2024-12-27 09:17:08,622][erp_ar.py:361] >> TransactionDate   : 2024-12-18
[2024-12-27 09:17:08,622][erp_ar.py:362] >> AccountingDate    : 2024-12-18
[2024-12-27 09:17:08,622][erp_ar.py:363] >> TransactionNumber : ART241217이수임0902
[2024-12-27 09:17:08,622][erp_ar.py:364] >> BillToName        : 대한항공
[2024-12-27 09:17:08,622][erp_ar.py:365] >> PaymentTerms      : 30 Net
[2024-12-27 09:17:08,622][erp_ar.py:366] >> StructuredPaymentReference: 12월 대한항공 AMS 서비스 도급대금(홈페이지)
[2024-12-27 09:17:08,622][erp_ar.py:367] >> TaxProofType(세무증빙유형) : 10(세금계산서[전자])
[2024-12-27 09:17:08,622][erp_ar.py:368] >> BusinessNumber    : 0000
[2024-12-27 09:17:08,622][erp_ar.py:369] >> ReverseIssue      : Y
[2024-12-27 09:17:08,622][erp_ar.py:370] >> Email             : iskang@hist.co.kr
[2024-12-27 09:17:08,622][erp_ar.py:375] >> ##################################################
[2024-12-27 09:17:08,622][erp_ar.py:378] >> Invoice Details : 1번째
[2024-12-27 09:17:08,622][erp_ar.py:379] >> MemoLine        : SM 수익
[2024-12-27 09:17:08,622][erp_ar.py:380] >> Description     : 12월 대한항공 AMS 서비스 도급대금(홈페이지)
[2024-12-27 09:17:08,622][erp_ar.py:381] >> Quantity        : 1
[2024-12-27 09:17:08,623][erp_ar.py:382] >> UnitPrice       : 257803457
[2024-12-27 09:17:08,623][erp_ar.py:383] >> TaxClassification : HX_매출과세
[2024-12-27 09:17:08,623][erp_ar.py:384] >> TBC             : Sales Transaction
[2024-12-27 09:17:08,623][erp_ar.py:385] >> CostCenter      : SELSPBM
[2024-12-27 09:17:08,623][erp_ar.py:386] >> Account         : 414121
[2024-12-27 09:17:08,623][erp_ar.py:387] >> Project         : V080020
[2024-12-27 09:17:08,623][erp_ar.py:375] >> ##################################################
[2024-12-27 09:17:08,623][erp_ar.py:378] >> Invoice Details : 2번째
[2024-12-27 09:17:08,623][erp_ar.py:379] >> MemoLine        : UX/UI 수익
[2024-12-27 09:17:08,623][erp_ar.py:380] >> Description     : 12월 대한항공 AMS 서비스 도급대금(홈페이지)
[2024-12-27 09:17:08,623][erp_ar.py:381] >> Quantity        : 1
[2024-12-27 09:17:08,623][erp_ar.py:382] >> UnitPrice       : 167250000
[2024-12-27 09:17:08,623][erp_ar.py:383] >> TaxClassification : HX_매출과세
[2024-12-27 09:17:08,623][erp_ar.py:384] >> TBC             : Sales Transaction
[2024-12-27 09:17:08,623][erp_ar.py:385] >> CostCenter      : SELSPBU
[2024-12-27 09:17:08,623][erp_ar.py:386] >> Account         : 414123
[2024-12-27 09:17:08,623][erp_ar.py:387] >> Project         : V190011
[2024-12-27 09:17:08,623][erp_ar.py:353] >> ##################################################
[2024-12-27 09:17:08,624][erp_ar.py:354] >> ##################################################
[2024-12-27 09:17:08,624][erp_ar.py:355] >> 발행할 AR 갯수 : 4개, 4번째 row, 2번째 배열
[2024-12-27 09:17:08,624][erp_ar.py:357] >> General Information
[2024-12-27 09:17:08,624][erp_ar.py:358] >> BusinessUnit      : HX_BU
[2024-12-27 09:17:08,624][erp_ar.py:359] >> TransactionSource : HX_MANUAL
[2024-12-27 09:17:08,624][erp_ar.py:360] >> TransactionType   : 영업매출
[2024-12-27 09:17:08,624][erp_ar.py:361] >> TransactionDate   : 2024-12-31
[2024-12-27 09:17:08,624][erp_ar.py:362] >> AccountingDate    : 2024-12-31
[2024-12-27 09:17:08,624][erp_ar.py:363] >> TransactionNumber : ART241217이수임0903
[2024-12-27 09:17:08,624][erp_ar.py:364] >> BillToName        : 한진
[2024-12-27 09:17:08,624][erp_ar.py:365] >> PaymentTerms      : 30 Net
[2024-12-27 09:17:08,624][erp_ar.py:366] >> StructuredPaymentReference: 12월분_㈜한진 ERP 유지보수 및 INFRA서비스
[2024-12-27 09:17:08,624][erp_ar.py:367] >> TaxProofType(세무증빙유형) : 10(세금계산서[전자])
[2024-12-27 09:17:08,624][erp_ar.py:368] >> BusinessNumber    : 0000
[2024-12-27 09:17:08,624][erp_ar.py:369] >> ReverseIssue      : N
[2024-12-27 09:17:08,624][erp_ar.py:370] >> Email             : iskang@hist.co.kr
[2024-12-27 09:17:08,624][erp_ar.py:375] >> ##################################################
[2024-12-27 09:17:08,624][erp_ar.py:378] >> Invoice Details : 1번째
[2024-12-27 09:17:08,624][erp_ar.py:379] >> MemoLine        : ERP 운영
[2024-12-27 09:17:08,625][erp_ar.py:380] >> Description     : 12월분_㈜한진 ERP 유지보수 및 INFRA서비스
[2024-12-27 09:17:08,625][erp_ar.py:381] >> Quantity        : 1
[2024-12-27 09:17:08,625][erp_ar.py:382] >> UnitPrice       : 16228768
[2024-12-27 09:17:08,625][erp_ar.py:383] >> TaxClassification : HX_매출과세
[2024-12-27 09:17:08,625][erp_ar.py:384] >> TBC             : Sales Transaction
[2024-12-27 09:17:08,625][erp_ar.py:385] >> CostCenter      : SELSLUE
[2024-12-27 09:17:08,625][erp_ar.py:386] >> Account         : 414122
[2024-12-27 09:17:08,625][erp_ar.py:387] >> Project         : V210017
[2024-12-27 09:17:08,625][erp_ar.py:375] >> ##################################################
[2024-12-27 09:17:08,625][erp_ar.py:378] >> Invoice Details : 2번째
[2024-12-27 09:17:08,625][erp_ar.py:379] >> MemoLine        : 보안서비스
[2024-12-27 09:17:08,625][erp_ar.py:380] >> Description     : 12월분_㈜한진 ERP 유지보수 및 INFRA서비스
[2024-12-27 09:17:08,625][erp_ar.py:381] >> Quantity        : 1
[2024-12-27 09:17:08,625][erp_ar.py:382] >> UnitPrice       : 966000
[2024-12-27 09:17:08,626][erp_ar.py:383] >> TaxClassification : HX_매출과세
[2024-12-27 09:17:08,626][erp_ar.py:384] >> TBC             : Sales Transaction
[2024-12-27 09:17:08,626][erp_ar.py:385] >> CostCenter      : SELSLIS
[2024-12-27 09:17:08,626][erp_ar.py:386] >> Account         : 413162
[2024-12-27 09:17:08,626][erp_ar.py:387] >> Project         : V210019
[2024-12-27 09:17:08,626][erp_ar.py:375] >> ##################################################
[2024-12-27 09:17:08,626][erp_ar.py:378] >> Invoice Details : 3번째
[2024-12-27 09:17:08,626][erp_ar.py:379] >> MemoLine        : DATA센터 수익
[2024-12-27 09:17:08,626][erp_ar.py:380] >> Description     : 12월분_㈜한진 ERP 유지보수 및 INFRA서비스
[2024-12-27 09:17:08,626][erp_ar.py:381] >> Quantity        : 1
[2024-12-27 09:17:08,626][erp_ar.py:382] >> UnitPrice       : 2670000
[2024-12-27 09:17:08,626][erp_ar.py:383] >> TaxClassification : HX_매출과세
[2024-12-27 09:17:08,626][erp_ar.py:384] >> TBC             : Sales Transaction
[2024-12-27 09:17:08,626][erp_ar.py:385] >> CostCenter      : SELSCI
[2024-12-27 09:17:08,626][erp_ar.py:386] >> Account         : 413151
[2024-12-27 09:17:08,626][erp_ar.py:387] >> Project         : V210018
[2024-12-27 09:17:08,626][erp_ar.py:375] >> ##################################################
[2024-12-27 09:17:08,626][erp_ar.py:378] >> Invoice Details : 4번째
[2024-12-27 09:17:08,626][erp_ar.py:379] >> MemoLine        : NW운영
[2024-12-27 09:17:08,626][erp_ar.py:380] >> Description     : 12월분_㈜한진 ERP 유지보수 및 INFRA서비스
[2024-12-27 09:17:08,626][erp_ar.py:381] >> Quantity        : 1
[2024-12-27 09:17:08,626][erp_ar.py:382] >> UnitPrice       : 300000
[2024-12-27 09:17:08,626][erp_ar.py:383] >> TaxClassification : HX_매출과세
[2024-12-27 09:17:08,626][erp_ar.py:384] >> TBC             : Sales Transaction
[2024-12-27 09:17:08,626][erp_ar.py:385] >> CostCenter      : SELSLIN
[2024-12-27 09:17:08,626][erp_ar.py:386] >> Account         : 413121
[2024-12-27 09:17:08,626][erp_ar.py:387] >> Project         : V210020
[2024-12-27 09:17:08,627][erp_ar.py:353] >> ##################################################
[2024-12-27 09:17:08,627][erp_ar.py:354] >> ##################################################
[2024-12-27 09:17:08,627][erp_ar.py:355] >> 발행할 AR 갯수 : 4개, 5번째 row, 3번째 배열
[2024-12-27 09:17:08,627][erp_ar.py:357] >> General Information
[2024-12-27 09:17:08,627][erp_ar.py:358] >> BusinessUnit      : HX_BU
[2024-12-27 09:17:08,627][erp_ar.py:359] >> TransactionSource : HX_MANUAL
[2024-12-27 09:17:08,627][erp_ar.py:360] >> TransactionType   : 영업매출
[2024-12-27 09:17:08,627][erp_ar.py:361] >> TransactionDate   : 2024-12-19
[2024-12-27 09:17:08,627][erp_ar.py:362] >> AccountingDate    : 2024-12-19
[2024-12-27 09:17:08,627][erp_ar.py:363] >> TransactionNumber : ART241217이수임0904
[2024-12-27 09:17:08,627][erp_ar.py:364] >> BillToName        : 대한항공
[2024-12-27 09:17:08,627][erp_ar.py:365] >> PaymentTerms      : 30 Net
[2024-12-27 09:17:08,627][erp_ar.py:366] >> StructuredPaymentReference: 12월 대한항공 AMS 서비스 도급대금(홈페이지)
[2024-12-27 09:17:08,627][erp_ar.py:367] >> TaxProofType(세무증빙유형) : 10(세금계산서[전자])
[2024-12-27 09:17:08,627][erp_ar.py:368] >> BusinessNumber    : 0000
[2024-12-27 09:17:08,627][erp_ar.py:369] >> ReverseIssue      : Y
[2024-12-27 09:17:08,627][erp_ar.py:370] >> Email             : iskang@hist.co.kr
[2024-12-27 09:17:08,627][erp_ar.py:375] >> ##################################################
[2024-12-27 09:17:08,627][erp_ar.py:378] >> Invoice Details : 1번째
[2024-12-27 09:17:08,627][erp_ar.py:379] >> MemoLine        : SM 수익
[2024-12-27 09:17:08,627][erp_ar.py:380] >> Description     : 12월 대한항공 AMS 서비스 도급대금(홈페이지)
[2024-12-27 09:17:08,627][erp_ar.py:381] >> Quantity        : 1
[2024-12-27 09:17:08,627][erp_ar.py:382] >> UnitPrice       : 257803457
[2024-12-27 09:17:08,627][erp_ar.py:383] >> TaxClassification : HX_매출과세
[2024-12-27 09:17:08,627][erp_ar.py:384] >> TBC             : Sales Transaction
[2024-12-27 09:17:08,627][erp_ar.py:385] >> CostCenter      : SELSPBM
[2024-12-27 09:17:08,627][erp_ar.py:386] >> Account         : 414121
[2024-12-27 09:17:08,627][erp_ar.py:387] >> Project         : V080020
[2024-12-27 09:17:08,628][erp_ar.py:396] >> --------------------------------------------------
[2024-12-27 09:17:08,628][erp_ar.py:397] >> ERP AR 발행 시작
[2024-12-27 09:17:08,628][erp_ar.py:398] >> 발행할 AR 갯수 : 4개
[2024-12-27 09:17:08,628][erp_ar.py:413] >> #################### 1번째 : 한국공항 ####################
[2024-12-27 09:17:08,628][erp_ar.py:415] >> Invoice Details 갯수 : 5개
[2024-12-27 09:17:08,628][erp_ar.py:421] >> BillToName : [한국공항]
[2024-12-27 09:17:08,680][erp_ar.py:450] >> Tasks 이미지 클릭 완료
[2024-12-27 09:17:09,254][erp_ar.py:456] >> Create Transaction 클릭 완료
[2024-12-27 09:17:13,514][erp_ar.py:469] >> Transaction Source 입력 완료
[2024-12-27 09:17:15,592][erp_ar.py:479] >> Transaction Type : 매출유형 입력 완료
[2024-12-27 09:17:17,644][erp_ar.py:486] >> Transaction Number : 전표번호 입력 완료
[2024-12-27 09:17:19,731][erp_ar.py:495] >> Transaction Date : AR 작성일자 입력 완료
[2024-12-27 09:17:21,821][erp_ar.py:504] >> Accounting Date : 계산서 발행일자 입력 완료
[2024-12-27 09:17:23,883][erp_ar.py:512] >> Bill-to Name	입력 완료
[2024-12-27 09:17:25,964][erp_ar.py:522] >> Payment Terms : 수금조건 입력 완료
[2024-12-27 09:17:28,050][erp_ar.py:530] >> Show More 클릭 완료
[2024-12-27 09:17:30,135][erp_ar.py:538] >> Miscellaneous 클릭 완료
[2024-12-27 09:17:32,218][erp_ar.py:547] >> Structured Payment Reference : 적요 입력 완료
[2024-12-27 09:17:34,283][erp_ar.py:554] >> 세무 증빙 유형 입력 완료
[2024-12-27 09:17:36,341][erp_ar.py:561] >> 세무 증빙 유형 입력 완료
[2024-12-27 09:17:38,415][erp_ar.py:568] >> 작성자 E-Mail 입력 완료
[2024-12-27 09:17:38,415][erp_ar.py:574] >> 1번째 ids_count
[2024-12-27 09:17:40,502][erp_ar.py:591] >> Memo Line 입력 완료
[2024-12-27 09:17:42,588][erp_ar.py:601] >> Description 입력 완료
[2024-12-27 09:17:44,661][erp_ar.py:608] >> Quantity 완료
[2024-12-27 09:17:46,730][erp_ar.py:615] >> Unit Price 완료
[2024-12-27 09:17:48,821][erp_ar.py:625] >> Tax Classification 완료
[2024-12-27 09:17:48,822][erp_ar.py:574] >> 2번째 ids_count
[2024-12-27 09:17:50,914][erp_ar.py:591] >> Memo Line 입력 완료
[2024-12-27 09:17:53,010][erp_ar.py:601] >> Description 입력 완료
[2024-12-27 09:17:55,082][erp_ar.py:608] >> Quantity 완료
[2024-12-27 09:17:57,158][erp_ar.py:615] >> Unit Price 완료
[2024-12-27 09:17:59,248][erp_ar.py:625] >> Tax Classification 완료
[2024-12-27 09:17:59,248][erp_ar.py:574] >> 3번째 ids_count
[2024-12-27 09:18:01,337][erp_ar.py:591] >> Memo Line 입력 완료
[2024-12-27 09:18:03,431][erp_ar.py:601] >> Description 입력 완료
[2024-12-27 09:18:05,498][erp_ar.py:608] >> Quantity 완료
[2024-12-27 09:18:07,577][erp_ar.py:615] >> Unit Price 완료
[2024-12-27 09:18:09,670][erp_ar.py:625] >> Tax Classification 완료
[2024-12-27 09:18:09,670][erp_ar.py:574] >> 4번째 ids_count
[2024-12-27 09:18:11,756][erp_ar.py:591] >> Memo Line 입력 완료
[2024-12-27 09:18:13,864][erp_ar.py:601] >> Description 입력 완료
[2024-12-27 09:18:15,928][erp_ar.py:608] >> Quantity 완료
[2024-12-27 09:18:17,998][erp_ar.py:615] >> Unit Price 완료
[2024-12-27 09:18:20,094][erp_ar.py:625] >> Tax Classification 완료
[2024-12-27 09:18:20,095][erp_ar.py:574] >> 5번째 ids_count
[2024-12-27 09:18:22,186][erp_ar.py:591] >> Memo Line 입력 완료
[2024-12-27 09:18:24,293][erp_ar.py:601] >> Description 입력 완료
[2024-12-27 09:18:26,369][erp_ar.py:608] >> Quantity 완료
[2024-12-27 09:18:28,449][erp_ar.py:615] >> Unit Price 완료
[2024-12-27 09:18:30,542][erp_ar.py:625] >> Tax Classification 완료
[2024-12-27 09:18:32,645][erp_ar.py:637] >> Save 완료
[2024-12-27 09:18:44,746][erp_ar.py:646] >> Action 버튼 클릭 완료
[2024-12-27 09:18:46,828][erp_ar.py:654] >> Edit Distribution 클릭 완료
[2024-12-27 09:18:49,983][erp_ar.py:662] >> Alert창 Yes 클릭 완료
[2024-12-27 09:18:54,086][erp_ar.py:702] >> Edit Distributions > Line Number
[2024-12-27 09:18:58,218][erp_ar.py:712] >> Edit Distributions > Account Class
[2024-12-27 09:19:00,301][erp_ar.py:719] >> Edit Distributions > 돋보기 버튼 클릭 완료
[2024-12-27 09:19:02,400][erp_ar.py:729] >> Distributions > RESP Center 입력 완료
[2024-12-27 09:19:07,085][erp_ar.py:736] >> Distributions > RESP Center 클릭 완료
[2024-12-27 09:19:09,189][erp_ar.py:743] >> Distributions > Cost Center 입력 완료
[2024-12-27 09:19:13,336][erp_ar.py:750] >> Distributions > Cost Center 클릭 완료
[2024-12-27 09:19:15,433][erp_ar.py:770] >> Distributions > Project 입력 완료
[2024-12-27 09:19:19,070][erp_ar.py:777] >> Distributions > Project 클릭 완료
[2024-12-27 09:19:21,154][erp_ar.py:787] >> Distributions > OK 버튼 클릭 완료
[2024-12-27 09:19:25,243][erp_ar.py:702] >> Edit Distributions > Line Number
[2024-12-27 09:19:29,396][erp_ar.py:712] >> Edit Distributions > Account Class
[2024-12-27 09:19:31,476][erp_ar.py:719] >> Edit Distributions > 돋보기 버튼 클릭 완료
[2024-12-27 09:19:33,559][erp_ar.py:729] >> Distributions > RESP Center 입력 완료
[2024-12-27 09:19:37,174][erp_ar.py:736] >> Distributions > RESP Center 클릭 완료
[2024-12-27 09:19:39,257][erp_ar.py:743] >> Distributions > Cost Center 입력 완료
[2024-12-27 09:19:43,383][erp_ar.py:750] >> Distributions > Cost Center 클릭 완료
[2024-12-27 09:19:45,471][erp_ar.py:770] >> Distributions > Project 입력 완료
[2024-12-27 09:19:49,067][erp_ar.py:777] >> Distributions > Project 클릭 완료
[2024-12-27 09:19:51,150][erp_ar.py:787] >> Distributions > OK 버튼 클릭 완료
[2024-12-27 09:19:55,236][erp_ar.py:702] >> Edit Distributions > Line Number
[2024-12-27 09:19:59,360][erp_ar.py:712] >> Edit Distributions > Account Class
[2024-12-27 09:20:01,435][erp_ar.py:719] >> Edit Distributions > 돋보기 버튼 클릭 완료
[2024-12-27 09:20:03,519][erp_ar.py:729] >> Distributions > RESP Center 입력 완료
[2024-12-27 09:20:07,146][erp_ar.py:736] >> Distributions > RESP Center 클릭 완료
[2024-12-27 09:20:09,227][erp_ar.py:743] >> Distributions > Cost Center 입력 완료
[2024-12-27 09:20:13,351][erp_ar.py:750] >> Distributions > Cost Center 클릭 완료
[2024-12-27 09:20:15,435][erp_ar.py:770] >> Distributions > Project 입력 완료
[2024-12-27 09:20:19,037][erp_ar.py:777] >> Distributions > Project 클릭 완료
[2024-12-27 09:20:21,114][erp_ar.py:787] >> Distributions > OK 버튼 클릭 완료
[2024-12-27 09:20:25,201][erp_ar.py:702] >> Edit Distributions > Line Number
[2024-12-27 09:20:29,322][erp_ar.py:712] >> Edit Distributions > Account Class
[2024-12-27 09:20:31,400][erp_ar.py:719] >> Edit Distributions > 돋보기 버튼 클릭 완료
[2024-12-27 09:20:35,048][erp_ar.py:729] >> Distributions > RESP Center 입력 완료
[2024-12-27 09:20:39,190][erp_ar.py:736] >> Distributions > RESP Center 클릭 완료
[2024-12-27 09:20:41,280][erp_ar.py:743] >> Distributions > Cost Center 입력 완료
[2024-12-27 09:20:44,883][erp_ar.py:750] >> Distributions > Cost Center 클릭 완료
[2024-12-27 09:20:46,967][erp_ar.py:770] >> Distributions > Project 입력 완료
[2024-12-27 09:20:51,090][erp_ar.py:777] >> Distributions > Project 클릭 완료
[2024-12-27 09:20:53,168][erp_ar.py:787] >> Distributions > OK 버튼 클릭 완료
[2024-12-27 09:20:57,253][erp_ar.py:702] >> Edit Distributions > Line Number
[2024-12-27 09:21:01,373][erp_ar.py:712] >> Edit Distributions > Account Class
[2024-12-27 09:21:03,449][erp_ar.py:719] >> Edit Distributions > 돋보기 버튼 클릭 완료
[2024-12-27 09:21:06,052][erp_ar.py:729] >> Distributions > RESP Center 입력 완료
[2024-12-27 09:21:10,167][erp_ar.py:736] >> Distributions > RESP Center 클릭 완료
[2024-12-27 09:21:12,252][erp_ar.py:743] >> Distributions > Cost Center 입력 완료
[2024-12-27 09:21:16,386][erp_ar.py:750] >> Distributions > Cost Center 클릭 완료
[2024-12-27 09:21:18,468][erp_ar.py:770] >> Distributions > Project 입력 완료
[2024-12-27 09:21:22,074][erp_ar.py:777] >> Distributions > Project 클릭 완료
[2024-12-27 09:21:24,158][erp_ar.py:787] >> Distributions > OK 버튼 클릭 완료
[2024-12-27 09:21:30,325][erp_ar.py:881] >> Save 우측 화살표버튼 클릭 완료
[2024-12-27 09:21:33,419][erp_ar.py:889] >> Save and Close 클릭 완료
[2024-12-27 09:21:36,493][erp_ar.py:895] >> Billing 화면에서 Alert창 내 OK버튼 클릭 완료
[2024-12-27 09:21:36,493][erp_ar.py:899] >> AR 발행완료 : 한국공항
[2024-12-27 09:21:36,658][erp_ar.py:413] >> #################### 2번째 : 대한항공 ####################
[2024-12-27 09:21:36,658][erp_ar.py:415] >> Invoice Details 갯수 : 2개
[2024-12-27 09:21:36,658][erp_ar.py:421] >> BillToName : [대한항공]
[2024-12-27 09:21:36,696][erp_ar.py:450] >> Tasks 이미지 클릭 완료
[2024-12-27 09:21:38,329][erp_ar.py:456] >> Create Transaction 클릭 완료
[2024-12-27 09:21:42,497][erp_ar.py:469] >> Transaction Source 입력 완료
[2024-12-27 09:21:44,582][erp_ar.py:479] >> Transaction Type : 매출유형 입력 완료
[2024-12-27 09:21:46,648][erp_ar.py:486] >> Transaction Number : 전표번호 입력 완료
[2024-12-27 09:21:48,748][erp_ar.py:495] >> Transaction Date : AR 작성일자 입력 완료
[2024-12-27 09:21:50,844][erp_ar.py:504] >> Accounting Date : 계산서 발행일자 입력 완료
[2024-12-27 09:21:52,904][erp_ar.py:512] >> Bill-to Name	입력 완료
[2024-12-27 09:21:54,993][erp_ar.py:522] >> Payment Terms : 수금조건 입력 완료
[2024-12-27 09:21:57,099][erp_ar.py:530] >> Show More 클릭 완료
[2024-12-27 09:21:59,182][erp_ar.py:538] >> Miscellaneous 클릭 완료
[2024-12-27 09:22:01,270][erp_ar.py:547] >> Structured Payment Reference : 적요 입력 완료
[2024-12-27 09:22:03,342][erp_ar.py:554] >> 세무 증빙 유형 입력 완료
[2024-12-27 09:22:05,412][erp_ar.py:561] >> 세무 증빙 유형 입력 완료
[2024-12-27 09:22:07,495][erp_ar.py:568] >> 작성자 E-Mail 입력 완료
[2024-12-27 09:22:07,495][erp_ar.py:574] >> 1번째 ids_count
[2024-12-27 09:22:09,588][erp_ar.py:591] >> Memo Line 입력 완료
[2024-12-27 09:22:11,688][erp_ar.py:601] >> Description 입력 완료
[2024-12-27 09:22:13,754][erp_ar.py:608] >> Quantity 완료
[2024-12-27 09:22:15,832][erp_ar.py:615] >> Unit Price 완료
[2024-12-27 09:22:17,932][erp_ar.py:625] >> Tax Classification 완료
[2024-12-27 09:22:17,933][erp_ar.py:574] >> 2번째 ids_count
[2024-12-27 09:22:20,024][erp_ar.py:591] >> Memo Line 입력 완료
[2024-12-27 09:22:22,116][erp_ar.py:601] >> Description 입력 완료
[2024-12-27 09:22:24,200][erp_ar.py:608] >> Quantity 완료
[2024-12-27 09:22:26,282][erp_ar.py:615] >> Unit Price 완료
[2024-12-27 09:22:28,375][erp_ar.py:625] >> Tax Classification 완료
[2024-12-27 09:22:30,479][erp_ar.py:637] >> Save 완료
[2024-12-27 09:22:42,562][erp_ar.py:646] >> Action 버튼 클릭 완료
[2024-12-27 09:22:44,648][erp_ar.py:654] >> Edit Distribution 클릭 완료
[2024-12-27 09:22:47,258][erp_ar.py:662] >> Alert창 Yes 클릭 완료
[2024-12-27 09:22:51,343][erp_ar.py:702] >> Edit Distributions > Line Number
[2024-12-27 09:22:55,482][erp_ar.py:712] >> Edit Distributions > Account Class
[2024-12-27 09:22:57,562][erp_ar.py:719] >> Edit Distributions > 돋보기 버튼 클릭 완료
[2024-12-27 09:23:03,265][erp_ar.py:729] >> Distributions > RESP Center 입력 완료
[2024-12-27 09:23:07,383][erp_ar.py:736] >> Distributions > RESP Center 클릭 완료
[2024-12-27 09:23:09,468][erp_ar.py:743] >> Distributions > Cost Center 입력 완료
[2024-12-27 09:23:13,125][erp_ar.py:750] >> Distributions > Cost Center 클릭 완료
[2024-12-27 09:23:15,211][erp_ar.py:770] >> Distributions > Project 입력 완료
[2024-12-27 09:23:19,344][erp_ar.py:777] >> Distributions > Project 클릭 완료
[2024-12-27 09:23:21,393][erp_ar.py:787] >> Distributions > OK 버튼 클릭 완료
[2024-12-27 09:23:25,468][erp_ar.py:702] >> Edit Distributions > Line Number
[2024-12-27 09:23:29,585][erp_ar.py:712] >> Edit Distributions > Account Class
[2024-12-27 09:23:31,660][erp_ar.py:719] >> Edit Distributions > 돋보기 버튼 클릭 완료
[2024-12-27 09:23:34,278][erp_ar.py:729] >> Distributions > RESP Center 입력 완료
[2024-12-27 09:23:37,879][erp_ar.py:736] >> Distributions > RESP Center 클릭 완료
[2024-12-27 09:23:39,971][erp_ar.py:743] >> Distributions > Cost Center 입력 완료
[2024-12-27 09:23:44,088][erp_ar.py:750] >> Distributions > Cost Center 클릭 완료
[2024-12-27 09:23:46,171][erp_ar.py:770] >> Distributions > Project 입력 완료
[2024-12-27 09:23:50,295][erp_ar.py:777] >> Distributions > Project 클릭 완료
[2024-12-27 09:23:52,371][erp_ar.py:787] >> Distributions > OK 버튼 클릭 완료
[2024-12-27 09:23:58,537][erp_ar.py:881] >> Save 우측 화살표버튼 클릭 완료
[2024-12-27 09:24:01,630][erp_ar.py:889] >> Save and Close 클릭 완료
[2024-12-27 09:24:04,704][erp_ar.py:895] >> Billing 화면에서 Alert창 내 OK버튼 클릭 완료
[2024-12-27 09:24:04,704][erp_ar.py:899] >> AR 발행완료 : 대한항공
[2024-12-27 09:24:04,865][erp_ar.py:413] >> #################### 3번째 : 한진 ####################
[2024-12-27 09:24:04,865][erp_ar.py:415] >> Invoice Details 갯수 : 4개
[2024-12-27 09:24:04,865][erp_ar.py:421] >> BillToName : [한진]
[2024-12-27 09:24:04,902][erp_ar.py:450] >> Tasks 이미지 클릭 완료
[2024-12-27 09:24:06,006][erp_ar.py:456] >> Create Transaction 클릭 완료
[2024-12-27 09:24:09,667][erp_ar.py:469] >> Transaction Source 입력 완료
[2024-12-27 09:24:11,731][erp_ar.py:479] >> Transaction Type : 매출유형 입력 완료
[2024-12-27 09:24:13,800][erp_ar.py:486] >> Transaction Number : 전표번호 입력 완료
[2024-12-27 09:24:15,919][erp_ar.py:495] >> Transaction Date : AR 작성일자 입력 완료
[2024-12-27 09:24:18,018][erp_ar.py:504] >> Accounting Date : 계산서 발행일자 입력 완료
[2024-12-27 09:24:20,083][erp_ar.py:512] >> Bill-to Name	입력 완료
[2024-12-27 09:24:22,170][erp_ar.py:522] >> Payment Terms : 수금조건 입력 완료
[2024-12-27 09:24:24,261][erp_ar.py:530] >> Show More 클릭 완료
[2024-12-27 09:24:26,342][erp_ar.py:538] >> Miscellaneous 클릭 완료
[2024-12-27 09:24:28,440][erp_ar.py:547] >> Structured Payment Reference : 적요 입력 완료
[2024-12-27 09:24:30,518][erp_ar.py:554] >> 세무 증빙 유형 입력 완료
[2024-12-27 09:24:32,589][erp_ar.py:561] >> 세무 증빙 유형 입력 완료
[2024-12-27 09:24:34,658][erp_ar.py:568] >> 작성자 E-Mail 입력 완료
[2024-12-27 09:24:34,658][erp_ar.py:574] >> 1번째 ids_count
[2024-12-27 09:24:36,731][erp_ar.py:591] >> Memo Line 입력 완료
[2024-12-27 09:24:38,833][erp_ar.py:601] >> Description 입력 완료
[2024-12-27 09:24:40,904][erp_ar.py:608] >> Quantity 완료
[2024-12-27 09:24:42,982][erp_ar.py:615] >> Unit Price 완료
[2024-12-27 09:24:45,075][erp_ar.py:625] >> Tax Classification 완료
[2024-12-27 09:24:45,076][erp_ar.py:574] >> 2번째 ids_count
[2024-12-27 09:24:47,173][erp_ar.py:591] >> Memo Line 입력 완료
[2024-12-27 09:24:49,264][erp_ar.py:601] >> Description 입력 완료
[2024-12-27 09:24:51,344][erp_ar.py:608] >> Quantity 완료
[2024-12-27 09:24:53,424][erp_ar.py:615] >> Unit Price 완료
[2024-12-27 09:24:55,520][erp_ar.py:625] >> Tax Classification 완료
[2024-12-27 09:24:55,521][erp_ar.py:574] >> 3번째 ids_count
[2024-12-27 09:24:57,621][erp_ar.py:591] >> Memo Line 입력 완료
[2024-12-27 09:24:59,740][erp_ar.py:601] >> Description 입력 완료
[2024-12-27 09:25:01,801][erp_ar.py:608] >> Quantity 완료
[2024-12-27 09:25:03,900][erp_ar.py:615] >> Unit Price 완료
[2024-12-27 09:25:06,002][erp_ar.py:625] >> Tax Classification 완료
[2024-12-27 09:25:06,002][erp_ar.py:574] >> 4번째 ids_count
[2024-12-27 09:25:08,102][erp_ar.py:591] >> Memo Line 입력 완료
[2024-12-27 09:25:10,218][erp_ar.py:601] >> Description 입력 완료
[2024-12-27 09:25:12,303][erp_ar.py:608] >> Quantity 완료
[2024-12-27 09:25:14,379][erp_ar.py:615] >> Unit Price 완료
[2024-12-27 09:25:16,482][erp_ar.py:625] >> Tax Classification 완료
[2024-12-27 09:25:18,588][erp_ar.py:637] >> Save 완료
[2024-12-27 09:25:30,677][erp_ar.py:646] >> Action 버튼 클릭 완료
[2024-12-27 09:25:32,777][erp_ar.py:654] >> Edit Distribution 클릭 완료
[2024-12-27 09:25:34,869][erp_ar.py:662] >> Alert창 Yes 클릭 완료
[2024-12-27 09:25:38,951][erp_ar.py:702] >> Edit Distributions > Line Number
[2024-12-27 09:25:43,082][erp_ar.py:712] >> Edit Distributions > Account Class
[2024-12-27 09:25:45,167][erp_ar.py:719] >> Edit Distributions > 돋보기 버튼 클릭 완료
[2024-12-27 09:25:47,278][erp_ar.py:729] >> Distributions > RESP Center 입력 완료
[2024-12-27 09:25:50,903][erp_ar.py:736] >> Distributions > RESP Center 클릭 완료
[2024-12-27 09:25:52,991][erp_ar.py:743] >> Distributions > Cost Center 입력 완료
[2024-12-27 09:25:57,145][erp_ar.py:750] >> Distributions > Cost Center 클릭 완료
[2024-12-27 09:25:59,235][erp_ar.py:770] >> Distributions > Project 입력 완료
[2024-12-27 09:26:03,380][erp_ar.py:777] >> Distributions > Project 클릭 완료
[2024-12-27 09:26:05,464][erp_ar.py:787] >> Distributions > OK 버튼 클릭 완료
[2024-12-27 09:26:09,543][erp_ar.py:702] >> Edit Distributions > Line Number
[2024-12-27 09:26:13,674][erp_ar.py:712] >> Edit Distributions > Account Class
[2024-12-27 09:26:15,757][erp_ar.py:719] >> Edit Distributions > 돋보기 버튼 클릭 완료
[2024-12-27 09:26:17,830][erp_ar.py:729] >> Distributions > RESP Center 입력 완료
[2024-12-27 09:26:21,957][erp_ar.py:736] >> Distributions > RESP Center 클릭 완료
[2024-12-27 09:26:24,049][erp_ar.py:743] >> Distributions > Cost Center 입력 완료
[2024-12-27 09:26:28,191][erp_ar.py:750] >> Distributions > Cost Center 클릭 완료
[2024-12-27 09:26:30,273][erp_ar.py:770] >> Distributions > Project 입력 완료
[2024-12-27 09:26:33,851][erp_ar.py:777] >> Distributions > Project 클릭 완료
[2024-12-27 09:26:35,925][erp_ar.py:787] >> Distributions > OK 버튼 클릭 완료
[2024-12-27 09:26:40,017][erp_ar.py:702] >> Edit Distributions > Line Number
[2024-12-27 09:26:44,147][erp_ar.py:712] >> Edit Distributions > Account Class
[2024-12-27 09:26:46,224][erp_ar.py:719] >> Edit Distributions > 돋보기 버튼 클릭 완료
[2024-12-27 09:26:48,314][erp_ar.py:729] >> Distributions > RESP Center 입력 완료
[2024-12-27 09:26:51,926][erp_ar.py:736] >> Distributions > RESP Center 클릭 완료
[2024-12-27 09:26:53,998][erp_ar.py:743] >> Distributions > Cost Center 입력 완료
[2024-12-27 09:26:58,132][erp_ar.py:750] >> Distributions > Cost Center 클릭 완료
[2024-12-27 09:27:00,218][erp_ar.py:770] >> Distributions > Project 입력 완료
[2024-12-27 09:27:04,352][erp_ar.py:777] >> Distributions > Project 클릭 완료
[2024-12-27 09:27:06,421][erp_ar.py:787] >> Distributions > OK 버튼 클릭 완료
[2024-12-27 09:27:10,518][erp_ar.py:702] >> Edit Distributions > Line Number
[2024-12-27 09:27:14,642][erp_ar.py:712] >> Edit Distributions > Account Class
[2024-12-27 09:27:16,718][erp_ar.py:719] >> Edit Distributions > 돋보기 버튼 클릭 완료
[2024-12-27 09:27:18,795][erp_ar.py:729] >> Distributions > RESP Center 입력 완료
[2024-12-27 09:27:39,133][erp_ar.py:910] >> error msg : Message: 
Stacktrace:
0   chromedriver                        0x0000000102f8f184 cxxbridge1$str$ptr + 3626716
1   chromedriver                        0x0000000102f879d4 cxxbridge1$str$ptr + 3596076
2   chromedriver                        0x00000001029f4968 cxxbridge1$string$len + 89228
3   chromedriver                        0x0000000102a38d50 cxxbridge1$string$len + 368756
4   chromedriver                        0x0000000102a725b4 cxxbridge1$string$len + 604376
5   chromedriver                        0x0000000102a2d568 cxxbridge1$string$len + 321676
6   chromedriver                        0x0000000102a2e1b8 cxxbridge1$string$len + 324828
7   chromedriver                        0x0000000102f5a9ac cxxbridge1$str$ptr + 3411716
8   chromedriver                        0x0000000102f5dccc cxxbridge1$str$ptr + 3424804
9   chromedriver                        0x0000000102f4186c cxxbridge1$str$ptr + 3308996
10  chromedriver                        0x0000000102f5e58c cxxbridge1$str$ptr + 3427044
11  chromedriver                        0x0000000102f3309c cxxbridge1$str$ptr + 3249652
12  chromedriver                        0x0000000102f784b8 cxxbridge1$str$ptr + 3533328
13  chromedriver                        0x0000000102f78634 cxxbridge1$str$ptr + 3533708
14  chromedriver                        0x0000000102f87648 cxxbridge1$str$ptr + 3595168
15  libsystem_pthread.dylib             0x000000019c539f94 _pthread_start + 136
16  libsystem_pthread.dylib             0x000000019c534d34 thread_start + 8

[2024-12-27 09:27:39,134][erp_ar.py:911] >> AR 발행 중 오류 발생 1회 발생 : 한진
[2024-12-27 09:27:42,520][erp_ar.py:950] >> 오류 AR 삭제 : [한진]
