[2024-12-19 19:14:18,747][erp_ar.py:30] >> --------------------------------------------------
[2024-12-19 19:14:18,747][erp_ar.py:31] >> --------------------------------------------------
[2024-12-19 19:14:18,747][erp_ar.py:32] >> --------------------------------------------------
[2024-12-19 19:14:18,747][erp_ar.py:33] >> ERP AR 발행 시작
[2024-12-19 19:14:21,325][erp_ar.py:74] >> 설치된 사용자 정보 확인
[2024-12-19 19:14:21,325][erp_ar.py:84] >> user     =  강이슬
[2024-12-19 19:14:21,325][erp_ar.py:85] >> account  =  iskang@hist.co.kr
[2024-12-19 19:14:21,325][erp_ar.py:86] >> password = Hist7288!
[2024-12-19 19:14:29,102][erp_ar.py:100] >> ERP 페이지 이동 완료
[2024-12-19 19:14:29,145][erp_ar.py:105] >> displayOK : True
[2024-12-19 19:14:36,213][erp_ar.py:112] >> 로그인 완료
[2024-12-19 19:14:36,214][erp_ar.py:113] >> iskang@hist.co.kr : Hist7288!
[2024-12-19 19:14:36,214][erp_ar.py:121] >> AR Transaction 이동
[2024-12-19 19:14:48,292][erp_ar.py:128] >> 햄버거 버튼 클릭 완료
[2024-12-19 19:14:50,361][erp_ar.py:134] >> Receivables 메뉴 클릭 완료
[2024-12-19 19:14:52,431][erp_ar.py:140] >> Billing 클릭 완료
[2024-12-19 19:14:52,434][erp_ar.py:325] >> ##################################################
[2024-12-19 19:14:52,434][erp_ar.py:326] >> ##################################################
[2024-12-19 19:14:52,434][erp_ar.py:327] >> 발행할 AR 갯수 : 5개, 2번째 row, 0번째 배열
[2024-12-19 19:14:52,434][erp_ar.py:329] >> General Information
[2024-12-19 19:14:52,434][erp_ar.py:330] >> BusinessUnit : HX_BU
[2024-12-19 19:14:52,434][erp_ar.py:331] >> TransactionSource : HX_MANUAL
[2024-12-19 19:14:52,434][erp_ar.py:332] >> TransactionType : 영업매출
[2024-12-19 19:14:52,434][erp_ar.py:333] >> TransactionDate : 17
[2024-12-19 19:14:52,447][erp_ar.py:334] >> TransactionNumber : ART241217강이슬1900
[2024-12-19 19:14:52,447][erp_ar.py:335] >> BillToName : LG CNS
[2024-12-19 19:14:52,447][erp_ar.py:336] >> PaymentTerms : 당월말 입금
[2024-12-19 19:14:52,447][erp_ar.py:337] >> StructuredPaymentReference : [8월] 엘지씨엔에스, 대한항공 AMO 사업 
[2024-12-19 19:14:52,447][erp_ar.py:338] >> TaxProofType(세무증빙유형) : 10(세금계산서[전자])
[2024-12-19 19:14:52,447][erp_ar.py:339] >> BusinessNumber : 0000
[2024-12-19 19:14:52,447][erp_ar.py:340] >> ReverseIssue : N
[2024-12-19 19:14:52,447][erp_ar.py:341] >> Email : iskang@hist.co.kr
[2024-12-19 19:14:52,447][erp_ar.py:347] >> ##################################################
[2024-12-19 19:14:52,447][erp_ar.py:348] >> Invoice Details : 2번째 row
[2024-12-19 19:14:52,447][erp_ar.py:350] >> MemoLine : 
[2024-12-19 19:14:52,447][erp_ar.py:351] >> Description : 
[2024-12-19 19:14:52,447][erp_ar.py:352] >> Quantity : 
[2024-12-19 19:14:52,447][erp_ar.py:353] >> UnitPrice : 211580473
[2024-12-19 19:14:52,448][erp_ar.py:354] >> TaxClassification : HX_매출과세
[2024-12-19 19:14:52,448][erp_ar.py:355] >> TBC : Sales Transaction
[2024-12-19 19:14:52,448][erp_ar.py:356] >> CostCenter : SELSPBM
[2024-12-19 19:14:52,448][erp_ar.py:357] >> Account : None
[2024-12-19 19:14:52,448][erp_ar.py:358] >> Project : V230006
[2024-12-19 19:14:52,448][erp_ar.py:347] >> ##################################################
[2024-12-19 19:14:52,448][erp_ar.py:348] >> Invoice Details : 2번째 row
[2024-12-19 19:14:52,448][erp_ar.py:350] >> MemoLine : 
[2024-12-19 19:14:52,448][erp_ar.py:351] >> Description : 
[2024-12-19 19:14:52,448][erp_ar.py:352] >> Quantity : 
[2024-12-19 19:14:52,448][erp_ar.py:353] >> UnitPrice : 32580000
[2024-12-19 19:14:52,448][erp_ar.py:354] >> TaxClassification : HX_매출과세
[2024-12-19 19:14:52,448][erp_ar.py:355] >> TBC : Sales Transaction
[2024-12-19 19:14:52,448][erp_ar.py:356] >> CostCenter : *SELSPBU
[2024-12-19 19:14:52,448][erp_ar.py:357] >> Account : None
[2024-12-19 19:14:52,448][erp_ar.py:358] >> Project : V230007
(UX/UI그룹)
[2024-12-19 19:14:52,448][erp_ar.py:325] >> ##################################################
[2024-12-19 19:14:52,448][erp_ar.py:326] >> ##################################################
[2024-12-19 19:14:52,448][erp_ar.py:327] >> 발행할 AR 갯수 : 5개, 3번째 row, 1번째 배열
[2024-12-19 19:14:52,448][erp_ar.py:329] >> General Information
[2024-12-19 19:14:52,448][erp_ar.py:330] >> BusinessUnit : HX_BU
[2024-12-19 19:14:52,448][erp_ar.py:331] >> TransactionSource : HX_MANUAL
[2024-12-19 19:14:52,448][erp_ar.py:332] >> TransactionType : 영업매출
[2024-12-19 19:14:52,448][erp_ar.py:333] >> TransactionDate : 17
[2024-12-19 19:14:52,448][erp_ar.py:334] >> TransactionNumber : ART241217강이슬1901
[2024-12-19 19:14:52,448][erp_ar.py:335] >> BillToName : None
[2024-12-19 19:14:52,448][erp_ar.py:336] >> PaymentTerms : 당월말 입금
[2024-12-19 19:14:52,448][erp_ar.py:337] >> StructuredPaymentReference : [8월] 엘지씨엔에스, 대한항공 PNS시스템 운영 및 개선
[2024-12-19 19:14:52,451][erp_ar.py:338] >> TaxProofType(세무증빙유형) : 10(세금계산서[전자])
[2024-12-19 19:14:52,451][erp_ar.py:339] >> BusinessNumber : 0000
[2024-12-19 19:14:52,451][erp_ar.py:340] >> ReverseIssue : N
[2024-12-19 19:14:52,451][erp_ar.py:341] >> Email : iskang@hist.co.kr
[2024-12-19 19:14:52,451][erp_ar.py:347] >> ##################################################
[2024-12-19 19:14:52,451][erp_ar.py:348] >> Invoice Details : 1번째 row
[2024-12-19 19:14:52,451][erp_ar.py:350] >> MemoLine : 
[2024-12-19 19:14:52,451][erp_ar.py:351] >> Description : 
[2024-12-19 19:14:52,451][erp_ar.py:352] >> Quantity : 
[2024-12-19 19:14:52,451][erp_ar.py:353] >> UnitPrice : 9785000
[2024-12-19 19:14:52,451][erp_ar.py:354] >> TaxClassification : HX_매출과세
[2024-12-19 19:14:52,451][erp_ar.py:355] >> TBC : Sales Transaction
[2024-12-19 19:14:52,451][erp_ar.py:356] >> CostCenter : SELSPBM
[2024-12-19 19:14:52,451][erp_ar.py:357] >> Account : None
[2024-12-19 19:14:52,451][erp_ar.py:358] >> Project : V230006
[2024-12-19 19:14:52,451][erp_ar.py:325] >> ##################################################
[2024-12-19 19:14:52,451][erp_ar.py:326] >> ##################################################
[2024-12-19 19:14:52,451][erp_ar.py:327] >> 발행할 AR 갯수 : 5개, 4번째 row, 2번째 배열
[2024-12-19 19:14:52,451][erp_ar.py:329] >> General Information
[2024-12-19 19:14:52,451][erp_ar.py:330] >> BusinessUnit : HX_BU
[2024-12-19 19:14:52,451][erp_ar.py:331] >> TransactionSource : HX_MANUAL
[2024-12-19 19:14:52,451][erp_ar.py:332] >> TransactionType : 영업매출
[2024-12-19 19:14:52,451][erp_ar.py:333] >> TransactionDate : 17
[2024-12-19 19:14:52,451][erp_ar.py:334] >> TransactionNumber : ART241217강이슬1902
[2024-12-19 19:14:52,451][erp_ar.py:335] >> BillToName : None
[2024-12-19 19:14:52,451][erp_ar.py:336] >> PaymentTerms : 당월말 입금
[2024-12-19 19:14:52,451][erp_ar.py:337] >> StructuredPaymentReference : [8월] 엘지씨엔에스, 대한항공 AI/ML NPS과제 컨설팅
[2024-12-19 19:14:52,451][erp_ar.py:338] >> TaxProofType(세무증빙유형) : 10(세금계산서[전자])
[2024-12-19 19:14:52,451][erp_ar.py:339] >> BusinessNumber : 0000
[2024-12-19 19:14:52,451][erp_ar.py:340] >> ReverseIssue : N
[2024-12-19 19:14:52,451][erp_ar.py:341] >> Email : iskang@hist.co.kr
[2024-12-19 19:14:52,451][erp_ar.py:347] >> ##################################################
[2024-12-19 19:14:52,451][erp_ar.py:348] >> Invoice Details : 1번째 row
[2024-12-19 19:14:52,451][erp_ar.py:350] >> MemoLine : 
[2024-12-19 19:14:52,451][erp_ar.py:351] >> Description : 
[2024-12-19 19:14:52,451][erp_ar.py:352] >> Quantity : 
[2024-12-19 19:14:52,451][erp_ar.py:353] >> UnitPrice : 0
[2024-12-19 19:14:52,451][erp_ar.py:354] >> TaxClassification : HX_매출과세
[2024-12-19 19:14:52,451][erp_ar.py:355] >> TBC : Sales Transaction
[2024-12-19 19:14:52,451][erp_ar.py:356] >> CostCenter : SELSPBM
[2024-12-19 19:14:52,451][erp_ar.py:357] >> Account : 용역수익_일반
[2024-12-19 19:14:52,451][erp_ar.py:358] >> Project : R240043
[2024-12-19 19:14:52,451][erp_ar.py:325] >> ##################################################
[2024-12-19 19:14:52,452][erp_ar.py:326] >> ##################################################
[2024-12-19 19:14:52,452][erp_ar.py:327] >> 발행할 AR 갯수 : 5개, 5번째 row, 3번째 배열
[2024-12-19 19:14:52,452][erp_ar.py:329] >> General Information
[2024-12-19 19:14:52,452][erp_ar.py:330] >> BusinessUnit : HX_BU
[2024-12-19 19:14:52,452][erp_ar.py:331] >> TransactionSource : HX_MANUAL
[2024-12-19 19:14:52,452][erp_ar.py:332] >> TransactionType : 영업매출
[2024-12-19 19:14:52,452][erp_ar.py:333] >> TransactionDate : 17
[2024-12-19 19:14:52,452][erp_ar.py:334] >> TransactionNumber : ART241217강이슬1903
[2024-12-19 19:14:52,452][erp_ar.py:335] >> BillToName : 삼성 SDS
[2024-12-19 19:14:52,452][erp_ar.py:336] >> PaymentTerms : 당월말 입금
[2024-12-19 19:14:52,452][erp_ar.py:337] >> StructuredPaymentReference : [8월] 삼성에스디에스, 대한항공 Modernization 및 AO 사업
[2024-12-19 19:14:52,452][erp_ar.py:338] >> TaxProofType(세무증빙유형) : 10(세금계산서[전자])
[2024-12-19 19:14:52,452][erp_ar.py:339] >> BusinessNumber : 0000
[2024-12-19 19:14:52,452][erp_ar.py:340] >> ReverseIssue : N
[2024-12-19 19:14:52,452][erp_ar.py:341] >> Email : iskang@hist.co.kr
[2024-12-19 19:14:52,452][erp_ar.py:347] >> ##################################################
[2024-12-19 19:14:52,452][erp_ar.py:348] >> Invoice Details : 1번째 row
[2024-12-19 19:14:52,452][erp_ar.py:350] >> MemoLine : 
[2024-12-19 19:14:52,452][erp_ar.py:351] >> Description : 
[2024-12-19 19:14:52,452][erp_ar.py:352] >> Quantity : 
[2024-12-19 19:14:52,452][erp_ar.py:353] >> UnitPrice : 141856000
[2024-12-19 19:14:52,452][erp_ar.py:354] >> TaxClassification : HX_매출과세
[2024-12-19 19:14:52,452][erp_ar.py:355] >> TBC : Sales Transaction
[2024-12-19 19:14:52,452][erp_ar.py:356] >> CostCenter : SELSPBM
[2024-12-19 19:14:52,452][erp_ar.py:357] >> Account : SM수익
[2024-12-19 19:14:52,452][erp_ar.py:358] >> Project : V230008
[2024-12-19 19:14:52,452][erp_ar.py:325] >> ##################################################
[2024-12-19 19:14:52,452][erp_ar.py:326] >> ##################################################
[2024-12-19 19:14:52,452][erp_ar.py:327] >> 발행할 AR 갯수 : 5개, 6번째 row, 4번째 배열
[2024-12-19 19:14:52,452][erp_ar.py:329] >> General Information
[2024-12-19 19:14:52,452][erp_ar.py:330] >> BusinessUnit : HX_BU
[2024-12-19 19:14:52,452][erp_ar.py:331] >> TransactionSource : HX_MANUAL
[2024-12-19 19:14:52,452][erp_ar.py:332] >> TransactionType : 영업매출
[2024-12-19 19:14:52,452][erp_ar.py:333] >> TransactionDate : 17
[2024-12-19 19:14:52,452][erp_ar.py:334] >> TransactionNumber : ART241217강이슬1904
[2024-12-19 19:14:52,452][erp_ar.py:335] >> BillToName : 대한항공
[2024-12-19 19:14:52,452][erp_ar.py:336] >> PaymentTerms : 당월말 입금
[2024-12-19 19:14:52,452][erp_ar.py:337] >> StructuredPaymentReference : [8월] 대한항공 AMS 서비스 도급대금(홈페이지)
[2024-12-19 19:14:52,452][erp_ar.py:338] >> TaxProofType(세무증빙유형) : 10(세금계산서[전자])
[2024-12-19 19:14:52,452][erp_ar.py:339] >> BusinessNumber : 0000
[2024-12-19 19:14:52,452][erp_ar.py:340] >> ReverseIssue : N
[2024-12-19 19:14:52,452][erp_ar.py:341] >> Email : iskang@hist.co.kr
[2024-12-19 19:14:52,452][erp_ar.py:347] >> ##################################################
[2024-12-19 19:14:52,452][erp_ar.py:348] >> Invoice Details : 2번째 row
[2024-12-19 19:14:52,452][erp_ar.py:350] >> MemoLine : 
[2024-12-19 19:14:52,452][erp_ar.py:351] >> Description : 
[2024-12-19 19:14:52,452][erp_ar.py:352] >> Quantity : 
[2024-12-19 19:14:52,452][erp_ar.py:353] >> UnitPrice : 264416666
[2024-12-19 19:14:52,452][erp_ar.py:354] >> TaxClassification : HX_매출과세
[2024-12-19 19:14:52,452][erp_ar.py:355] >> TBC : Sales Transaction
[2024-12-19 19:14:52,452][erp_ar.py:356] >> CostCenter : SELSPBM
[2024-12-19 19:14:52,452][erp_ar.py:357] >> Account : None
[2024-12-19 19:14:52,452][erp_ar.py:358] >> Project : V080020
[2024-12-19 19:14:52,452][erp_ar.py:347] >> ##################################################
[2024-12-19 19:14:52,452][erp_ar.py:348] >> Invoice Details : 2번째 row
[2024-12-19 19:14:52,453][erp_ar.py:350] >> MemoLine : 
[2024-12-19 19:14:52,453][erp_ar.py:351] >> Description : 
[2024-12-19 19:14:52,453][erp_ar.py:352] >> Quantity : 
[2024-12-19 19:14:52,453][erp_ar.py:353] >> UnitPrice : 167250000
[2024-12-19 19:14:52,453][erp_ar.py:354] >> TaxClassification : HX_매출과세
[2024-12-19 19:14:52,453][erp_ar.py:355] >> TBC : Sales Transaction
[2024-12-19 19:14:52,453][erp_ar.py:356] >> CostCenter : *SELSPBU
[2024-12-19 19:14:52,453][erp_ar.py:357] >> Account : None
[2024-12-19 19:14:52,453][erp_ar.py:358] >> Project : V190011
