[2025-01-04 17:51:35,161][erp_ar_v1.py:35] >> ERP AR 발행 Process 및 현재 위치 - 5 depth
[2025-01-04 17:51:35,161][erp_ar_v1.py:36] >> --------------------------------------------------
[2025-01-04 17:51:35,161][erp_ar_v1.py:37] >> --------------------------------------------------
[2025-01-04 17:51:35,161][erp_ar_v1.py:38] >> 1) 설치여부 확인 및 사용자 정보 가져오기 <<< [현재위치]
[2025-01-04 17:51:35,161][erp_ar_v1.py:39] >> 2) 엑셀에 등록된 데이터 기반 json 데이터 생성
[2025-01-04 17:51:35,161][erp_ar_v1.py:40] >> 3) ERP 로그인 및 Receivables > Billing 이동
[2025-01-04 17:51:35,161][erp_ar_v1.py:41] >> 4) Transaction 생성 및 General Information 등록
[2025-01-04 17:51:35,161][erp_ar_v1.py:42] >> 5) Invoice Lines 및 Distribution 등록
[2025-01-04 17:51:35,162][erp_ar_v1.py:58] >> user        = 강이슬
[2025-01-04 17:51:35,162][erp_ar_v1.py:59] >> account     = iskang@hist.co.kr
[2025-01-04 17:51:35,162][erp_ar_v1.py:60] >> password    = Hist7288!
[2025-01-04 17:51:35,162][erp_ar_v1.py:61] >> installed   = Y
[2025-01-04 17:51:35,162][erp_ar_v1.py:62] >> destination = /Users/danniel.kil/Documents/workspace/automation/file/sample.xlsx
[2025-01-04 17:51:35,162][erp_ar_v1.py:82] >> --------------------------------------------------
[2025-01-04 17:51:35,162][erp_ar_v1.py:83] >> --------------------------------------------------
[2025-01-04 17:51:35,162][erp_ar_v1.py:84] >> 1) 설치여부 확인 및 사용자 정보 가져오기
[2025-01-04 17:51:35,162][erp_ar_v1.py:85] >> 2) 엑셀에 등록된 데이터 기반 json 데이터 생성 <<< [현재위치]
[2025-01-04 17:51:35,162][erp_ar_v1.py:86] >> 3) ERP 로그인 및 Receivables > Billing 이동
[2025-01-04 17:51:35,162][erp_ar_v1.py:87] >> 4) Transaction 생성 및 General Information 등록
[2025-01-04 17:51:35,162][erp_ar_v1.py:88] >> 5) Invoice Lines 및 Distribution 등록
[2025-01-04 17:51:35,268][erp_ar_v1.py:204] >> --------------------------------------------------
[2025-01-04 17:51:35,268][erp_ar_v1.py:205] >> ART241217이수임0901 : json 생성 완료
[2025-01-04 17:51:35,269][erp_ar_v1.py:204] >> --------------------------------------------------
[2025-01-04 17:51:35,269][erp_ar_v1.py:205] >> ART241217이수임0902 : json 생성 완료
[2025-01-04 17:51:35,270][erp_ar_v1.py:204] >> --------------------------------------------------
[2025-01-04 17:51:35,270][erp_ar_v1.py:205] >> ART241217이수임0903 : json 생성 완료
[2025-01-04 17:51:35,270][erp_ar_v1.py:204] >> --------------------------------------------------
[2025-01-04 17:51:35,270][erp_ar_v1.py:205] >> ART241217이수임0904 : json 생성 완료
[2025-01-04 17:51:35,270][erp_ar_v1.py:219] >> --------------------------------------------------
[2025-01-04 17:51:35,270][erp_ar_v1.py:233] >> --------------------------------------------------
[2025-01-04 17:51:35,270][erp_ar_v1.py:234] >> --------------------------------------------------
[2025-01-04 17:51:35,271][erp_ar_v1.py:235] >> 1) 설치여부 확인 및 사용자 정보 가져오기
[2025-01-04 17:51:35,271][erp_ar_v1.py:236] >> 2) 엑셀에 등록된 데이터 기반 json 데이터 생성
[2025-01-04 17:51:35,271][erp_ar_v1.py:237] >> 3) ERP 로그인 및 Receivables > Billing 이동 <<< [현재위치]
[2025-01-04 17:51:35,271][erp_ar_v1.py:238] >> 4) Transaction 생성 및 General Information 등록
[2025-01-04 17:51:35,271][erp_ar_v1.py:239] >> 5) Invoice Lines 및 Distribution 등록
[2025-01-04 17:51:43,183][erp_ar_v1.py:264] >> ERP 페이지 이동 완료(화면출력 함)
[2025-01-04 17:51:43,226][erp_ar_v1.py:269] >> displayOK : True
[2025-01-04 17:51:50,216][erp_ar_v1.py:277] >> 로그인 완료
[2025-01-04 17:51:50,216][erp_ar_v1.py:278] >> iskang@hist.co.kr : Hist7288!
[2025-01-04 17:51:50,216][erp_ar_v1.py:280] >> AR Transaction 이동
[2025-01-04 17:52:02,289][erp_ar_v1.py:287] >> 햄버거 버튼 클릭 완료
[2025-01-04 17:52:04,370][erp_ar_v1.py:293] >> Receivables 메뉴 클릭 완료
[2025-01-04 17:52:06,450][erp_ar_v1.py:299] >> Billing 클릭 완료
[2025-01-04 17:52:06,450][erp_ar_v1.py:315] >> --------------------------------------------------
[2025-01-04 17:52:06,450][erp_ar_v1.py:316] >> --------------------------------------------------
[2025-01-04 17:52:06,450][erp_ar_v1.py:317] >> 1) 설치여부 확인 및 사용자 정보 가져오기
[2025-01-04 17:52:06,450][erp_ar_v1.py:318] >> 2) 엑셀에 등록된 데이터 기반 json 데이터 생성
[2025-01-04 17:52:06,450][erp_ar_v1.py:319] >> 3) ERP 로그인 및 Receivables > Billing 이동
[2025-01-04 17:52:06,450][erp_ar_v1.py:320] >> 4) Transaction 생성 및 General Information 등록 <<< [현재위치]
[2025-01-04 17:52:06,450][erp_ar_v1.py:321] >> 5) Invoice Lines 및 Distribution 등록
[2025-01-04 17:52:06,451][erp_ar_v1.py:353] >> --------------------------------------------------
[2025-01-04 17:52:06,451][erp_ar_v1.py:354] >> ART241217이수임0901 : 기발행된 AR 입니다.
[2025-01-04 17:52:06,452][erp_ar_v1.py:353] >> --------------------------------------------------
[2025-01-04 17:52:06,452][erp_ar_v1.py:354] >> ART241217이수임0902 : 기발행된 AR 입니다.
[2025-01-04 17:52:06,452][erp_ar_v1.py:367] >> --------------------------------------------------
[2025-01-04 17:52:06,453][erp_ar_v1.py:368] >> ART241217이수임0903 : AR 발행 시작!!
[2025-01-04 17:52:06,657][erp_ar_v1.py:382] >> Tasks 이미지 클릭 완료
[2025-01-04 17:52:08,270][erp_ar_v1.py:388] >> Create Transaction 클릭 완료
[2025-01-04 17:52:14,481][erp_ar_v1.py:401] >> Transaction Source 입력 완료
[2025-01-04 17:52:16,566][erp_ar_v1.py:411] >> Transaction Type : 매출유형 입력 완료
[2025-01-04 17:52:18,630][erp_ar_v1.py:418] >> Transaction Number : 전표번호 입력 완료
[2025-01-04 17:52:20,726][erp_ar_v1.py:427] >> Transaction Date : AR 작성일자 입력 완료
[2025-01-04 17:52:22,813][erp_ar_v1.py:436] >> Accounting Date : 계산서 발행일자 입력 완료
[2025-01-04 17:52:24,873][erp_ar_v1.py:444] >> Bill-to Name	입력 완료
[2025-01-04 17:52:26,968][erp_ar_v1.py:454] >> Payment Terms : 수금조건 입력 완료
[2025-01-04 17:52:29,057][erp_ar_v1.py:462] >> Show More 클릭 완료
[2025-01-04 17:52:31,145][erp_ar_v1.py:470] >> Miscellaneous 클릭 완료
[2025-01-04 17:52:33,232][erp_ar_v1.py:479] >> Structured Payment Reference : 적요 입력 완료
[2025-01-04 17:52:35,291][erp_ar_v1.py:486] >> 세무 증빙 유형 입력 완료
[2025-01-04 17:52:37,345][erp_ar_v1.py:493] >> 역발행여부 입력 완료
[2025-01-04 17:52:39,413][erp_ar_v1.py:500] >> 작성자 E-Mail 입력 완료
[2025-01-04 17:52:39,414][erp_ar_v1.py:507] >> 1번째 ids_count
[2025-01-04 17:52:41,484][erp_ar_v1.py:517] >> Memo Line 입력 완료
[2025-01-04 17:52:43,562][erp_ar_v1.py:527] >> Description 입력 완료
[2025-01-04 17:52:45,636][erp_ar_v1.py:534] >> Quantity 완료
[2025-01-04 17:52:47,700][erp_ar_v1.py:541] >> Unit Price 완료
[2025-01-04 17:52:49,780][erp_ar_v1.py:551] >> Tax Classification 완료
[2025-01-04 17:52:49,780][erp_ar_v1.py:507] >> 2번째 ids_count
[2025-01-04 17:52:51,864][erp_ar_v1.py:517] >> Memo Line 입력 완료
[2025-01-04 17:52:53,960][erp_ar_v1.py:527] >> Description 입력 완료
[2025-01-04 17:52:56,032][erp_ar_v1.py:534] >> Quantity 완료
[2025-01-04 17:52:58,097][erp_ar_v1.py:541] >> Unit Price 완료
[2025-01-04 17:53:00,184][erp_ar_v1.py:551] >> Tax Classification 완료
[2025-01-04 17:53:00,185][erp_ar_v1.py:507] >> 3번째 ids_count
[2025-01-04 17:53:02,271][erp_ar_v1.py:517] >> Memo Line 입력 완료
[2025-01-04 17:53:04,365][erp_ar_v1.py:527] >> Description 입력 완료
[2025-01-04 17:53:06,428][erp_ar_v1.py:534] >> Quantity 완료
[2025-01-04 17:53:08,491][erp_ar_v1.py:541] >> Unit Price 완료
[2025-01-04 17:53:10,567][erp_ar_v1.py:551] >> Tax Classification 완료
[2025-01-04 17:53:10,568][erp_ar_v1.py:507] >> 4번째 ids_count
[2025-01-04 17:53:12,650][erp_ar_v1.py:517] >> Memo Line 입력 완료
[2025-01-04 17:53:14,744][erp_ar_v1.py:527] >> Description 입력 완료
[2025-01-04 17:53:16,813][erp_ar_v1.py:534] >> Quantity 완료
[2025-01-04 17:53:18,880][erp_ar_v1.py:541] >> Unit Price 완료
[2025-01-04 17:53:20,970][erp_ar_v1.py:551] >> Tax Classification 완료
[2025-01-04 17:53:23,061][erp_ar_v1.py:562] >> Save 완료
[2025-01-04 17:53:53,369][erp_ar_v1.py:726] >> error msg : Message: 
Stacktrace:
0   chromedriver                        0x0000000104bd3184 cxxbridge1$str$ptr + 3626716
1   chromedriver                        0x0000000104bcb9d4 cxxbridge1$str$ptr + 3596076
2   chromedriver                        0x0000000104638968 cxxbridge1$string$len + 89228
3   chromedriver                        0x000000010467cd50 cxxbridge1$string$len + 368756
4   chromedriver                        0x00000001046b65b4 cxxbridge1$string$len + 604376
5   chromedriver                        0x0000000104671568 cxxbridge1$string$len + 321676
6   chromedriver                        0x00000001046721b8 cxxbridge1$string$len + 324828
7   chromedriver                        0x0000000104b9e9ac cxxbridge1$str$ptr + 3411716
8   chromedriver                        0x0000000104ba1ccc cxxbridge1$str$ptr + 3424804
9   chromedriver                        0x0000000104b8586c cxxbridge1$str$ptr + 3308996
10  chromedriver                        0x0000000104ba258c cxxbridge1$str$ptr + 3427044
11  chromedriver                        0x0000000104b7709c cxxbridge1$str$ptr + 3249652
12  chromedriver                        0x0000000104bbc4b8 cxxbridge1$str$ptr + 3533328
13  chromedriver                        0x0000000104bbc634 cxxbridge1$str$ptr + 3533708
14  chromedriver                        0x0000000104bcb648 cxxbridge1$str$ptr + 3595168
15  libsystem_pthread.dylib             0x0000000184d05f94 _pthread_start + 136
16  libsystem_pthread.dylib             0x0000000184d00d34 thread_start + 8

[2025-01-04 17:53:53,370][erp_ar_v1.py:727] >> 4) Transaction 생성 및 General Information 등록 <<< 실패
[2025-01-04 17:53:53,370][erp_ar_v1.py:728] >> --------------------------------------------------
[2025-01-04 17:53:53,370][erp_ar_v1.py:729] >> ART241217이수임0903 : 오류 발생으로 삭제 진행
[2025-01-04 17:53:53,370][erp_ar_v1.py:730] >> GI_RegisterYN : N
[2025-01-04 17:53:53,370][erp_ar_v1.py:735] >> General Information 저장 안된 상태(= Transaction Number가 등록안됨)
[2025-01-04 17:53:55,401][erp_ar_v1.py:740] >> 만약 AR 문서가 등록되어 있는 경우 삭제프로세스 진행
[2025-01-04 17:53:57,454][erp_ar_v1.py:746] >> 1 - This transaction number already exists. Enter a unique transaction number. (AR-855040)
[2025-01-04 17:53:59,535][erp_ar_v1.py:754] >> 1 - Cancel
[2025-01-04 17:54:01,600][erp_ar_v1.py:760] >> Your changes aren''t saved. If you leave this page, then your changes will be lost. Do you want to continue? >>> Yes 클릭 완료
[2025-01-04 17:54:03,677][erp_ar_v1.py:780] >> 2
[2025-01-04 17:54:05,753][erp_ar_v1.py:786] >> 3
[2025-01-04 17:54:07,827][erp_ar_v1.py:792] >> 4
[2025-01-04 17:54:09,895][erp_ar_v1.py:800] >> 5
[2025-01-04 17:54:12,491][erp_ar_v1.py:813] >> 6
[2025-01-04 17:54:14,558][erp_ar_v1.py:821] >> You're about to delete incomplete transaction. Do you want to continue? >>> Yes 클릭 완료
[2025-01-04 17:54:17,148][erp_ar_v1.py:833] >> 7
[2025-01-04 17:54:28,168][erp_ar_v1.py:35] >> ERP AR 발행 Process 및 현재 위치 - 5 depth
[2025-01-04 17:54:28,168][erp_ar_v1.py:36] >> --------------------------------------------------
[2025-01-04 17:54:28,168][erp_ar_v1.py:37] >> --------------------------------------------------
[2025-01-04 17:54:28,168][erp_ar_v1.py:38] >> 1) 설치여부 확인 및 사용자 정보 가져오기 <<< [현재위치]
[2025-01-04 17:54:28,168][erp_ar_v1.py:39] >> 2) 엑셀에 등록된 데이터 기반 json 데이터 생성
[2025-01-04 17:54:28,168][erp_ar_v1.py:40] >> 3) ERP 로그인 및 Receivables > Billing 이동
[2025-01-04 17:54:28,168][erp_ar_v1.py:41] >> 4) Transaction 생성 및 General Information 등록
[2025-01-04 17:54:28,168][erp_ar_v1.py:42] >> 5) Invoice Lines 및 Distribution 등록
[2025-01-04 17:54:28,169][erp_ar_v1.py:58] >> user        = 강이슬
[2025-01-04 17:54:28,169][erp_ar_v1.py:59] >> account     = iskang@hist.co.kr
[2025-01-04 17:54:28,169][erp_ar_v1.py:60] >> password    = Hist7288!
[2025-01-04 17:54:28,169][erp_ar_v1.py:61] >> installed   = Y
[2025-01-04 17:54:28,169][erp_ar_v1.py:62] >> destination = /Users/danniel.kil/Documents/workspace/automation/file/sample.xlsx
[2025-01-04 17:54:28,169][erp_ar_v1.py:82] >> --------------------------------------------------
[2025-01-04 17:54:28,169][erp_ar_v1.py:83] >> --------------------------------------------------
[2025-01-04 17:54:28,169][erp_ar_v1.py:84] >> 1) 설치여부 확인 및 사용자 정보 가져오기
[2025-01-04 17:54:28,169][erp_ar_v1.py:85] >> 2) 엑셀에 등록된 데이터 기반 json 데이터 생성 <<< [현재위치]
[2025-01-04 17:54:28,169][erp_ar_v1.py:86] >> 3) ERP 로그인 및 Receivables > Billing 이동
[2025-01-04 17:54:28,169][erp_ar_v1.py:87] >> 4) Transaction 생성 및 General Information 등록
[2025-01-04 17:54:28,169][erp_ar_v1.py:88] >> 5) Invoice Lines 및 Distribution 등록
[2025-01-04 17:54:28,282][erp_ar_v1.py:204] >> --------------------------------------------------
[2025-01-04 17:54:28,282][erp_ar_v1.py:205] >> ART241217이수임0901 : json 생성 완료
[2025-01-04 17:54:28,283][erp_ar_v1.py:204] >> --------------------------------------------------
[2025-01-04 17:54:28,283][erp_ar_v1.py:205] >> ART241217이수임0902 : json 생성 완료
[2025-01-04 17:54:28,284][erp_ar_v1.py:204] >> --------------------------------------------------
[2025-01-04 17:54:28,284][erp_ar_v1.py:205] >> ART241217이수임0903 : json 생성 완료
[2025-01-04 17:54:28,284][erp_ar_v1.py:204] >> --------------------------------------------------
[2025-01-04 17:54:28,284][erp_ar_v1.py:205] >> ART241217이수임0904 : json 생성 완료
[2025-01-04 17:54:28,284][erp_ar_v1.py:219] >> --------------------------------------------------
[2025-01-04 17:54:28,284][erp_ar_v1.py:233] >> --------------------------------------------------
[2025-01-04 17:54:28,284][erp_ar_v1.py:234] >> --------------------------------------------------
[2025-01-04 17:54:28,284][erp_ar_v1.py:235] >> 1) 설치여부 확인 및 사용자 정보 가져오기
[2025-01-04 17:54:28,284][erp_ar_v1.py:236] >> 2) 엑셀에 등록된 데이터 기반 json 데이터 생성
[2025-01-04 17:54:28,284][erp_ar_v1.py:237] >> 3) ERP 로그인 및 Receivables > Billing 이동 <<< [현재위치]
[2025-01-04 17:54:28,284][erp_ar_v1.py:238] >> 4) Transaction 생성 및 General Information 등록
[2025-01-04 17:54:28,284][erp_ar_v1.py:239] >> 5) Invoice Lines 및 Distribution 등록
[2025-01-04 17:54:35,093][erp_ar_v1.py:264] >> ERP 페이지 이동 완료(화면출력 함)
[2025-01-04 17:54:35,134][erp_ar_v1.py:269] >> displayOK : True
[2025-01-04 17:54:42,947][erp_ar_v1.py:277] >> 로그인 완료
[2025-01-04 17:54:42,948][erp_ar_v1.py:278] >> iskang@hist.co.kr : Hist7288!
[2025-01-04 17:54:42,948][erp_ar_v1.py:280] >> AR Transaction 이동
[2025-01-04 17:54:55,027][erp_ar_v1.py:287] >> 햄버거 버튼 클릭 완료
[2025-01-04 17:54:57,095][erp_ar_v1.py:293] >> Receivables 메뉴 클릭 완료
[2025-01-04 17:54:59,166][erp_ar_v1.py:299] >> Billing 클릭 완료
[2025-01-04 17:54:59,166][erp_ar_v1.py:315] >> --------------------------------------------------
[2025-01-04 17:54:59,166][erp_ar_v1.py:316] >> --------------------------------------------------
[2025-01-04 17:54:59,166][erp_ar_v1.py:317] >> 1) 설치여부 확인 및 사용자 정보 가져오기
[2025-01-04 17:54:59,166][erp_ar_v1.py:318] >> 2) 엑셀에 등록된 데이터 기반 json 데이터 생성
[2025-01-04 17:54:59,166][erp_ar_v1.py:319] >> 3) ERP 로그인 및 Receivables > Billing 이동
[2025-01-04 17:54:59,166][erp_ar_v1.py:320] >> 4) Transaction 생성 및 General Information 등록 <<< [현재위치]
[2025-01-04 17:54:59,166][erp_ar_v1.py:321] >> 5) Invoice Lines 및 Distribution 등록
[2025-01-04 17:54:59,167][erp_ar_v1.py:353] >> --------------------------------------------------
[2025-01-04 17:54:59,167][erp_ar_v1.py:354] >> ART241217이수임0901 : 기발행된 AR 입니다.
[2025-01-04 17:54:59,167][erp_ar_v1.py:353] >> --------------------------------------------------
[2025-01-04 17:54:59,167][erp_ar_v1.py:354] >> ART241217이수임0902 : 기발행된 AR 입니다.
[2025-01-04 17:54:59,167][erp_ar_v1.py:367] >> --------------------------------------------------
[2025-01-04 17:54:59,167][erp_ar_v1.py:368] >> ART241217이수임0903 : AR 발행 시작!!
[2025-01-04 17:54:59,646][erp_ar_v1.py:382] >> Tasks 이미지 클릭 완료
[2025-01-04 17:55:00,860][erp_ar_v1.py:388] >> Create Transaction 클릭 완료
[2025-01-04 17:55:05,555][erp_ar_v1.py:401] >> Transaction Source 입력 완료
[2025-01-04 17:55:07,632][erp_ar_v1.py:411] >> Transaction Type : 매출유형 입력 완료
[2025-01-04 17:55:09,695][erp_ar_v1.py:418] >> Transaction Number : 전표번호 입력 완료
[2025-01-04 17:55:11,787][erp_ar_v1.py:427] >> Transaction Date : AR 작성일자 입력 완료
[2025-01-04 17:55:13,873][erp_ar_v1.py:436] >> Accounting Date : 계산서 발행일자 입력 완료
[2025-01-04 17:55:15,933][erp_ar_v1.py:444] >> Bill-to Name	입력 완료
[2025-01-04 17:55:18,005][erp_ar_v1.py:454] >> Payment Terms : 수금조건 입력 완료
[2025-01-04 17:55:20,082][erp_ar_v1.py:462] >> Show More 클릭 완료
[2025-01-04 17:55:22,165][erp_ar_v1.py:470] >> Miscellaneous 클릭 완료
[2025-01-04 17:55:24,239][erp_ar_v1.py:479] >> Structured Payment Reference : 적요 입력 완료
[2025-01-04 17:55:26,305][erp_ar_v1.py:486] >> 세무 증빙 유형 입력 완료
[2025-01-04 17:55:28,363][erp_ar_v1.py:493] >> 역발행여부 입력 완료
[2025-01-04 17:55:30,429][erp_ar_v1.py:500] >> 작성자 E-Mail 입력 완료
[2025-01-04 17:55:30,429][erp_ar_v1.py:507] >> 1번째 ids_count
[2025-01-04 17:55:32,515][erp_ar_v1.py:517] >> Memo Line 입력 완료
[2025-01-04 17:55:34,609][erp_ar_v1.py:527] >> Description 입력 완료
[2025-01-04 17:55:36,685][erp_ar_v1.py:534] >> Quantity 완료
[2025-01-04 17:55:38,754][erp_ar_v1.py:541] >> Unit Price 완료
[2025-01-04 17:55:40,842][erp_ar_v1.py:551] >> Tax Classification 완료
[2025-01-04 17:55:40,842][erp_ar_v1.py:507] >> 2번째 ids_count
[2025-01-04 17:55:42,914][erp_ar_v1.py:517] >> Memo Line 입력 완료
[2025-01-04 17:55:44,981][erp_ar_v1.py:527] >> Description 입력 완료
[2025-01-04 17:55:47,053][erp_ar_v1.py:534] >> Quantity 완료
[2025-01-04 17:55:49,121][erp_ar_v1.py:541] >> Unit Price 완료
[2025-01-04 17:55:51,209][erp_ar_v1.py:551] >> Tax Classification 완료
[2025-01-04 17:55:51,209][erp_ar_v1.py:507] >> 3번째 ids_count
[2025-01-04 17:55:53,287][erp_ar_v1.py:517] >> Memo Line 입력 완료
[2025-01-04 17:55:55,388][erp_ar_v1.py:527] >> Description 입력 완료
[2025-01-04 17:55:57,453][erp_ar_v1.py:534] >> Quantity 완료
[2025-01-04 17:55:59,529][erp_ar_v1.py:541] >> Unit Price 완료
[2025-01-04 17:56:01,612][erp_ar_v1.py:551] >> Tax Classification 완료
[2025-01-04 17:56:01,612][erp_ar_v1.py:507] >> 4번째 ids_count
[2025-01-04 17:56:03,696][erp_ar_v1.py:517] >> Memo Line 입력 완료
[2025-01-04 17:56:05,791][erp_ar_v1.py:527] >> Description 입력 완료
[2025-01-04 17:56:07,859][erp_ar_v1.py:534] >> Quantity 완료
[2025-01-04 17:56:09,923][erp_ar_v1.py:541] >> Unit Price 완료
[2025-01-04 17:56:12,007][erp_ar_v1.py:551] >> Tax Classification 완료
[2025-01-04 17:56:14,092][erp_ar_v1.py:562] >> Save 완료
[2025-01-04 17:56:26,178][erp_ar_v1.py:573] >> Action 버튼 클릭 완료
[2025-01-04 17:56:28,252][erp_ar_v1.py:581] >> Edit Distribution 클릭 완료
[2025-01-04 17:56:30,323][erp_ar_v1.py:589] >> Alert창 Yes 클릭 완료
[2025-01-04 17:56:34,388][erp_ar_v1.py:603] >> Edit Distributions > Line Number
[2025-01-04 17:56:38,500][erp_ar_v1.py:611] >> Edit Distributions > Account Class
[2025-01-04 17:56:40,585][erp_ar_v1.py:616] >> Edit Distributions > 돋보기 버튼 클릭 완료
[2025-01-04 17:56:42,673][erp_ar_v1.py:624] >> Distributions > RESP Center 입력 완료
[2025-01-04 17:56:45,752][erp_ar_v1.py:631] >> Distributions > RESP Center 클릭 완료
[2025-01-04 17:56:47,838][erp_ar_v1.py:638] >> Distributions > Cost Center 입력 완료
[2025-01-04 17:56:50,928][erp_ar_v1.py:645] >> Distributions > Cost Center 클릭 완료
[2025-01-04 17:56:53,025][erp_ar_v1.py:652] >> Distributions > Project 입력 완료
[2025-01-04 17:56:56,115][erp_ar_v1.py:659] >> Distributions > Project 클릭 완료
[2025-01-04 17:56:58,190][erp_ar_v1.py:667] >> Distributions > OK 버튼 클릭 완료
[2025-01-04 17:57:04,339][erp_ar_v1.py:686] >> Save 우측 화살표버튼 클릭 완료
[2025-01-04 17:57:07,421][erp_ar_v1.py:694] >> Save and Close 클릭 완료
[2025-01-04 17:57:10,488][erp_ar_v1.py:700] >> Billing 화면에서 Alert창 내 OK버튼 클릭 완료
[2025-01-04 17:57:10,489][erp_ar_v1.py:708] >> AR 발행완료 : ART241217이수임0903
[2025-01-04 17:57:10,661][erp_ar_v1.py:367] >> --------------------------------------------------
[2025-01-04 17:57:10,661][erp_ar_v1.py:368] >> ART241217이수임0904 : AR 발행 시작!!
[2025-01-04 17:57:10,700][erp_ar_v1.py:382] >> Tasks 이미지 클릭 완료
[2025-01-04 17:57:11,280][erp_ar_v1.py:388] >> Create Transaction 클릭 완료
[2025-01-04 17:57:14,899][erp_ar_v1.py:401] >> Transaction Source 입력 완료
[2025-01-04 17:57:16,988][erp_ar_v1.py:411] >> Transaction Type : 매출유형 입력 완료
[2025-01-04 17:57:19,047][erp_ar_v1.py:418] >> Transaction Number : 전표번호 입력 완료
[2025-01-04 17:57:21,142][erp_ar_v1.py:427] >> Transaction Date : AR 작성일자 입력 완료
[2025-01-04 17:57:23,228][erp_ar_v1.py:436] >> Accounting Date : 계산서 발행일자 입력 완료
[2025-01-04 17:57:25,289][erp_ar_v1.py:444] >> Bill-to Name	입력 완료
[2025-01-04 17:57:27,372][erp_ar_v1.py:454] >> Payment Terms : 수금조건 입력 완료
[2025-01-04 17:57:29,449][erp_ar_v1.py:462] >> Show More 클릭 완료
[2025-01-04 17:57:31,533][erp_ar_v1.py:470] >> Miscellaneous 클릭 완료
[2025-01-04 17:57:33,612][erp_ar_v1.py:479] >> Structured Payment Reference : 적요 입력 완료
[2025-01-04 17:57:35,680][erp_ar_v1.py:486] >> 세무 증빙 유형 입력 완료
[2025-01-04 17:57:37,739][erp_ar_v1.py:493] >> 역발행여부 입력 완료
[2025-01-04 17:57:39,809][erp_ar_v1.py:500] >> 작성자 E-Mail 입력 완료
[2025-01-04 17:57:39,809][erp_ar_v1.py:507] >> 1번째 ids_count
[2025-01-04 17:57:41,901][erp_ar_v1.py:517] >> Memo Line 입력 완료
[2025-01-04 17:57:44,002][erp_ar_v1.py:527] >> Description 입력 완료
[2025-01-04 17:57:46,070][erp_ar_v1.py:534] >> Quantity 완료
[2025-01-04 17:57:48,141][erp_ar_v1.py:541] >> Unit Price 완료
[2025-01-04 17:57:50,225][erp_ar_v1.py:551] >> Tax Classification 완료
[2025-01-04 17:57:52,314][erp_ar_v1.py:562] >> Save 완료
[2025-01-04 17:58:04,413][erp_ar_v1.py:573] >> Action 버튼 클릭 완료
[2025-01-04 17:58:06,487][erp_ar_v1.py:581] >> Edit Distribution 클릭 완료
[2025-01-04 17:58:08,566][erp_ar_v1.py:589] >> Alert창 Yes 클릭 완료
[2025-01-04 17:58:12,628][erp_ar_v1.py:603] >> Edit Distributions > Line Number
[2025-01-04 17:58:16,725][erp_ar_v1.py:611] >> Edit Distributions > Account Class
[2025-01-04 17:58:18,799][erp_ar_v1.py:616] >> Edit Distributions > 돋보기 버튼 클릭 완료
[2025-01-04 17:58:20,887][erp_ar_v1.py:624] >> Distributions > RESP Center 입력 완료
[2025-01-04 17:58:23,979][erp_ar_v1.py:631] >> Distributions > RESP Center 클릭 완료
[2025-01-04 17:58:26,056][erp_ar_v1.py:638] >> Distributions > Cost Center 입력 완료
[2025-01-04 17:58:29,141][erp_ar_v1.py:645] >> Distributions > Cost Center 클릭 완료
[2025-01-04 17:58:31,224][erp_ar_v1.py:652] >> Distributions > Project 입력 완료
[2025-01-04 17:58:34,313][erp_ar_v1.py:659] >> Distributions > Project 클릭 완료
[2025-01-04 17:58:36,382][erp_ar_v1.py:667] >> Distributions > OK 버튼 클릭 완료
[2025-01-04 17:58:42,542][erp_ar_v1.py:686] >> Save 우측 화살표버튼 클릭 완료
[2025-01-04 17:58:45,619][erp_ar_v1.py:694] >> Save and Close 클릭 완료
[2025-01-04 17:58:48,681][erp_ar_v1.py:700] >> Billing 화면에서 Alert창 내 OK버튼 클릭 완료
[2025-01-04 17:58:48,682][erp_ar_v1.py:708] >> AR 발행완료 : ART241217이수임0904
[2025-01-04 17:58:48,846][erp_ar_v1.py:1036] >> --------------------------------------------------
[2025-01-04 17:58:48,846][erp_ar_v1.py:1037] >> 현재 모듈 재구동 횟 수 : 3회
[2025-01-04 17:58:48,846][erp_ar_v1.py:1038] >> --------------------------------------------------
[2025-01-04 17:58:48,846][erp_ar_v1.py:1036] >> --------------------------------------------------
[2025-01-04 17:58:48,846][erp_ar_v1.py:1037] >> 현재 모듈 재구동 횟 수 : 3회
[2025-01-04 17:58:48,846][erp_ar_v1.py:1038] >> --------------------------------------------------
[2025-01-04 18:03:03,996][erp_ar_v1.py:35] >> ERP AR 발행 Process 및 현재 위치 - 5 depth
[2025-01-04 18:03:03,997][erp_ar_v1.py:36] >> --------------------------------------------------
[2025-01-04 18:03:03,997][erp_ar_v1.py:37] >> --------------------------------------------------
[2025-01-04 18:03:03,997][erp_ar_v1.py:38] >> 1) 설치여부 확인 및 사용자 정보 가져오기 <<< [현재위치]
[2025-01-04 18:03:03,997][erp_ar_v1.py:39] >> 2) 엑셀에 등록된 데이터 기반 json 데이터 생성
[2025-01-04 18:03:03,997][erp_ar_v1.py:40] >> 3) ERP 로그인 및 Receivables > Billing 이동
[2025-01-04 18:03:03,997][erp_ar_v1.py:41] >> 4) Transaction 생성 및 General Information 등록
[2025-01-04 18:03:03,997][erp_ar_v1.py:42] >> 5) Invoice Lines 및 Distribution 등록
[2025-01-04 18:03:03,997][erp_ar_v1.py:58] >> user        = 강이슬
[2025-01-04 18:03:03,997][erp_ar_v1.py:59] >> account     = iskang@hist.co.kr
[2025-01-04 18:03:03,997][erp_ar_v1.py:60] >> password    = Hist7288!
[2025-01-04 18:03:03,997][erp_ar_v1.py:61] >> installed   = Y
[2025-01-04 18:03:03,997][erp_ar_v1.py:62] >> destination = /Users/danniel.kil/Documents/workspace/automation/file/sample.xlsx
[2025-01-04 18:03:03,997][erp_ar_v1.py:82] >> --------------------------------------------------
[2025-01-04 18:03:03,997][erp_ar_v1.py:83] >> --------------------------------------------------
[2025-01-04 18:03:03,997][erp_ar_v1.py:84] >> 1) 설치여부 확인 및 사용자 정보 가져오기
[2025-01-04 18:03:03,997][erp_ar_v1.py:85] >> 2) 엑셀에 등록된 데이터 기반 json 데이터 생성 <<< [현재위치]
[2025-01-04 18:03:03,997][erp_ar_v1.py:86] >> 3) ERP 로그인 및 Receivables > Billing 이동
[2025-01-04 18:03:03,997][erp_ar_v1.py:87] >> 4) Transaction 생성 및 General Information 등록
[2025-01-04 18:03:03,997][erp_ar_v1.py:88] >> 5) Invoice Lines 및 Distribution 등록
[2025-01-04 18:03:04,096][erp_ar_v1.py:204] >> --------------------------------------------------
[2025-01-04 18:03:04,096][erp_ar_v1.py:205] >> ART241217이수임0901 : json 생성 완료
[2025-01-04 18:03:04,097][erp_ar_v1.py:204] >> --------------------------------------------------
[2025-01-04 18:03:04,097][erp_ar_v1.py:205] >> ART241217이수임0902 : json 생성 완료
[2025-01-04 18:03:04,098][erp_ar_v1.py:204] >> --------------------------------------------------
[2025-01-04 18:03:04,098][erp_ar_v1.py:205] >> ART241217이수임0903 : json 생성 완료
[2025-01-04 18:03:04,098][erp_ar_v1.py:204] >> --------------------------------------------------
[2025-01-04 18:03:04,098][erp_ar_v1.py:205] >> ART241217이수임0904 : json 생성 완료
[2025-01-04 18:03:04,098][erp_ar_v1.py:219] >> --------------------------------------------------
[2025-01-04 18:03:04,098][erp_ar_v1.py:233] >> --------------------------------------------------
[2025-01-04 18:03:04,098][erp_ar_v1.py:234] >> --------------------------------------------------
[2025-01-04 18:03:04,098][erp_ar_v1.py:235] >> 1) 설치여부 확인 및 사용자 정보 가져오기
[2025-01-04 18:03:04,098][erp_ar_v1.py:236] >> 2) 엑셀에 등록된 데이터 기반 json 데이터 생성
[2025-01-04 18:03:04,098][erp_ar_v1.py:237] >> 3) ERP 로그인 및 Receivables > Billing 이동 <<< [현재위치]
[2025-01-04 18:03:04,098][erp_ar_v1.py:238] >> 4) Transaction 생성 및 General Information 등록
[2025-01-04 18:03:04,098][erp_ar_v1.py:239] >> 5) Invoice Lines 및 Distribution 등록
[2025-01-04 18:03:11,459][erp_ar_v1.py:264] >> ERP 페이지 이동 완료(화면출력 함)
[2025-01-04 18:03:11,502][erp_ar_v1.py:269] >> displayOK : True
[2025-01-04 18:03:18,638][erp_ar_v1.py:277] >> 로그인 완료
[2025-01-04 18:03:18,640][erp_ar_v1.py:278] >> iskang@hist.co.kr : Hist7288!
[2025-01-04 18:03:18,640][erp_ar_v1.py:280] >> AR Transaction 이동
[2025-01-04 18:03:30,715][erp_ar_v1.py:287] >> 햄버거 버튼 클릭 완료
[2025-01-04 18:03:32,781][erp_ar_v1.py:293] >> Receivables 메뉴 클릭 완료
[2025-01-04 18:03:34,848][erp_ar_v1.py:299] >> Billing 클릭 완료
[2025-01-04 18:03:34,849][erp_ar_v1.py:315] >> --------------------------------------------------
[2025-01-04 18:03:34,849][erp_ar_v1.py:316] >> --------------------------------------------------
[2025-01-04 18:03:34,849][erp_ar_v1.py:317] >> 1) 설치여부 확인 및 사용자 정보 가져오기
[2025-01-04 18:03:34,849][erp_ar_v1.py:318] >> 2) 엑셀에 등록된 데이터 기반 json 데이터 생성
[2025-01-04 18:03:34,849][erp_ar_v1.py:319] >> 3) ERP 로그인 및 Receivables > Billing 이동
[2025-01-04 18:03:34,849][erp_ar_v1.py:320] >> 4) Transaction 생성 및 General Information 등록 <<< [현재위치]
[2025-01-04 18:03:34,849][erp_ar_v1.py:321] >> 5) Invoice Lines 및 Distribution 등록
[2025-01-04 18:03:34,851][erp_ar_v1.py:367] >> --------------------------------------------------
[2025-01-04 18:03:34,851][erp_ar_v1.py:368] >> ART241217이수임0901 : AR 발행 시작!!
[2025-01-04 18:03:34,901][erp_ar_v1.py:382] >> Tasks 이미지 클릭 완료
[2025-01-04 18:03:36,199][erp_ar_v1.py:388] >> Create Transaction 클릭 완료
[2025-01-04 18:03:41,369][erp_ar_v1.py:401] >> Transaction Source 입력 완료
[2025-01-04 18:03:43,456][erp_ar_v1.py:411] >> Transaction Type : 매출유형 입력 완료
[2025-01-04 18:03:45,519][erp_ar_v1.py:418] >> Transaction Number : 전표번호 입력 완료
[2025-01-04 18:03:47,614][erp_ar_v1.py:427] >> Transaction Date : AR 작성일자 입력 완료
[2025-01-04 18:03:49,698][erp_ar_v1.py:436] >> Accounting Date : 계산서 발행일자 입력 완료
[2025-01-04 18:03:51,757][erp_ar_v1.py:444] >> Bill-to Name	입력 완료
[2025-01-04 18:03:53,825][erp_ar_v1.py:454] >> Payment Terms : 수금조건 입력 완료
[2025-01-04 18:03:55,901][erp_ar_v1.py:462] >> Show More 클릭 완료
[2025-01-04 18:03:57,979][erp_ar_v1.py:470] >> Miscellaneous 클릭 완료
[2025-01-04 18:04:00,065][erp_ar_v1.py:479] >> Structured Payment Reference : 적요 입력 완료
[2025-01-04 18:04:02,131][erp_ar_v1.py:486] >> 세무 증빙 유형 입력 완료
[2025-01-04 18:04:04,188][erp_ar_v1.py:493] >> 역발행여부 입력 완료
[2025-01-04 18:04:06,256][erp_ar_v1.py:500] >> 작성자 E-Mail 입력 완료
[2025-01-04 18:04:06,257][erp_ar_v1.py:507] >> 1번째 ids_count
[2025-01-04 18:04:08,342][erp_ar_v1.py:517] >> Memo Line 입력 완료
[2025-01-04 18:04:10,415][erp_ar_v1.py:527] >> Description 입력 완료
[2025-01-04 18:04:12,470][erp_ar_v1.py:534] >> Quantity 완료
[2025-01-04 18:04:14,533][erp_ar_v1.py:541] >> Unit Price 완료
[2025-01-04 18:04:16,626][erp_ar_v1.py:551] >> Tax Classification 완료
[2025-01-04 18:04:16,627][erp_ar_v1.py:507] >> 2번째 ids_count
[2025-01-04 18:04:18,718][erp_ar_v1.py:517] >> Memo Line 입력 완료
[2025-01-04 18:04:20,781][erp_ar_v1.py:527] >> Description 입력 완료
[2025-01-04 18:04:22,847][erp_ar_v1.py:534] >> Quantity 완료
[2025-01-04 18:04:24,913][erp_ar_v1.py:541] >> Unit Price 완료
[2025-01-04 18:04:27,000][erp_ar_v1.py:551] >> Tax Classification 완료
[2025-01-04 18:04:27,001][erp_ar_v1.py:507] >> 3번째 ids_count
[2025-01-04 18:04:29,091][erp_ar_v1.py:517] >> Memo Line 입력 완료
[2025-01-04 18:04:31,180][erp_ar_v1.py:527] >> Description 입력 완료
[2025-01-04 18:04:33,246][erp_ar_v1.py:534] >> Quantity 완료
[2025-01-04 18:04:35,314][erp_ar_v1.py:541] >> Unit Price 완료
[2025-01-04 18:04:37,398][erp_ar_v1.py:551] >> Tax Classification 완료
[2025-01-04 18:04:37,398][erp_ar_v1.py:507] >> 4번째 ids_count
[2025-01-04 18:04:39,478][erp_ar_v1.py:517] >> Memo Line 입력 완료
[2025-01-04 18:04:41,558][erp_ar_v1.py:527] >> Description 입력 완료
[2025-01-04 18:04:43,631][erp_ar_v1.py:534] >> Quantity 완료
[2025-01-04 18:04:45,698][erp_ar_v1.py:541] >> Unit Price 완료
[2025-01-04 18:04:47,787][erp_ar_v1.py:551] >> Tax Classification 완료
[2025-01-04 18:04:47,788][erp_ar_v1.py:507] >> 5번째 ids_count
[2025-01-04 18:04:49,869][erp_ar_v1.py:517] >> Memo Line 입력 완료
[2025-01-04 18:04:51,958][erp_ar_v1.py:527] >> Description 입력 완료
[2025-01-04 18:04:54,023][erp_ar_v1.py:534] >> Quantity 완료
[2025-01-04 18:04:56,091][erp_ar_v1.py:541] >> Unit Price 완료
[2025-01-04 18:04:58,179][erp_ar_v1.py:551] >> Tax Classification 완료
[2025-01-04 18:05:00,261][erp_ar_v1.py:562] >> Save 완료
[2025-01-04 18:05:30,574][erp_ar_v1.py:726] >> error msg : Message: 
Stacktrace:
0   chromedriver                        0x0000000100d5b184 cxxbridge1$str$ptr + 3626716
1   chromedriver                        0x0000000100d539d4 cxxbridge1$str$ptr + 3596076
2   chromedriver                        0x00000001007c0968 cxxbridge1$string$len + 89228
3   chromedriver                        0x0000000100804d50 cxxbridge1$string$len + 368756
4   chromedriver                        0x000000010083e5b4 cxxbridge1$string$len + 604376
5   chromedriver                        0x00000001007f9568 cxxbridge1$string$len + 321676
6   chromedriver                        0x00000001007fa1b8 cxxbridge1$string$len + 324828
7   chromedriver                        0x0000000100d269ac cxxbridge1$str$ptr + 3411716
8   chromedriver                        0x0000000100d29ccc cxxbridge1$str$ptr + 3424804
9   chromedriver                        0x0000000100d0d86c cxxbridge1$str$ptr + 3308996
10  chromedriver                        0x0000000100d2a58c cxxbridge1$str$ptr + 3427044
11  chromedriver                        0x0000000100cff09c cxxbridge1$str$ptr + 3249652
12  chromedriver                        0x0000000100d444b8 cxxbridge1$str$ptr + 3533328
13  chromedriver                        0x0000000100d44634 cxxbridge1$str$ptr + 3533708
14  chromedriver                        0x0000000100d53648 cxxbridge1$str$ptr + 3595168
15  libsystem_pthread.dylib             0x0000000184d05f94 _pthread_start + 136
16  libsystem_pthread.dylib             0x0000000184d00d34 thread_start + 8

[2025-01-04 18:05:30,575][erp_ar_v1.py:727] >> 4) Transaction 생성 및 General Information 등록 <<< 실패
[2025-01-04 18:05:30,575][erp_ar_v1.py:728] >> --------------------------------------------------
[2025-01-04 18:05:30,575][erp_ar_v1.py:729] >> ART241217이수임0901 : 오류 발생으로 삭제 진행
[2025-01-04 18:05:30,575][erp_ar_v1.py:730] >> GI_RegisterYN : N
[2025-01-04 18:05:30,575][erp_ar_v1.py:735] >> General Information 저장 안된 상태(= Transaction Number가 등록안됨)
[2025-01-04 18:05:32,607][erp_ar_v1.py:740] >> 만약 AR 문서가 등록되어 있는 경우 삭제프로세스 진행
[2025-01-04 18:05:34,669][erp_ar_v1.py:746] >> 1 - This transaction number already exists. Enter a unique transaction number. (AR-855040)
[2025-01-04 18:05:36,743][erp_ar_v1.py:754] >> 1 - Cancel
[2025-01-04 18:05:38,810][erp_ar_v1.py:760] >> Your changes aren''t saved. If you leave this page, then your changes will be lost. Do you want to continue? >>> Yes 클릭 완료
[2025-01-04 18:05:40,889][erp_ar_v1.py:780] >> 2
[2025-01-04 18:05:42,968][erp_ar_v1.py:786] >> 3
[2025-01-04 18:05:45,038][erp_ar_v1.py:792] >> 4
[2025-01-04 18:05:47,085][erp_ar_v1.py:800] >> 5
[2025-01-04 18:05:52,753][erp_ar_v1.py:813] >> 6
[2025-01-04 18:05:54,818][erp_ar_v1.py:821] >> You're about to delete incomplete transaction. Do you want to continue? >>> Yes 클릭 완료
[2025-01-04 18:05:56,894][erp_ar_v1.py:833] >> 7
[2025-01-04 18:06:07,953][erp_ar_v1.py:35] >> ERP AR 발행 Process 및 현재 위치 - 5 depth
[2025-01-04 18:06:07,953][erp_ar_v1.py:36] >> --------------------------------------------------
[2025-01-04 18:06:07,953][erp_ar_v1.py:37] >> --------------------------------------------------
[2025-01-04 18:06:07,953][erp_ar_v1.py:38] >> 1) 설치여부 확인 및 사용자 정보 가져오기 <<< [현재위치]
[2025-01-04 18:06:07,953][erp_ar_v1.py:39] >> 2) 엑셀에 등록된 데이터 기반 json 데이터 생성
[2025-01-04 18:06:07,953][erp_ar_v1.py:40] >> 3) ERP 로그인 및 Receivables > Billing 이동
[2025-01-04 18:06:07,953][erp_ar_v1.py:41] >> 4) Transaction 생성 및 General Information 등록
[2025-01-04 18:06:07,953][erp_ar_v1.py:42] >> 5) Invoice Lines 및 Distribution 등록
[2025-01-04 18:06:07,953][erp_ar_v1.py:58] >> user        = 강이슬
[2025-01-04 18:06:07,953][erp_ar_v1.py:59] >> account     = iskang@hist.co.kr
[2025-01-04 18:06:07,953][erp_ar_v1.py:60] >> password    = Hist7288!
[2025-01-04 18:06:07,953][erp_ar_v1.py:61] >> installed   = Y
[2025-01-04 18:06:07,953][erp_ar_v1.py:62] >> destination = /Users/danniel.kil/Documents/workspace/automation/file/sample.xlsx
[2025-01-04 18:06:07,953][erp_ar_v1.py:82] >> --------------------------------------------------
[2025-01-04 18:06:07,953][erp_ar_v1.py:83] >> --------------------------------------------------
[2025-01-04 18:06:07,953][erp_ar_v1.py:84] >> 1) 설치여부 확인 및 사용자 정보 가져오기
[2025-01-04 18:06:07,953][erp_ar_v1.py:85] >> 2) 엑셀에 등록된 데이터 기반 json 데이터 생성 <<< [현재위치]
[2025-01-04 18:06:07,953][erp_ar_v1.py:86] >> 3) ERP 로그인 및 Receivables > Billing 이동
[2025-01-04 18:06:07,953][erp_ar_v1.py:87] >> 4) Transaction 생성 및 General Information 등록
[2025-01-04 18:06:07,953][erp_ar_v1.py:88] >> 5) Invoice Lines 및 Distribution 등록
[2025-01-04 18:06:08,069][erp_ar_v1.py:204] >> --------------------------------------------------
[2025-01-04 18:06:08,069][erp_ar_v1.py:205] >> ART241217이수임0901 : json 생성 완료
[2025-01-04 18:06:08,070][erp_ar_v1.py:204] >> --------------------------------------------------
[2025-01-04 18:06:08,070][erp_ar_v1.py:205] >> ART241217이수임0902 : json 생성 완료
[2025-01-04 18:06:08,070][erp_ar_v1.py:204] >> --------------------------------------------------
[2025-01-04 18:06:08,070][erp_ar_v1.py:205] >> ART241217이수임0903 : json 생성 완료
[2025-01-04 18:06:08,070][erp_ar_v1.py:204] >> --------------------------------------------------
[2025-01-04 18:06:08,070][erp_ar_v1.py:205] >> ART241217이수임0904 : json 생성 완료
[2025-01-04 18:06:08,071][erp_ar_v1.py:219] >> --------------------------------------------------
[2025-01-04 18:06:08,071][erp_ar_v1.py:233] >> --------------------------------------------------
[2025-01-04 18:06:08,071][erp_ar_v1.py:234] >> --------------------------------------------------
[2025-01-04 18:06:08,071][erp_ar_v1.py:235] >> 1) 설치여부 확인 및 사용자 정보 가져오기
[2025-01-04 18:06:08,071][erp_ar_v1.py:236] >> 2) 엑셀에 등록된 데이터 기반 json 데이터 생성
[2025-01-04 18:06:08,071][erp_ar_v1.py:237] >> 3) ERP 로그인 및 Receivables > Billing 이동 <<< [현재위치]
[2025-01-04 18:06:08,071][erp_ar_v1.py:238] >> 4) Transaction 생성 및 General Information 등록
[2025-01-04 18:06:08,071][erp_ar_v1.py:239] >> 5) Invoice Lines 및 Distribution 등록
[2025-01-04 18:06:14,883][erp_ar_v1.py:264] >> ERP 페이지 이동 완료(화면출력 함)
[2025-01-04 18:06:14,926][erp_ar_v1.py:269] >> displayOK : True
[2025-01-04 18:06:21,635][erp_ar_v1.py:277] >> 로그인 완료
[2025-01-04 18:06:21,635][erp_ar_v1.py:278] >> iskang@hist.co.kr : Hist7288!
[2025-01-04 18:06:21,635][erp_ar_v1.py:280] >> AR Transaction 이동
[2025-01-04 18:06:33,702][erp_ar_v1.py:287] >> 햄버거 버튼 클릭 완료
[2025-01-04 18:06:35,771][erp_ar_v1.py:293] >> Receivables 메뉴 클릭 완료
[2025-01-04 18:06:37,844][erp_ar_v1.py:299] >> Billing 클릭 완료
[2025-01-04 18:06:37,844][erp_ar_v1.py:315] >> --------------------------------------------------
[2025-01-04 18:06:37,845][erp_ar_v1.py:316] >> --------------------------------------------------
[2025-01-04 18:06:37,845][erp_ar_v1.py:317] >> 1) 설치여부 확인 및 사용자 정보 가져오기
[2025-01-04 18:06:37,845][erp_ar_v1.py:318] >> 2) 엑셀에 등록된 데이터 기반 json 데이터 생성
[2025-01-04 18:06:37,845][erp_ar_v1.py:319] >> 3) ERP 로그인 및 Receivables > Billing 이동
[2025-01-04 18:06:37,845][erp_ar_v1.py:320] >> 4) Transaction 생성 및 General Information 등록 <<< [현재위치]
[2025-01-04 18:06:37,845][erp_ar_v1.py:321] >> 5) Invoice Lines 및 Distribution 등록
[2025-01-04 18:06:37,847][erp_ar_v1.py:367] >> --------------------------------------------------
[2025-01-04 18:06:37,847][erp_ar_v1.py:368] >> ART241217이수임0901 : AR 발행 시작!!
[2025-01-04 18:06:37,911][erp_ar_v1.py:382] >> Tasks 이미지 클릭 완료
[2025-01-04 18:06:39,199][erp_ar_v1.py:388] >> Create Transaction 클릭 완료
[2025-01-04 18:06:43,766][erp_ar_v1.py:401] >> Transaction Source 입력 완료
[2025-01-04 18:06:45,847][erp_ar_v1.py:411] >> Transaction Type : 매출유형 입력 완료
[2025-01-04 18:06:47,891][erp_ar_v1.py:418] >> Transaction Number : 전표번호 입력 완료
[2025-01-04 18:06:49,980][erp_ar_v1.py:427] >> Transaction Date : AR 작성일자 입력 완료
[2025-01-04 18:06:52,068][erp_ar_v1.py:436] >> Accounting Date : 계산서 발행일자 입력 완료
[2025-01-04 18:06:54,129][erp_ar_v1.py:444] >> Bill-to Name	입력 완료
[2025-01-04 18:06:56,211][erp_ar_v1.py:454] >> Payment Terms : 수금조건 입력 완료
[2025-01-04 18:06:58,295][erp_ar_v1.py:462] >> Show More 클릭 완료
[2025-01-04 18:07:00,377][erp_ar_v1.py:470] >> Miscellaneous 클릭 완료
[2025-01-04 18:07:02,462][erp_ar_v1.py:479] >> Structured Payment Reference : 적요 입력 완료
[2025-01-04 18:07:04,519][erp_ar_v1.py:486] >> 세무 증빙 유형 입력 완료
[2025-01-04 18:07:06,578][erp_ar_v1.py:493] >> 역발행여부 입력 완료
[2025-01-04 18:07:08,638][erp_ar_v1.py:500] >> 작성자 E-Mail 입력 완료
[2025-01-04 18:07:08,639][erp_ar_v1.py:507] >> 1번째 ids_count
[2025-01-04 18:07:10,727][erp_ar_v1.py:517] >> Memo Line 입력 완료
[2025-01-04 18:07:12,820][erp_ar_v1.py:527] >> Description 입력 완료
[2025-01-04 18:07:14,883][erp_ar_v1.py:534] >> Quantity 완료
[2025-01-04 18:07:16,937][erp_ar_v1.py:541] >> Unit Price 완료
[2025-01-04 18:07:18,999][erp_ar_v1.py:551] >> Tax Classification 완료
[2025-01-04 18:07:19,000][erp_ar_v1.py:507] >> 2번째 ids_count
[2025-01-04 18:07:21,094][erp_ar_v1.py:517] >> Memo Line 입력 완료
[2025-01-04 18:07:23,164][erp_ar_v1.py:527] >> Description 입력 완료
[2025-01-04 18:07:25,229][erp_ar_v1.py:534] >> Quantity 완료
[2025-01-04 18:07:27,300][erp_ar_v1.py:541] >> Unit Price 완료
[2025-01-04 18:07:29,383][erp_ar_v1.py:551] >> Tax Classification 완료
[2025-01-04 18:07:29,384][erp_ar_v1.py:507] >> 3번째 ids_count
[2025-01-04 18:07:31,473][erp_ar_v1.py:517] >> Memo Line 입력 완료
[2025-01-04 18:07:33,570][erp_ar_v1.py:527] >> Description 입력 완료
[2025-01-04 18:07:35,635][erp_ar_v1.py:534] >> Quantity 완료
[2025-01-04 18:07:37,701][erp_ar_v1.py:541] >> Unit Price 완료
[2025-01-04 18:07:39,779][erp_ar_v1.py:551] >> Tax Classification 완료
[2025-01-04 18:07:39,779][erp_ar_v1.py:507] >> 4번째 ids_count
[2025-01-04 18:07:41,856][erp_ar_v1.py:517] >> Memo Line 입력 완료
[2025-01-04 18:07:43,947][erp_ar_v1.py:527] >> Description 입력 완료
[2025-01-04 18:07:46,007][erp_ar_v1.py:534] >> Quantity 완료
[2025-01-04 18:07:48,066][erp_ar_v1.py:541] >> Unit Price 완료
[2025-01-04 18:07:50,143][erp_ar_v1.py:551] >> Tax Classification 완료
[2025-01-04 18:07:50,143][erp_ar_v1.py:507] >> 5번째 ids_count
[2025-01-04 18:07:52,224][erp_ar_v1.py:517] >> Memo Line 입력 완료
[2025-01-04 18:07:54,319][erp_ar_v1.py:527] >> Description 입력 완료
[2025-01-04 18:07:56,384][erp_ar_v1.py:534] >> Quantity 완료
[2025-01-04 18:07:58,450][erp_ar_v1.py:541] >> Unit Price 완료
[2025-01-04 18:08:00,535][erp_ar_v1.py:551] >> Tax Classification 완료
[2025-01-04 18:08:02,624][erp_ar_v1.py:562] >> Save 완료
[2025-01-04 18:08:14,709][erp_ar_v1.py:573] >> Action 버튼 클릭 완료
[2025-01-04 18:08:16,793][erp_ar_v1.py:581] >> Edit Distribution 클릭 완료
[2025-01-04 18:08:18,873][erp_ar_v1.py:589] >> Alert창 Yes 클릭 완료
[2025-01-04 18:08:22,946][erp_ar_v1.py:603] >> Edit Distributions > Line Number
[2025-01-04 18:08:27,062][erp_ar_v1.py:611] >> Edit Distributions > Account Class
[2025-01-04 18:08:29,137][erp_ar_v1.py:616] >> Edit Distributions > 돋보기 버튼 클릭 완료
[2025-01-04 18:08:31,213][erp_ar_v1.py:624] >> Distributions > RESP Center 입력 완료
[2025-01-04 18:08:34,312][erp_ar_v1.py:631] >> Distributions > RESP Center 클릭 완료
[2025-01-04 18:08:36,412][erp_ar_v1.py:638] >> Distributions > Cost Center 입력 완료
[2025-01-04 18:08:39,505][erp_ar_v1.py:645] >> Distributions > Cost Center 클릭 완료
[2025-01-04 18:08:41,598][erp_ar_v1.py:652] >> Distributions > Project 입력 완료
[2025-01-04 18:08:44,695][erp_ar_v1.py:659] >> Distributions > Project 클릭 완료
[2025-01-04 18:08:46,775][erp_ar_v1.py:667] >> Distributions > OK 버튼 클릭 완료
[2025-01-04 18:08:52,931][erp_ar_v1.py:686] >> Save 우측 화살표버튼 클릭 완료
[2025-01-04 18:08:56,002][erp_ar_v1.py:694] >> Save and Close 클릭 완료
[2025-01-04 18:08:59,071][erp_ar_v1.py:700] >> Billing 화면에서 Alert창 내 OK버튼 클릭 완료
[2025-01-04 18:08:59,072][erp_ar_v1.py:708] >> AR 발행완료 : ART241217이수임0901
[2025-01-04 18:08:59,252][erp_ar_v1.py:367] >> --------------------------------------------------
[2025-01-04 18:08:59,252][erp_ar_v1.py:368] >> ART241217이수임0902 : AR 발행 시작!!
[2025-01-04 18:08:59,291][erp_ar_v1.py:382] >> Tasks 이미지 클릭 완료
[2025-01-04 18:08:59,863][erp_ar_v1.py:388] >> Create Transaction 클릭 완료
[2025-01-04 18:09:03,548][erp_ar_v1.py:401] >> Transaction Source 입력 완료
[2025-01-04 18:09:05,636][erp_ar_v1.py:411] >> Transaction Type : 매출유형 입력 완료
[2025-01-04 18:09:07,687][erp_ar_v1.py:418] >> Transaction Number : 전표번호 입력 완료
[2025-01-04 18:09:09,785][erp_ar_v1.py:427] >> Transaction Date : AR 작성일자 입력 완료
[2025-01-04 18:09:11,873][erp_ar_v1.py:436] >> Accounting Date : 계산서 발행일자 입력 완료
[2025-01-04 18:09:13,944][erp_ar_v1.py:444] >> Bill-to Name	입력 완료
[2025-01-04 18:09:16,030][erp_ar_v1.py:454] >> Payment Terms : 수금조건 입력 완료
[2025-01-04 18:09:18,123][erp_ar_v1.py:462] >> Show More 클릭 완료
[2025-01-04 18:09:20,211][erp_ar_v1.py:470] >> Miscellaneous 클릭 완료
[2025-01-04 18:09:22,299][erp_ar_v1.py:479] >> Structured Payment Reference : 적요 입력 완료
[2025-01-04 18:09:24,378][erp_ar_v1.py:486] >> 세무 증빙 유형 입력 완료
[2025-01-04 18:09:26,441][erp_ar_v1.py:493] >> 역발행여부 입력 완료
[2025-01-04 18:09:28,512][erp_ar_v1.py:500] >> 작성자 E-Mail 입력 완료
[2025-01-04 18:09:28,512][erp_ar_v1.py:507] >> 1번째 ids_count
[2025-01-04 18:09:30,601][erp_ar_v1.py:517] >> Memo Line 입력 완료
[2025-01-04 18:09:32,705][erp_ar_v1.py:527] >> Description 입력 완료
[2025-01-04 18:09:34,775][erp_ar_v1.py:534] >> Quantity 완료
[2025-01-04 18:09:36,850][erp_ar_v1.py:541] >> Unit Price 완료
[2025-01-04 18:09:36,958][erp_ar_v1.py:726] >> error msg : Message: stale element reference: stale element not found
  (Session info: chrome=131.0.6778.205); For documentation on this error, please visit: https://www.selenium.dev/documentation/webdriver/troubleshooting/errors#stale-element-reference-exception
Stacktrace:
0   chromedriver                        0x00000001051af184 cxxbridge1$str$ptr + 3626716
1   chromedriver                        0x00000001051a79d4 cxxbridge1$str$ptr + 3596076
2   chromedriver                        0x0000000104c14968 cxxbridge1$string$len + 89228
3   chromedriver                        0x0000000104c23d64 cxxbridge1$string$len + 151688
4   chromedriver                        0x0000000104c229f0 cxxbridge1$string$len + 146708
5   chromedriver                        0x0000000104c1a138 cxxbridge1$string$len + 111708
6   chromedriver                        0x0000000104c18a08 cxxbridge1$string$len + 105772
7   chromedriver                        0x0000000104c1b89c cxxbridge1$string$len + 117696
8   chromedriver                        0x0000000104c1b944 cxxbridge1$string$len + 117864
9   chromedriver                        0x0000000104c53ccc cxxbridge1$string$len + 348144
10  chromedriver                        0x0000000104c52a7c cxxbridge1$string$len + 343456
11  chromedriver                        0x0000000104c4eec8 cxxbridge1$string$len + 328172
12  chromedriver                        0x0000000104c925b4 cxxbridge1$string$len + 604376
13  chromedriver                        0x0000000104c4d568 cxxbridge1$string$len + 321676
14  chromedriver                        0x0000000104c4e1b8 cxxbridge1$string$len + 324828
15  chromedriver                        0x000000010517a9ac cxxbridge1$str$ptr + 3411716
16  chromedriver                        0x000000010517dccc cxxbridge1$str$ptr + 3424804
17  chromedriver                        0x000000010516186c cxxbridge1$str$ptr + 3308996
18  chromedriver                        0x000000010517e58c cxxbridge1$str$ptr + 3427044
19  chromedriver                        0x000000010515309c cxxbridge1$str$ptr + 3249652
20  chromedriver                        0x00000001051984b8 cxxbridge1$str$ptr + 3533328
21  chromedriver                        0x0000000105198634 cxxbridge1$str$ptr + 3533708
22  chromedriver                        0x00000001051a7648 cxxbridge1$str$ptr + 3595168
23  libsystem_pthread.dylib             0x0000000184d05f94 _pthread_start + 136
24  libsystem_pthread.dylib             0x0000000184d00d34 thread_start + 8

[2025-01-04 18:09:36,958][erp_ar_v1.py:727] >> 4) Transaction 생성 및 General Information 등록 <<< 실패
[2025-01-04 18:09:36,958][erp_ar_v1.py:728] >> --------------------------------------------------
[2025-01-04 18:09:36,958][erp_ar_v1.py:729] >> ART241217이수임0902 : 오류 발생으로 삭제 진행
[2025-01-04 18:09:36,958][erp_ar_v1.py:730] >> GI_RegisterYN : N
[2025-01-04 18:09:36,958][erp_ar_v1.py:735] >> General Information 저장 안된 상태(= Transaction Number가 등록안됨)
[2025-01-04 18:09:38,986][erp_ar_v1.py:1036] >> --------------------------------------------------
[2025-01-04 18:09:38,986][erp_ar_v1.py:1037] >> 현재 모듈 재구동 횟 수 : 3회
[2025-01-04 18:09:38,986][erp_ar_v1.py:1038] >> --------------------------------------------------
[2025-01-04 18:09:38,986][erp_ar_v1.py:1036] >> --------------------------------------------------
[2025-01-04 18:09:38,987][erp_ar_v1.py:1037] >> 현재 모듈 재구동 횟 수 : 3회
[2025-01-04 18:09:38,987][erp_ar_v1.py:1038] >> --------------------------------------------------
[2025-01-04 18:11:33,142][erp_ar_v1.py:35] >> ERP AR 발행 Process 및 현재 위치 - 5 depth
[2025-01-04 18:11:33,142][erp_ar_v1.py:36] >> --------------------------------------------------
[2025-01-04 18:11:33,142][erp_ar_v1.py:37] >> --------------------------------------------------
[2025-01-04 18:11:33,142][erp_ar_v1.py:38] >> 1) 설치여부 확인 및 사용자 정보 가져오기 <<< [현재위치]
[2025-01-04 18:11:33,142][erp_ar_v1.py:39] >> 2) 엑셀에 등록된 데이터 기반 json 데이터 생성
[2025-01-04 18:11:33,142][erp_ar_v1.py:40] >> 3) ERP 로그인 및 Receivables > Billing 이동
[2025-01-04 18:11:33,142][erp_ar_v1.py:41] >> 4) Transaction 생성 및 General Information 등록
[2025-01-04 18:11:33,142][erp_ar_v1.py:42] >> 5) Invoice Lines 및 Distribution 등록
[2025-01-04 18:11:33,143][erp_ar_v1.py:58] >> user        = 강이슬
[2025-01-04 18:11:33,143][erp_ar_v1.py:59] >> account     = iskang@hist.co.kr
[2025-01-04 18:11:33,143][erp_ar_v1.py:60] >> password    = Hist7288!
[2025-01-04 18:11:33,143][erp_ar_v1.py:61] >> installed   = Y
[2025-01-04 18:11:33,143][erp_ar_v1.py:62] >> destination = /Users/danniel.kil/Documents/workspace/automation/file/sample.xlsx
[2025-01-04 18:11:33,143][erp_ar_v1.py:82] >> --------------------------------------------------
[2025-01-04 18:11:33,143][erp_ar_v1.py:83] >> --------------------------------------------------
[2025-01-04 18:11:33,143][erp_ar_v1.py:84] >> 1) 설치여부 확인 및 사용자 정보 가져오기
[2025-01-04 18:11:33,143][erp_ar_v1.py:85] >> 2) 엑셀에 등록된 데이터 기반 json 데이터 생성 <<< [현재위치]
[2025-01-04 18:11:33,143][erp_ar_v1.py:86] >> 3) ERP 로그인 및 Receivables > Billing 이동
[2025-01-04 18:11:33,143][erp_ar_v1.py:87] >> 4) Transaction 생성 및 General Information 등록
[2025-01-04 18:11:33,143][erp_ar_v1.py:88] >> 5) Invoice Lines 및 Distribution 등록
[2025-01-04 18:11:33,244][erp_ar_v1.py:204] >> --------------------------------------------------
[2025-01-04 18:11:33,244][erp_ar_v1.py:205] >> ART241217이수임0901 : json 생성 완료
[2025-01-04 18:11:33,245][erp_ar_v1.py:204] >> --------------------------------------------------
[2025-01-04 18:11:33,245][erp_ar_v1.py:205] >> ART241217이수임0902 : json 생성 완료
[2025-01-04 18:11:33,245][erp_ar_v1.py:204] >> --------------------------------------------------
[2025-01-04 18:11:33,245][erp_ar_v1.py:205] >> ART241217이수임0903 : json 생성 완료
[2025-01-04 18:11:33,246][erp_ar_v1.py:204] >> --------------------------------------------------
[2025-01-04 18:11:33,246][erp_ar_v1.py:205] >> ART241217이수임0904 : json 생성 완료
[2025-01-04 18:11:33,246][erp_ar_v1.py:219] >> --------------------------------------------------
[2025-01-04 18:11:33,246][erp_ar_v1.py:233] >> --------------------------------------------------
[2025-01-04 18:11:33,246][erp_ar_v1.py:234] >> --------------------------------------------------
[2025-01-04 18:11:33,246][erp_ar_v1.py:235] >> 1) 설치여부 확인 및 사용자 정보 가져오기
[2025-01-04 18:11:33,246][erp_ar_v1.py:236] >> 2) 엑셀에 등록된 데이터 기반 json 데이터 생성
[2025-01-04 18:11:33,246][erp_ar_v1.py:237] >> 3) ERP 로그인 및 Receivables > Billing 이동 <<< [현재위치]
[2025-01-04 18:11:33,246][erp_ar_v1.py:238] >> 4) Transaction 생성 및 General Information 등록
[2025-01-04 18:11:33,246][erp_ar_v1.py:239] >> 5) Invoice Lines 및 Distribution 등록
[2025-01-04 18:11:40,695][erp_ar_v1.py:264] >> ERP 페이지 이동 완료(화면출력 함)
[2025-01-04 18:11:40,738][erp_ar_v1.py:269] >> displayOK : True
[2025-01-04 18:11:47,766][erp_ar_v1.py:277] >> 로그인 완료
[2025-01-04 18:11:47,768][erp_ar_v1.py:278] >> iskang@hist.co.kr : Hist7288!
[2025-01-04 18:11:47,768][erp_ar_v1.py:280] >> AR Transaction 이동
[2025-01-04 18:11:59,849][erp_ar_v1.py:287] >> 햄버거 버튼 클릭 완료
[2025-01-04 18:12:01,927][erp_ar_v1.py:293] >> Receivables 메뉴 클릭 완료
[2025-01-04 18:12:03,995][erp_ar_v1.py:299] >> Billing 클릭 완료
[2025-01-04 18:12:03,995][erp_ar_v1.py:315] >> --------------------------------------------------
[2025-01-04 18:12:03,995][erp_ar_v1.py:316] >> --------------------------------------------------
[2025-01-04 18:12:03,995][erp_ar_v1.py:317] >> 1) 설치여부 확인 및 사용자 정보 가져오기
[2025-01-04 18:12:03,995][erp_ar_v1.py:318] >> 2) 엑셀에 등록된 데이터 기반 json 데이터 생성
[2025-01-04 18:12:03,995][erp_ar_v1.py:319] >> 3) ERP 로그인 및 Receivables > Billing 이동
[2025-01-04 18:12:03,995][erp_ar_v1.py:320] >> 4) Transaction 생성 및 General Information 등록 <<< [현재위치]
[2025-01-04 18:12:03,995][erp_ar_v1.py:321] >> 5) Invoice Lines 및 Distribution 등록
[2025-01-04 18:12:03,996][erp_ar_v1.py:353] >> --------------------------------------------------
[2025-01-04 18:12:03,996][erp_ar_v1.py:354] >> ART241217이수임0901 : 기발행된 AR 입니다.
[2025-01-04 18:12:03,996][erp_ar_v1.py:367] >> --------------------------------------------------
[2025-01-04 18:12:03,996][erp_ar_v1.py:368] >> ART241217이수임0902 : AR 발행 시작!!
[2025-01-04 18:12:04,051][erp_ar_v1.py:382] >> Tasks 이미지 클릭 완료
[2025-01-04 18:12:05,154][erp_ar_v1.py:388] >> Create Transaction 클릭 완료
[2025-01-04 18:12:10,460][erp_ar_v1.py:401] >> Transaction Source 입력 완료
[2025-01-04 18:12:12,538][erp_ar_v1.py:411] >> Transaction Type : 매출유형 입력 완료
[2025-01-04 18:12:14,606][erp_ar_v1.py:418] >> Transaction Number : 전표번호 입력 완료
[2025-01-04 18:12:16,694][erp_ar_v1.py:427] >> Transaction Date : AR 작성일자 입력 완료
[2025-01-04 18:12:18,785][erp_ar_v1.py:436] >> Accounting Date : 계산서 발행일자 입력 완료
[2025-01-04 18:12:20,842][erp_ar_v1.py:444] >> Bill-to Name	입력 완료
[2025-01-04 18:12:22,924][erp_ar_v1.py:454] >> Payment Terms : 수금조건 입력 완료
[2025-01-04 18:12:25,009][erp_ar_v1.py:462] >> Show More 클릭 완료
[2025-01-04 18:12:27,087][erp_ar_v1.py:470] >> Miscellaneous 클릭 완료
[2025-01-04 18:12:29,173][erp_ar_v1.py:479] >> Structured Payment Reference : 적요 입력 완료
[2025-01-04 18:12:31,237][erp_ar_v1.py:486] >> 세무 증빙 유형 입력 완료
[2025-01-04 18:12:33,295][erp_ar_v1.py:493] >> 역발행여부 입력 완료
[2025-01-04 18:12:35,367][erp_ar_v1.py:500] >> 작성자 E-Mail 입력 완료
[2025-01-04 18:12:35,368][erp_ar_v1.py:507] >> 1번째 ids_count
[2025-01-04 18:12:37,446][erp_ar_v1.py:517] >> Memo Line 입력 완료
[2025-01-04 18:12:39,545][erp_ar_v1.py:527] >> Description 입력 완료
[2025-01-04 18:12:41,618][erp_ar_v1.py:534] >> Quantity 완료
[2025-01-04 18:12:43,686][erp_ar_v1.py:541] >> Unit Price 완료
[2025-01-04 18:12:45,772][erp_ar_v1.py:551] >> Tax Classification 완료
[2025-01-04 18:12:45,772][erp_ar_v1.py:507] >> 2번째 ids_count
[2025-01-04 18:12:47,849][erp_ar_v1.py:517] >> Memo Line 입력 완료
[2025-01-04 18:12:49,942][erp_ar_v1.py:527] >> Description 입력 완료
[2025-01-04 18:12:52,012][erp_ar_v1.py:534] >> Quantity 완료
[2025-01-04 18:12:54,081][erp_ar_v1.py:541] >> Unit Price 완료
[2025-01-04 18:12:56,167][erp_ar_v1.py:551] >> Tax Classification 완료
[2025-01-04 18:12:58,233][erp_ar_v1.py:562] >> Save 완료
[2025-01-04 18:13:28,523][erp_ar_v1.py:726] >> error msg : Message: 
Stacktrace:
0   chromedriver                        0x000000010112b184 cxxbridge1$str$ptr + 3626716
1   chromedriver                        0x00000001011239d4 cxxbridge1$str$ptr + 3596076
2   chromedriver                        0x0000000100b90968 cxxbridge1$string$len + 89228
3   chromedriver                        0x0000000100bd4d50 cxxbridge1$string$len + 368756
4   chromedriver                        0x0000000100c0e5b4 cxxbridge1$string$len + 604376
5   chromedriver                        0x0000000100bc9568 cxxbridge1$string$len + 321676
6   chromedriver                        0x0000000100bca1b8 cxxbridge1$string$len + 324828
7   chromedriver                        0x00000001010f69ac cxxbridge1$str$ptr + 3411716
8   chromedriver                        0x00000001010f9ccc cxxbridge1$str$ptr + 3424804
9   chromedriver                        0x00000001010dd86c cxxbridge1$str$ptr + 3308996
10  chromedriver                        0x00000001010fa58c cxxbridge1$str$ptr + 3427044
11  chromedriver                        0x00000001010cf09c cxxbridge1$str$ptr + 3249652
12  chromedriver                        0x00000001011144b8 cxxbridge1$str$ptr + 3533328
13  chromedriver                        0x0000000101114634 cxxbridge1$str$ptr + 3533708
14  chromedriver                        0x0000000101123648 cxxbridge1$str$ptr + 3595168
15  libsystem_pthread.dylib             0x0000000184d05f94 _pthread_start + 136
16  libsystem_pthread.dylib             0x0000000184d00d34 thread_start + 8

[2025-01-04 18:13:28,523][erp_ar_v1.py:727] >> 4) Transaction 생성 및 General Information 등록 <<< 실패
[2025-01-04 18:13:28,524][erp_ar_v1.py:728] >> --------------------------------------------------
[2025-01-04 18:13:28,524][erp_ar_v1.py:729] >> ART241217이수임0902 : 오류 발생으로 삭제 진행
[2025-01-04 18:13:28,524][erp_ar_v1.py:730] >> GI_RegisterYN : N
[2025-01-04 18:13:28,524][erp_ar_v1.py:735] >> General Information 저장 안된 상태(= Transaction Number가 등록안됨)
[2025-01-04 18:13:30,554][erp_ar_v1.py:740] >> 만약 AR 문서가 등록되어 있는 경우 삭제프로세스 진행
[2025-01-04 18:13:32,607][erp_ar_v1.py:746] >> 1 - This transaction number already exists. Enter a unique transaction number. (AR-855040)
[2025-01-04 18:13:34,688][erp_ar_v1.py:754] >> 1 - Cancel
[2025-01-04 18:13:36,753][erp_ar_v1.py:760] >> Your changes aren''t saved. If you leave this page, then your changes will be lost. Do you want to continue? >>> Yes 클릭 완료
[2025-01-04 18:13:38,831][erp_ar_v1.py:780] >> 2
[2025-01-04 18:13:40,909][erp_ar_v1.py:786] >> 3
[2025-01-04 18:13:42,980][erp_ar_v1.py:792] >> 4
[2025-01-04 18:13:45,051][erp_ar_v1.py:800] >> 5
[2025-01-04 18:13:47,128][erp_ar_v1.py:813] >> 6
[2025-01-04 18:13:49,197][erp_ar_v1.py:821] >> You're about to delete incomplete transaction. Do you want to continue? >>> Yes 클릭 완료
[2025-01-04 18:13:51,269][erp_ar_v1.py:833] >> 7
[2025-01-04 18:14:02,328][erp_ar_v1.py:35] >> ERP AR 발행 Process 및 현재 위치 - 5 depth
[2025-01-04 18:14:02,328][erp_ar_v1.py:36] >> --------------------------------------------------
[2025-01-04 18:14:02,328][erp_ar_v1.py:37] >> --------------------------------------------------
[2025-01-04 18:14:02,328][erp_ar_v1.py:38] >> 1) 설치여부 확인 및 사용자 정보 가져오기 <<< [현재위치]
[2025-01-04 18:14:02,328][erp_ar_v1.py:39] >> 2) 엑셀에 등록된 데이터 기반 json 데이터 생성
[2025-01-04 18:14:02,328][erp_ar_v1.py:40] >> 3) ERP 로그인 및 Receivables > Billing 이동
[2025-01-04 18:14:02,328][erp_ar_v1.py:41] >> 4) Transaction 생성 및 General Information 등록
[2025-01-04 18:14:02,328][erp_ar_v1.py:42] >> 5) Invoice Lines 및 Distribution 등록
[2025-01-04 18:14:02,328][erp_ar_v1.py:58] >> user        = 강이슬
[2025-01-04 18:14:02,328][erp_ar_v1.py:59] >> account     = iskang@hist.co.kr
[2025-01-04 18:14:02,328][erp_ar_v1.py:60] >> password    = Hist7288!
[2025-01-04 18:14:02,328][erp_ar_v1.py:61] >> installed   = Y
[2025-01-04 18:14:02,328][erp_ar_v1.py:62] >> destination = /Users/danniel.kil/Documents/workspace/automation/file/sample.xlsx
[2025-01-04 18:14:02,329][erp_ar_v1.py:82] >> --------------------------------------------------
[2025-01-04 18:14:02,329][erp_ar_v1.py:83] >> --------------------------------------------------
[2025-01-04 18:14:02,329][erp_ar_v1.py:84] >> 1) 설치여부 확인 및 사용자 정보 가져오기
[2025-01-04 18:14:02,329][erp_ar_v1.py:85] >> 2) 엑셀에 등록된 데이터 기반 json 데이터 생성 <<< [현재위치]
[2025-01-04 18:14:02,329][erp_ar_v1.py:86] >> 3) ERP 로그인 및 Receivables > Billing 이동
[2025-01-04 18:14:02,329][erp_ar_v1.py:87] >> 4) Transaction 생성 및 General Information 등록
[2025-01-04 18:14:02,329][erp_ar_v1.py:88] >> 5) Invoice Lines 및 Distribution 등록
[2025-01-04 18:14:02,430][erp_ar_v1.py:204] >> --------------------------------------------------
[2025-01-04 18:14:02,430][erp_ar_v1.py:205] >> ART241217이수임0901 : json 생성 완료
[2025-01-04 18:14:02,431][erp_ar_v1.py:204] >> --------------------------------------------------
[2025-01-04 18:14:02,431][erp_ar_v1.py:205] >> ART241217이수임0902 : json 생성 완료
[2025-01-04 18:14:02,431][erp_ar_v1.py:204] >> --------------------------------------------------
[2025-01-04 18:14:02,431][erp_ar_v1.py:205] >> ART241217이수임0903 : json 생성 완료
[2025-01-04 18:14:02,432][erp_ar_v1.py:204] >> --------------------------------------------------
[2025-01-04 18:14:02,432][erp_ar_v1.py:205] >> ART241217이수임0904 : json 생성 완료
[2025-01-04 18:14:02,432][erp_ar_v1.py:219] >> --------------------------------------------------
[2025-01-04 18:14:02,432][erp_ar_v1.py:233] >> --------------------------------------------------
[2025-01-04 18:14:02,432][erp_ar_v1.py:234] >> --------------------------------------------------
[2025-01-04 18:14:02,432][erp_ar_v1.py:235] >> 1) 설치여부 확인 및 사용자 정보 가져오기
[2025-01-04 18:14:02,432][erp_ar_v1.py:236] >> 2) 엑셀에 등록된 데이터 기반 json 데이터 생성
[2025-01-04 18:14:02,432][erp_ar_v1.py:237] >> 3) ERP 로그인 및 Receivables > Billing 이동 <<< [현재위치]
[2025-01-04 18:14:02,432][erp_ar_v1.py:238] >> 4) Transaction 생성 및 General Information 등록
[2025-01-04 18:14:02,432][erp_ar_v1.py:239] >> 5) Invoice Lines 및 Distribution 등록
[2025-01-04 18:14:10,201][erp_ar_v1.py:264] >> ERP 페이지 이동 완료(화면출력 함)
[2025-01-04 18:14:10,244][erp_ar_v1.py:269] >> displayOK : True
[2025-01-04 18:14:17,925][erp_ar_v1.py:277] >> 로그인 완료
[2025-01-04 18:14:17,925][erp_ar_v1.py:278] >> iskang@hist.co.kr : Hist7288!
[2025-01-04 18:14:17,925][erp_ar_v1.py:280] >> AR Transaction 이동
[2025-01-04 18:14:30,004][erp_ar_v1.py:287] >> 햄버거 버튼 클릭 완료
[2025-01-04 18:14:32,073][erp_ar_v1.py:293] >> Receivables 메뉴 클릭 완료
[2025-01-04 18:14:34,148][erp_ar_v1.py:299] >> Billing 클릭 완료
[2025-01-04 18:14:34,148][erp_ar_v1.py:315] >> --------------------------------------------------
[2025-01-04 18:14:34,148][erp_ar_v1.py:316] >> --------------------------------------------------
[2025-01-04 18:14:34,149][erp_ar_v1.py:317] >> 1) 설치여부 확인 및 사용자 정보 가져오기
[2025-01-04 18:14:34,149][erp_ar_v1.py:318] >> 2) 엑셀에 등록된 데이터 기반 json 데이터 생성
[2025-01-04 18:14:34,149][erp_ar_v1.py:319] >> 3) ERP 로그인 및 Receivables > Billing 이동
[2025-01-04 18:14:34,149][erp_ar_v1.py:320] >> 4) Transaction 생성 및 General Information 등록 <<< [현재위치]
[2025-01-04 18:14:34,149][erp_ar_v1.py:321] >> 5) Invoice Lines 및 Distribution 등록
[2025-01-04 18:14:34,151][erp_ar_v1.py:353] >> --------------------------------------------------
[2025-01-04 18:14:34,151][erp_ar_v1.py:354] >> ART241217이수임0901 : 기발행된 AR 입니다.
[2025-01-04 18:14:34,151][erp_ar_v1.py:367] >> --------------------------------------------------
[2025-01-04 18:14:34,152][erp_ar_v1.py:368] >> ART241217이수임0902 : AR 발행 시작!!
[2025-01-04 18:14:34,215][erp_ar_v1.py:382] >> Tasks 이미지 클릭 완료
[2025-01-04 18:14:35,393][erp_ar_v1.py:388] >> Create Transaction 클릭 완료
[2025-01-04 18:14:40,749][erp_ar_v1.py:401] >> Transaction Source 입력 완료
[2025-01-04 18:14:42,848][erp_ar_v1.py:411] >> Transaction Type : 매출유형 입력 완료
[2025-01-04 18:14:44,910][erp_ar_v1.py:418] >> Transaction Number : 전표번호 입력 완료
[2025-01-04 18:14:46,991][erp_ar_v1.py:427] >> Transaction Date : AR 작성일자 입력 완료
[2025-01-04 18:14:49,087][erp_ar_v1.py:436] >> Accounting Date : 계산서 발행일자 입력 완료
[2025-01-04 18:14:51,144][erp_ar_v1.py:444] >> Bill-to Name	입력 완료
[2025-01-04 18:14:53,206][erp_ar_v1.py:454] >> Payment Terms : 수금조건 입력 완료
[2025-01-04 18:14:55,284][erp_ar_v1.py:462] >> Show More 클릭 완료
[2025-01-04 18:14:57,366][erp_ar_v1.py:470] >> Miscellaneous 클릭 완료
[2025-01-04 18:14:59,452][erp_ar_v1.py:479] >> Structured Payment Reference : 적요 입력 완료
[2025-01-04 18:15:01,511][erp_ar_v1.py:486] >> 세무 증빙 유형 입력 완료
[2025-01-04 18:15:03,571][erp_ar_v1.py:493] >> 역발행여부 입력 완료
[2025-01-04 18:15:05,618][erp_ar_v1.py:500] >> 작성자 E-Mail 입력 완료
[2025-01-04 18:15:05,618][erp_ar_v1.py:507] >> 1번째 ids_count
[2025-01-04 18:15:07,704][erp_ar_v1.py:517] >> Memo Line 입력 완료
[2025-01-04 18:15:09,797][erp_ar_v1.py:527] >> Description 입력 완료
[2025-01-04 18:15:11,871][erp_ar_v1.py:534] >> Quantity 완료
[2025-01-04 18:15:13,933][erp_ar_v1.py:541] >> Unit Price 완료
[2025-01-04 18:15:16,017][erp_ar_v1.py:551] >> Tax Classification 완료
[2025-01-04 18:15:16,018][erp_ar_v1.py:507] >> 2번째 ids_count
[2025-01-04 18:15:18,100][erp_ar_v1.py:517] >> Memo Line 입력 완료
[2025-01-04 18:15:20,192][erp_ar_v1.py:527] >> Description 입력 완료
[2025-01-04 18:15:22,265][erp_ar_v1.py:534] >> Quantity 완료
[2025-01-04 18:15:24,327][erp_ar_v1.py:541] >> Unit Price 완료
[2025-01-04 18:15:26,417][erp_ar_v1.py:551] >> Tax Classification 완료
[2025-01-04 18:15:28,508][erp_ar_v1.py:562] >> Save 완료
[2025-01-04 18:15:40,591][erp_ar_v1.py:573] >> Action 버튼 클릭 완료
[2025-01-04 18:15:42,666][erp_ar_v1.py:581] >> Edit Distribution 클릭 완료
[2025-01-04 18:15:44,745][erp_ar_v1.py:589] >> Alert창 Yes 클릭 완료
[2025-01-04 18:15:48,815][erp_ar_v1.py:603] >> Edit Distributions > Line Number
[2025-01-04 18:15:52,924][erp_ar_v1.py:611] >> Edit Distributions > Account Class
[2025-01-04 18:15:54,994][erp_ar_v1.py:616] >> Edit Distributions > 돋보기 버튼 클릭 완료
[2025-01-04 18:15:57,063][erp_ar_v1.py:624] >> Distributions > RESP Center 입력 완료
[2025-01-04 18:16:00,166][erp_ar_v1.py:631] >> Distributions > RESP Center 클릭 완료
[2025-01-04 18:16:02,251][erp_ar_v1.py:638] >> Distributions > Cost Center 입력 완료
[2025-01-04 18:16:05,339][erp_ar_v1.py:645] >> Distributions > Cost Center 클릭 완료
[2025-01-04 18:16:07,420][erp_ar_v1.py:652] >> Distributions > Project 입력 완료
[2025-01-04 18:16:10,502][erp_ar_v1.py:659] >> Distributions > Project 클릭 완료
[2025-01-04 18:16:12,581][erp_ar_v1.py:667] >> Distributions > OK 버튼 클릭 완료
[2025-01-04 18:16:18,723][erp_ar_v1.py:686] >> Save 우측 화살표버튼 클릭 완료
[2025-01-04 18:16:21,802][erp_ar_v1.py:694] >> Save and Close 클릭 완료
[2025-01-04 18:16:24,863][erp_ar_v1.py:700] >> Billing 화면에서 Alert창 내 OK버튼 클릭 완료
[2025-01-04 18:16:24,863][erp_ar_v1.py:708] >> AR 발행완료 : ART241217이수임0902
[2025-01-04 18:16:25,042][erp_ar_v1.py:367] >> --------------------------------------------------
[2025-01-04 18:16:25,043][erp_ar_v1.py:368] >> ART241217이수임0903 : AR 발행 시작!!
[2025-01-04 18:16:25,081][erp_ar_v1.py:382] >> Tasks 이미지 클릭 완료
[2025-01-04 18:16:26,178][erp_ar_v1.py:388] >> Create Transaction 클릭 완료
[2025-01-04 18:16:29,798][erp_ar_v1.py:401] >> Transaction Source 입력 완료
[2025-01-04 18:16:31,883][erp_ar_v1.py:411] >> Transaction Type : 매출유형 입력 완료
[2025-01-04 18:16:33,948][erp_ar_v1.py:418] >> Transaction Number : 전표번호 입력 완료
[2025-01-04 18:16:36,048][erp_ar_v1.py:427] >> Transaction Date : AR 작성일자 입력 완료
[2025-01-04 18:16:38,141][erp_ar_v1.py:436] >> Accounting Date : 계산서 발행일자 입력 완료
[2025-01-04 18:16:40,210][erp_ar_v1.py:444] >> Bill-to Name	입력 완료
[2025-01-04 18:16:42,303][erp_ar_v1.py:454] >> Payment Terms : 수금조건 입력 완료
[2025-01-04 18:17:02,459][erp_ar_v1.py:726] >> error msg : Message: 
Stacktrace:
0   chromedriver                        0x0000000102993184 cxxbridge1$str$ptr + 3626716
1   chromedriver                        0x000000010298b9d4 cxxbridge1$str$ptr + 3596076
2   chromedriver                        0x00000001023f8968 cxxbridge1$string$len + 89228
3   chromedriver                        0x000000010243cd50 cxxbridge1$string$len + 368756
4   chromedriver                        0x00000001024765b4 cxxbridge1$string$len + 604376
5   chromedriver                        0x0000000102431568 cxxbridge1$string$len + 321676
6   chromedriver                        0x00000001024321b8 cxxbridge1$string$len + 324828
7   chromedriver                        0x000000010295e9ac cxxbridge1$str$ptr + 3411716
8   chromedriver                        0x0000000102961ccc cxxbridge1$str$ptr + 3424804
9   chromedriver                        0x000000010294586c cxxbridge1$str$ptr + 3308996
10  chromedriver                        0x000000010296258c cxxbridge1$str$ptr + 3427044
11  chromedriver                        0x000000010293709c cxxbridge1$str$ptr + 3249652
12  chromedriver                        0x000000010297c4b8 cxxbridge1$str$ptr + 3533328
13  chromedriver                        0x000000010297c634 cxxbridge1$str$ptr + 3533708
14  chromedriver                        0x000000010298b648 cxxbridge1$str$ptr + 3595168
15  libsystem_pthread.dylib             0x0000000184d05f94 _pthread_start + 136
16  libsystem_pthread.dylib             0x0000000184d00d34 thread_start + 8

[2025-01-04 18:17:02,460][erp_ar_v1.py:727] >> 4) Transaction 생성 및 General Information 등록 <<< 실패
[2025-01-04 18:17:02,460][erp_ar_v1.py:728] >> --------------------------------------------------
[2025-01-04 18:17:02,460][erp_ar_v1.py:729] >> ART241217이수임0903 : 오류 발생으로 삭제 진행
[2025-01-04 18:17:02,460][erp_ar_v1.py:730] >> GI_RegisterYN : N
[2025-01-04 18:17:02,460][erp_ar_v1.py:735] >> General Information 저장 안된 상태(= Transaction Number가 등록안됨)
[2025-01-04 18:17:04,485][erp_ar_v1.py:1036] >> --------------------------------------------------
[2025-01-04 18:17:04,485][erp_ar_v1.py:1037] >> 현재 모듈 재구동 횟 수 : 3회
[2025-01-04 18:17:04,485][erp_ar_v1.py:1038] >> --------------------------------------------------
[2025-01-04 18:17:04,485][erp_ar_v1.py:1036] >> --------------------------------------------------
[2025-01-04 18:17:04,486][erp_ar_v1.py:1037] >> 현재 모듈 재구동 횟 수 : 3회
[2025-01-04 18:17:04,486][erp_ar_v1.py:1038] >> --------------------------------------------------
